
AVRASM ver. 2.1.30  \\Mac\Home\Desktop\Az rizpar\NikiNezakati_98522094_LAB10\code_vision\Debug\List\lab10.asm Sat May 14 17:33:13 2022

\\Mac\Home\Desktop\Az rizpar\NikiNezakati_98522094_LAB10\code_vision\Debug\List\lab10.asm(1088): warning: Register r5 already defined by the .DEF directive
\\Mac\Home\Desktop\Az rizpar\NikiNezakati_98522094_LAB10\code_vision\Debug\List\lab10.asm(1089): warning: Register r4 already defined by the .DEF directive
\\Mac\Home\Desktop\Az rizpar\NikiNezakati_98522094_LAB10\code_vision\Debug\List\lab10.asm(1090): warning: Register r7 already defined by the .DEF directive
\\Mac\Home\Desktop\Az rizpar\NikiNezakati_98522094_LAB10\code_vision\Debug\List\lab10.asm(1091): warning: Register r6 already defined by the .DEF directive
\\Mac\Home\Desktop\Az rizpar\NikiNezakati_98522094_LAB10\code_vision\Debug\List\lab10.asm(1092): warning: Register r9 already defined by the .DEF directive
                 
                 
                 ;CodeVisionAVR C Compiler V3.12 Advanced
                 ;(C) Copyright 1998-2014 Pavel Haiduc, HP InfoTech s.r.l.
                 ;http://www.hpinfotech.com
                 
                 ;Build configuration    : Debug
                 ;Chip type              : ATmega32
                 ;Program type           : Application
                 ;Clock frequency        : 8.000000 MHz
                 ;Memory model           : Small
                 ;Optimize for           : Size
                 ;(s)printf features     : int, width
                 ;(s)scanf features      : int, width
                 ;External RAM size      : 0
                 ;Data Stack size        : 512 byte(s)
                 ;Heap size              : 0 byte(s)
                 ;Promote 'char' to 'int': Yes
                 ;'char' is unsigned     : Yes
                 ;8 bit enums            : Yes
                 ;Global 'const' stored in FLASH: Yes
                 ;Enhanced function parameter passing: Yes
                 ;Enhanced core instructions: On
                 ;Automatic register allocation for global variables: On
                 ;Smart register allocation: On
                 
                 	#define _MODEL_SMALL_
                 
                 	#pragma AVRPART ADMIN PART_NAME ATmega32
                 	#pragma AVRPART MEMORY PROG_FLASH 32768
                 	#pragma AVRPART MEMORY EEPROM 1024
                 	#pragma AVRPART MEMORY INT_SRAM SIZE 2048
                 	#pragma AVRPART MEMORY INT_SRAM START_ADDR 0x60
                 
                 	#define CALL_SUPPORTED 1
                 
                 	.LISTMAC
                 	.EQU UDRE=0x5
                 	.EQU RXC=0x7
                 	.EQU USR=0xB
                 	.EQU UDR=0xC
                 	.EQU SPSR=0xE
                 	.EQU SPDR=0xF
                 	.EQU EERE=0x0
                 	.EQU EEWE=0x1
                 	.EQU EEMWE=0x2
                 	.EQU EECR=0x1C
                 	.EQU EEDR=0x1D
                 	.EQU EEARL=0x1E
                 	.EQU EEARH=0x1F
                 	.EQU WDTCR=0x21
                 	.EQU MCUCR=0x35
                 	.EQU GICR=0x3B
                 	.EQU SPL=0x3D
                 	.EQU SPH=0x3E
                 	.EQU SREG=0x3F
                 
                 	.DEF R0X0=R0
                 	.DEF R0X1=R1
                 	.DEF R0X2=R2
                 	.DEF R0X3=R3
                 	.DEF R0X4=R4
                 	.DEF R0X5=R5
                 	.DEF R0X6=R6
                 	.DEF R0X7=R7
                 	.DEF R0X8=R8
                 	.DEF R0X9=R9
                 	.DEF R0XA=R10
                 	.DEF R0XB=R11
                 	.DEF R0XC=R12
                 	.DEF R0XD=R13
                 	.DEF R0XE=R14
                 	.DEF R0XF=R15
                 	.DEF R0X10=R16
                 	.DEF R0X11=R17
                 	.DEF R0X12=R18
                 	.DEF R0X13=R19
                 	.DEF R0X14=R20
                 	.DEF R0X15=R21
                 	.DEF R0X16=R22
                 	.DEF R0X17=R23
                 	.DEF R0X18=R24
                 	.DEF R0X19=R25
                 	.DEF R0X1A=R26
                 	.DEF R0X1B=R27
                 	.DEF R0X1C=R28
                 	.DEF R0X1D=R29
                 	.DEF R0X1E=R30
                 	.DEF R0X1F=R31
                 
                 	.EQU __SRAM_START=0x0060
                 	.EQU __SRAM_END=0x085F
                 	.EQU __DSTACK_SIZE=0x0200
                 	.EQU __HEAP_SIZE=0x0000
                 	.EQU __CLEAR_SRAM_SIZE=__SRAM_END-__SRAM_START+1
                 
                 	.MACRO __CPD1N
                 	CPI  R30,LOW(@0)
                 	LDI  R26,HIGH(@0)
                 	CPC  R31,R26
                 	LDI  R26,BYTE3(@0)
                 	CPC  R22,R26
                 	LDI  R26,BYTE4(@0)
                 	CPC  R23,R26
                 	.ENDM
                 
                 	.MACRO __CPD2N
                 	CPI  R26,LOW(@0)
                 	LDI  R30,HIGH(@0)
                 	CPC  R27,R30
                 	LDI  R30,BYTE3(@0)
                 	CPC  R24,R30
                 	LDI  R30,BYTE4(@0)
                 	CPC  R25,R30
                 	.ENDM
                 
                 	.MACRO __CPWRR
                 	CP   R@0,R@2
                 	CPC  R@1,R@3
                 	.ENDM
                 
                 	.MACRO __CPWRN
                 	CPI  R@0,LOW(@2)
                 	LDI  R30,HIGH(@2)
                 	CPC  R@1,R30
                 	.ENDM
                 
                 	.MACRO __ADDB1MN
                 	SUBI R30,LOW(-@0-(@1))
                 	.ENDM
                 
                 	.MACRO __ADDB2MN
                 	SUBI R26,LOW(-@0-(@1))
                 	.ENDM
                 
                 	.MACRO __ADDW1MN
                 	SUBI R30,LOW(-@0-(@1))
                 	SBCI R31,HIGH(-@0-(@1))
                 	.ENDM
                 
                 	.MACRO __ADDW2MN
                 	SUBI R26,LOW(-@0-(@1))
                 	SBCI R27,HIGH(-@0-(@1))
                 	.ENDM
                 
                 	.MACRO __ADDW1FN
                 	SUBI R30,LOW(-2*@0-(@1))
                 	SBCI R31,HIGH(-2*@0-(@1))
                 	.ENDM
                 
                 	.MACRO __ADDD1FN
                 	SUBI R30,LOW(-2*@0-(@1))
                 	SBCI R31,HIGH(-2*@0-(@1))
                 	SBCI R22,BYTE3(-2*@0-(@1))
                 	.ENDM
                 
                 	.MACRO __ADDD1N
                 	SUBI R30,LOW(-@0)
                 	SBCI R31,HIGH(-@0)
                 	SBCI R22,BYTE3(-@0)
                 	SBCI R23,BYTE4(-@0)
                 	.ENDM
                 
                 	.MACRO __ADDD2N
                 	SUBI R26,LOW(-@0)
                 	SBCI R27,HIGH(-@0)
                 	SBCI R24,BYTE3(-@0)
                 	SBCI R25,BYTE4(-@0)
                 	.ENDM
                 
                 	.MACRO __SUBD1N
                 	SUBI R30,LOW(@0)
                 	SBCI R31,HIGH(@0)
                 	SBCI R22,BYTE3(@0)
                 	SBCI R23,BYTE4(@0)
                 	.ENDM
                 
                 	.MACRO __SUBD2N
                 	SUBI R26,LOW(@0)
                 	SBCI R27,HIGH(@0)
                 	SBCI R24,BYTE3(@0)
                 	SBCI R25,BYTE4(@0)
                 	.ENDM
                 
                 	.MACRO __ANDBMNN
                 	LDS  R30,@0+(@1)
                 	ANDI R30,LOW(@2)
                 	STS  @0+(@1),R30
                 	.ENDM
                 
                 	.MACRO __ANDWMNN
                 	LDS  R30,@0+(@1)
                 	ANDI R30,LOW(@2)
                 	STS  @0+(@1),R30
                 	LDS  R30,@0+(@1)+1
                 	ANDI R30,HIGH(@2)
                 	STS  @0+(@1)+1,R30
                 	.ENDM
                 
                 	.MACRO __ANDD1N
                 	ANDI R30,LOW(@0)
                 	ANDI R31,HIGH(@0)
                 	ANDI R22,BYTE3(@0)
                 	ANDI R23,BYTE4(@0)
                 	.ENDM
                 
                 	.MACRO __ANDD2N
                 	ANDI R26,LOW(@0)
                 	ANDI R27,HIGH(@0)
                 	ANDI R24,BYTE3(@0)
                 	ANDI R25,BYTE4(@0)
                 	.ENDM
                 
                 	.MACRO __ORBMNN
                 	LDS  R30,@0+(@1)
                 	ORI  R30,LOW(@2)
                 	STS  @0+(@1),R30
                 	.ENDM
                 
                 	.MACRO __ORWMNN
                 	LDS  R30,@0+(@1)
                 	ORI  R30,LOW(@2)
                 	STS  @0+(@1),R30
                 	LDS  R30,@0+(@1)+1
                 	ORI  R30,HIGH(@2)
                 	STS  @0+(@1)+1,R30
                 	.ENDM
                 
                 	.MACRO __ORD1N
                 	ORI  R30,LOW(@0)
                 	ORI  R31,HIGH(@0)
                 	ORI  R22,BYTE3(@0)
                 	ORI  R23,BYTE4(@0)
                 	.ENDM
                 
                 	.MACRO __ORD2N
                 	ORI  R26,LOW(@0)
                 	ORI  R27,HIGH(@0)
                 	ORI  R24,BYTE3(@0)
                 	ORI  R25,BYTE4(@0)
                 	.ENDM
                 
                 	.MACRO __DELAY_USB
                 	LDI  R24,LOW(@0)
                 __DELAY_USB_LOOP:
                 	DEC  R24
                 	BRNE __DELAY_USB_LOOP
                 	.ENDM
                 
                 	.MACRO __DELAY_USW
                 	LDI  R24,LOW(@0)
                 	LDI  R25,HIGH(@0)
                 __DELAY_USW_LOOP:
                 	SBIW R24,1
                 	BRNE __DELAY_USW_LOOP
                 	.ENDM
                 
                 	.MACRO __GETD1S
                 	LDD  R30,Y+@0
                 	LDD  R31,Y+@0+1
                 	LDD  R22,Y+@0+2
                 	LDD  R23,Y+@0+3
                 	.ENDM
                 
                 	.MACRO __GETD2S
                 	LDD  R26,Y+@0
                 	LDD  R27,Y+@0+1
                 	LDD  R24,Y+@0+2
                 	LDD  R25,Y+@0+3
                 	.ENDM
                 
                 	.MACRO __PUTD1S
                 	STD  Y+@0,R30
                 	STD  Y+@0+1,R31
                 	STD  Y+@0+2,R22
                 	STD  Y+@0+3,R23
                 	.ENDM
                 
                 	.MACRO __PUTD2S
                 	STD  Y+@0,R26
                 	STD  Y+@0+1,R27
                 	STD  Y+@0+2,R24
                 	STD  Y+@0+3,R25
                 	.ENDM
                 
                 	.MACRO __PUTDZ2
                 	STD  Z+@0,R26
                 	STD  Z+@0+1,R27
                 	STD  Z+@0+2,R24
                 	STD  Z+@0+3,R25
                 	.ENDM
                 
                 	.MACRO __CLRD1S
                 	STD  Y+@0,R30
                 	STD  Y+@0+1,R30
                 	STD  Y+@0+2,R30
                 	STD  Y+@0+3,R30
                 	.ENDM
                 
                 	.MACRO __POINTB1MN
                 	LDI  R30,LOW(@0+(@1))
                 	.ENDM
                 
                 	.MACRO __POINTW1MN
                 	LDI  R30,LOW(@0+(@1))
                 	LDI  R31,HIGH(@0+(@1))
                 	.ENDM
                 
                 	.MACRO __POINTD1M
                 	LDI  R30,LOW(@0)
                 	LDI  R31,HIGH(@0)
                 	LDI  R22,BYTE3(@0)
                 	LDI  R23,BYTE4(@0)
                 	.ENDM
                 
                 	.MACRO __POINTW1FN
                 	LDI  R30,LOW(2*@0+(@1))
                 	LDI  R31,HIGH(2*@0+(@1))
                 	.ENDM
                 
                 	.MACRO __POINTD1FN
                 	LDI  R30,LOW(2*@0+(@1))
                 	LDI  R31,HIGH(2*@0+(@1))
                 	LDI  R22,BYTE3(2*@0+(@1))
                 	LDI  R23,BYTE4(2*@0+(@1))
                 	.ENDM
                 
                 	.MACRO __POINTB2MN
                 	LDI  R26,LOW(@0+(@1))
                 	.ENDM
                 
                 	.MACRO __POINTW2MN
                 	LDI  R26,LOW(@0+(@1))
                 	LDI  R27,HIGH(@0+(@1))
                 	.ENDM
                 
                 	.MACRO __POINTW2FN
                 	LDI  R26,LOW(2*@0+(@1))
                 	LDI  R27,HIGH(2*@0+(@1))
                 	.ENDM
                 
                 	.MACRO __POINTD2FN
                 	LDI  R26,LOW(2*@0+(@1))
                 	LDI  R27,HIGH(2*@0+(@1))
                 	LDI  R24,BYTE3(2*@0+(@1))
                 	LDI  R25,BYTE4(2*@0+(@1))
                 	.ENDM
                 
                 	.MACRO __POINTBRM
                 	LDI  R@0,LOW(@1)
                 	.ENDM
                 
                 	.MACRO __POINTWRM
                 	LDI  R@0,LOW(@2)
                 	LDI  R@1,HIGH(@2)
                 	.ENDM
                 
                 	.MACRO __POINTBRMN
                 	LDI  R@0,LOW(@1+(@2))
                 	.ENDM
                 
                 	.MACRO __POINTWRMN
                 	LDI  R@0,LOW(@2+(@3))
                 	LDI  R@1,HIGH(@2+(@3))
                 	.ENDM
                 
                 	.MACRO __POINTWRFN
                 	LDI  R@0,LOW(@2*2+(@3))
                 	LDI  R@1,HIGH(@2*2+(@3))
                 	.ENDM
                 
                 	.MACRO __GETD1N
                 	LDI  R30,LOW(@0)
                 	LDI  R31,HIGH(@0)
                 	LDI  R22,BYTE3(@0)
                 	LDI  R23,BYTE4(@0)
                 	.ENDM
                 
                 	.MACRO __GETD2N
                 	LDI  R26,LOW(@0)
                 	LDI  R27,HIGH(@0)
                 	LDI  R24,BYTE3(@0)
                 	LDI  R25,BYTE4(@0)
                 	.ENDM
                 
                 	.MACRO __GETB1MN
                 	LDS  R30,@0+(@1)
                 	.ENDM
                 
                 	.MACRO __GETB1HMN
                 	LDS  R31,@0+(@1)
                 	.ENDM
                 
                 	.MACRO __GETW1MN
                 	LDS  R30,@0+(@1)
                 	LDS  R31,@0+(@1)+1
                 	.ENDM
                 
                 	.MACRO __GETD1MN
                 	LDS  R30,@0+(@1)
                 	LDS  R31,@0+(@1)+1
                 	LDS  R22,@0+(@1)+2
                 	LDS  R23,@0+(@1)+3
                 	.ENDM
                 
                 	.MACRO __GETBRMN
                 	LDS  R@0,@1+(@2)
                 	.ENDM
                 
                 	.MACRO __GETWRMN
                 	LDS  R@0,@2+(@3)
                 	LDS  R@1,@2+(@3)+1
                 	.ENDM
                 
                 	.MACRO __GETWRZ
                 	LDD  R@0,Z+@2
                 	LDD  R@1,Z+@2+1
                 	.ENDM
                 
                 	.MACRO __GETD2Z
                 	LDD  R26,Z+@0
                 	LDD  R27,Z+@0+1
                 	LDD  R24,Z+@0+2
                 	LDD  R25,Z+@0+3
                 	.ENDM
                 
                 	.MACRO __GETB2MN
                 	LDS  R26,@0+(@1)
                 	.ENDM
                 
                 	.MACRO __GETW2MN
                 	LDS  R26,@0+(@1)
                 	LDS  R27,@0+(@1)+1
                 	.ENDM
                 
                 	.MACRO __GETD2MN
                 	LDS  R26,@0+(@1)
                 	LDS  R27,@0+(@1)+1
                 	LDS  R24,@0+(@1)+2
                 	LDS  R25,@0+(@1)+3
                 	.ENDM
                 
                 	.MACRO __PUTB1MN
                 	STS  @0+(@1),R30
                 	.ENDM
                 
                 	.MACRO __PUTW1MN
                 	STS  @0+(@1),R30
                 	STS  @0+(@1)+1,R31
                 	.ENDM
                 
                 	.MACRO __PUTD1MN
                 	STS  @0+(@1),R30
                 	STS  @0+(@1)+1,R31
                 	STS  @0+(@1)+2,R22
                 	STS  @0+(@1)+3,R23
                 	.ENDM
                 
                 	.MACRO __PUTB1EN
                 	LDI  R26,LOW(@0+(@1))
                 	LDI  R27,HIGH(@0+(@1))
                 	CALL __EEPROMWRB
                 	.ENDM
                 
                 	.MACRO __PUTW1EN
                 	LDI  R26,LOW(@0+(@1))
                 	LDI  R27,HIGH(@0+(@1))
                 	CALL __EEPROMWRW
                 	.ENDM
                 
                 	.MACRO __PUTD1EN
                 	LDI  R26,LOW(@0+(@1))
                 	LDI  R27,HIGH(@0+(@1))
                 	CALL __EEPROMWRD
                 	.ENDM
                 
                 	.MACRO __PUTBR0MN
                 	STS  @0+(@1),R0
                 	.ENDM
                 
                 	.MACRO __PUTBMRN
                 	STS  @0+(@1),R@2
                 	.ENDM
                 
                 	.MACRO __PUTWMRN
                 	STS  @0+(@1),R@2
                 	STS  @0+(@1)+1,R@3
                 	.ENDM
                 
                 	.MACRO __PUTBZR
                 	STD  Z+@1,R@0
                 	.ENDM
                 
                 	.MACRO __PUTWZR
                 	STD  Z+@2,R@0
                 	STD  Z+@2+1,R@1
                 	.ENDM
                 
                 	.MACRO __GETW1R
                 	MOV  R30,R@0
                 	MOV  R31,R@1
                 	.ENDM
                 
                 	.MACRO __GETW2R
                 	MOV  R26,R@0
                 	MOV  R27,R@1
                 	.ENDM
                 
                 	.MACRO __GETWRN
                 	LDI  R@0,LOW(@2)
                 	LDI  R@1,HIGH(@2)
                 	.ENDM
                 
                 	.MACRO __PUTW1R
                 	MOV  R@0,R30
                 	MOV  R@1,R31
                 	.ENDM
                 
                 	.MACRO __PUTW2R
                 	MOV  R@0,R26
                 	MOV  R@1,R27
                 	.ENDM
                 
                 	.MACRO __ADDWRN
                 	SUBI R@0,LOW(-@2)
                 	SBCI R@1,HIGH(-@2)
                 	.ENDM
                 
                 	.MACRO __ADDWRR
                 	ADD  R@0,R@2
                 	ADC  R@1,R@3
                 	.ENDM
                 
                 	.MACRO __SUBWRN
                 	SUBI R@0,LOW(@2)
                 	SBCI R@1,HIGH(@2)
                 	.ENDM
                 
                 	.MACRO __SUBWRR
                 	SUB  R@0,R@2
                 	SBC  R@1,R@3
                 	.ENDM
                 
                 	.MACRO __ANDWRN
                 	ANDI R@0,LOW(@2)
                 	ANDI R@1,HIGH(@2)
                 	.ENDM
                 
                 	.MACRO __ANDWRR
                 	AND  R@0,R@2
                 	AND  R@1,R@3
                 	.ENDM
                 
                 	.MACRO __ORWRN
                 	ORI  R@0,LOW(@2)
                 	ORI  R@1,HIGH(@2)
                 	.ENDM
                 
                 	.MACRO __ORWRR
                 	OR   R@0,R@2
                 	OR   R@1,R@3
                 	.ENDM
                 
                 	.MACRO __EORWRR
                 	EOR  R@0,R@2
                 	EOR  R@1,R@3
                 	.ENDM
                 
                 	.MACRO __GETWRS
                 	LDD  R@0,Y+@2
                 	LDD  R@1,Y+@2+1
                 	.ENDM
                 
                 	.MACRO __PUTBSR
                 	STD  Y+@1,R@0
                 	.ENDM
                 
                 	.MACRO __PUTWSR
                 	STD  Y+@2,R@0
                 	STD  Y+@2+1,R@1
                 	.ENDM
                 
                 	.MACRO __MOVEWRR
                 	MOV  R@0,R@2
                 	MOV  R@1,R@3
                 	.ENDM
                 
                 	.MACRO __INWR
                 	IN   R@0,@2
                 	IN   R@1,@2+1
                 	.ENDM
                 
                 	.MACRO __OUTWR
                 	OUT  @2+1,R@1
                 	OUT  @2,R@0
                 	.ENDM
                 
                 	.MACRO __CALL1MN
                 	LDS  R30,@0+(@1)
                 	LDS  R31,@0+(@1)+1
                 	ICALL
                 	.ENDM
                 
                 	.MACRO __CALL1FN
                 	LDI  R30,LOW(2*@0+(@1))
                 	LDI  R31,HIGH(2*@0+(@1))
                 	CALL __GETW1PF
                 	ICALL
                 	.ENDM
                 
                 	.MACRO __CALL2EN
                 	PUSH R26
                 	PUSH R27
                 	LDI  R26,LOW(@0+(@1))
                 	LDI  R27,HIGH(@0+(@1))
                 	CALL __EEPROMRDW
                 	POP  R27
                 	POP  R26
                 	ICALL
                 	.ENDM
                 
                 	.MACRO __CALL2EX
                 	SUBI R26,LOW(-@0)
                 	SBCI R27,HIGH(-@0)
                 	CALL __EEPROMRDD
                 	ICALL
                 	.ENDM
                 
                 	.MACRO __GETW1STACK
                 	IN   R30,SPL
                 	IN   R31,SPH
                 	ADIW R30,@0+1
                 	LD   R0,Z+
                 	LD   R31,Z
                 	MOV  R30,R0
                 	.ENDM
                 
                 	.MACRO __GETD1STACK
                 	IN   R30,SPL
                 	IN   R31,SPH
                 	ADIW R30,@0+1
                 	LD   R0,Z+
                 	LD   R1,Z+
                 	LD   R22,Z
                 	MOVW R30,R0
                 	.ENDM
                 
                 	.MACRO __NBST
                 	BST  R@0,@1
                 	IN   R30,SREG
                 	LDI  R31,0x40
                 	EOR  R30,R31
                 	OUT  SREG,R30
                 	.ENDM
                 
                 
                 	.MACRO __PUTB1SN
                 	LDD  R26,Y+@0
                 	LDD  R27,Y+@0+1
                 	SUBI R26,LOW(-@1)
                 	SBCI R27,HIGH(-@1)
                 	ST   X,R30
                 	.ENDM
                 
                 	.MACRO __PUTW1SN
                 	LDD  R26,Y+@0
                 	LDD  R27,Y+@0+1
                 	SUBI R26,LOW(-@1)
                 	SBCI R27,HIGH(-@1)
                 	ST   X+,R30
                 	ST   X,R31
                 	.ENDM
                 
                 	.MACRO __PUTD1SN
                 	LDD  R26,Y+@0
                 	LDD  R27,Y+@0+1
                 	SUBI R26,LOW(-@1)
                 	SBCI R27,HIGH(-@1)
                 	CALL __PUTDP1
                 	.ENDM
                 
                 	.MACRO __PUTB1SNS
                 	LDD  R26,Y+@0
                 	LDD  R27,Y+@0+1
                 	ADIW R26,@1
                 	ST   X,R30
                 	.ENDM
                 
                 	.MACRO __PUTW1SNS
                 	LDD  R26,Y+@0
                 	LDD  R27,Y+@0+1
                 	ADIW R26,@1
                 	ST   X+,R30
                 	ST   X,R31
                 	.ENDM
                 
                 	.MACRO __PUTD1SNS
                 	LDD  R26,Y+@0
                 	LDD  R27,Y+@0+1
                 	ADIW R26,@1
                 	CALL __PUTDP1
                 	.ENDM
                 
                 	.MACRO __PUTB1PMN
                 	LDS  R26,@0
                 	LDS  R27,@0+1
                 	SUBI R26,LOW(-@1)
                 	SBCI R27,HIGH(-@1)
                 	ST   X,R30
                 	.ENDM
                 
                 	.MACRO __PUTW1PMN
                 	LDS  R26,@0
                 	LDS  R27,@0+1
                 	SUBI R26,LOW(-@1)
                 	SBCI R27,HIGH(-@1)
                 	ST   X+,R30
                 	ST   X,R31
                 	.ENDM
                 
                 	.MACRO __PUTD1PMN
                 	LDS  R26,@0
                 	LDS  R27,@0+1
                 	SUBI R26,LOW(-@1)
                 	SBCI R27,HIGH(-@1)
                 	CALL __PUTDP1
                 	.ENDM
                 
                 	.MACRO __PUTB1PMNS
                 	LDS  R26,@0
                 	LDS  R27,@0+1
                 	ADIW R26,@1
                 	ST   X,R30
                 	.ENDM
                 
                 	.MACRO __PUTW1PMNS
                 	LDS  R26,@0
                 	LDS  R27,@0+1
                 	ADIW R26,@1
                 	ST   X+,R30
                 	ST   X,R31
                 	.ENDM
                 
                 	.MACRO __PUTD1PMNS
                 	LDS  R26,@0
                 	LDS  R27,@0+1
                 	ADIW R26,@1
                 	CALL __PUTDP1
                 	.ENDM
                 
                 	.MACRO __PUTB1RN
                 	MOVW R26,R@0
                 	SUBI R26,LOW(-@1)
                 	SBCI R27,HIGH(-@1)
                 	ST   X,R30
                 	.ENDM
                 
                 	.MACRO __PUTW1RN
                 	MOVW R26,R@0
                 	SUBI R26,LOW(-@1)
                 	SBCI R27,HIGH(-@1)
                 	ST   X+,R30
                 	ST   X,R31
                 	.ENDM
                 
                 	.MACRO __PUTD1RN
                 	MOVW R26,R@0
                 	SUBI R26,LOW(-@1)
                 	SBCI R27,HIGH(-@1)
                 	CALL __PUTDP1
                 	.ENDM
                 
                 	.MACRO __PUTB1RNS
                 	MOVW R26,R@0
                 	ADIW R26,@1
                 	ST   X,R30
                 	.ENDM
                 
                 	.MACRO __PUTW1RNS
                 	MOVW R26,R@0
                 	ADIW R26,@1
                 	ST   X+,R30
                 	ST   X,R31
                 	.ENDM
                 
                 	.MACRO __PUTD1RNS
                 	MOVW R26,R@0
                 	ADIW R26,@1
                 	CALL __PUTDP1
                 	.ENDM
                 
                 	.MACRO __PUTB1RON
                 	MOV  R26,R@0
                 	MOV  R27,R@1
                 	SUBI R26,LOW(-@2)
                 	SBCI R27,HIGH(-@2)
                 	ST   X,R30
                 	.ENDM
                 
                 	.MACRO __PUTW1RON
                 	MOV  R26,R@0
                 	MOV  R27,R@1
                 	SUBI R26,LOW(-@2)
                 	SBCI R27,HIGH(-@2)
                 	ST   X+,R30
                 	ST   X,R31
                 	.ENDM
                 
                 	.MACRO __PUTD1RON
                 	MOV  R26,R@0
                 	MOV  R27,R@1
                 	SUBI R26,LOW(-@2)
                 	SBCI R27,HIGH(-@2)
                 	CALL __PUTDP1
                 	.ENDM
                 
                 	.MACRO __PUTB1RONS
                 	MOV  R26,R@0
                 	MOV  R27,R@1
                 	ADIW R26,@2
                 	ST   X,R30
                 	.ENDM
                 
                 	.MACRO __PUTW1RONS
                 	MOV  R26,R@0
                 	MOV  R27,R@1
                 	ADIW R26,@2
                 	ST   X+,R30
                 	ST   X,R31
                 	.ENDM
                 
                 	.MACRO __PUTD1RONS
                 	MOV  R26,R@0
                 	MOV  R27,R@1
                 	ADIW R26,@2
                 	CALL __PUTDP1
                 	.ENDM
                 
                 
                 	.MACRO __GETB1SX
                 	MOVW R30,R28
                 	SUBI R30,LOW(-@0)
                 	SBCI R31,HIGH(-@0)
                 	LD   R30,Z
                 	.ENDM
                 
                 	.MACRO __GETB1HSX
                 	MOVW R30,R28
                 	SUBI R30,LOW(-@0)
                 	SBCI R31,HIGH(-@0)
                 	LD   R31,Z
                 	.ENDM
                 
                 	.MACRO __GETW1SX
                 	MOVW R30,R28
                 	SUBI R30,LOW(-@0)
                 	SBCI R31,HIGH(-@0)
                 	LD   R0,Z+
                 	LD   R31,Z
                 	MOV  R30,R0
                 	.ENDM
                 
                 	.MACRO __GETD1SX
                 	MOVW R30,R28
                 	SUBI R30,LOW(-@0)
                 	SBCI R31,HIGH(-@0)
                 	LD   R0,Z+
                 	LD   R1,Z+
                 	LD   R22,Z+
                 	LD   R23,Z
                 	MOVW R30,R0
                 	.ENDM
                 
                 	.MACRO __GETB2SX
                 	MOVW R26,R28
                 	SUBI R26,LOW(-@0)
                 	SBCI R27,HIGH(-@0)
                 	LD   R26,X
                 	.ENDM
                 
                 	.MACRO __GETW2SX
                 	MOVW R26,R28
                 	SUBI R26,LOW(-@0)
                 	SBCI R27,HIGH(-@0)
                 	LD   R0,X+
                 	LD   R27,X
                 	MOV  R26,R0
                 	.ENDM
                 
                 	.MACRO __GETD2SX
                 	MOVW R26,R28
                 	SUBI R26,LOW(-@0)
                 	SBCI R27,HIGH(-@0)
                 	LD   R0,X+
                 	LD   R1,X+
                 	LD   R24,X+
                 	LD   R25,X
                 	MOVW R26,R0
                 	.ENDM
                 
                 	.MACRO __GETBRSX
                 	MOVW R30,R28
                 	SUBI R30,LOW(-@1)
                 	SBCI R31,HIGH(-@1)
                 	LD   R@0,Z
                 	.ENDM
                 
                 	.MACRO __GETWRSX
                 	MOVW R30,R28
                 	SUBI R30,LOW(-@2)
                 	SBCI R31,HIGH(-@2)
                 	LD   R@0,Z+
                 	LD   R@1,Z
                 	.ENDM
                 
                 	.MACRO __GETBRSX2
                 	MOVW R26,R28
                 	SUBI R26,LOW(-@1)
                 	SBCI R27,HIGH(-@1)
                 	LD   R@0,X
                 	.ENDM
                 
                 	.MACRO __GETWRSX2
                 	MOVW R26,R28
                 	SUBI R26,LOW(-@2)
                 	SBCI R27,HIGH(-@2)
                 	LD   R@0,X+
                 	LD   R@1,X
                 	.ENDM
                 
                 	.MACRO __LSLW8SX
                 	MOVW R30,R28
                 	SUBI R30,LOW(-@0)
                 	SBCI R31,HIGH(-@0)
                 	LD   R31,Z
                 	CLR  R30
                 	.ENDM
                 
                 	.MACRO __PUTB1SX
                 	MOVW R26,R28
                 	SUBI R26,LOW(-@0)
                 	SBCI R27,HIGH(-@0)
                 	ST   X,R30
                 	.ENDM
                 
                 	.MACRO __PUTW1SX
                 	MOVW R26,R28
                 	SUBI R26,LOW(-@0)
                 	SBCI R27,HIGH(-@0)
                 	ST   X+,R30
                 	ST   X,R31
                 	.ENDM
                 
                 	.MACRO __PUTD1SX
                 	MOVW R26,R28
                 	SUBI R26,LOW(-@0)
                 	SBCI R27,HIGH(-@0)
                 	ST   X+,R30
                 	ST   X+,R31
                 	ST   X+,R22
                 	ST   X,R23
                 	.ENDM
                 
                 	.MACRO __CLRW1SX
                 	MOVW R26,R28
                 	SUBI R26,LOW(-@0)
                 	SBCI R27,HIGH(-@0)
                 	ST   X+,R30
                 	ST   X,R30
                 	.ENDM
                 
                 	.MACRO __CLRD1SX
                 	MOVW R26,R28
                 	SUBI R26,LOW(-@0)
                 	SBCI R27,HIGH(-@0)
                 	ST   X+,R30
                 	ST   X+,R30
                 	ST   X+,R30
                 	ST   X,R30
                 	.ENDM
                 
                 	.MACRO __PUTB2SX
                 	MOVW R30,R28
                 	SUBI R30,LOW(-@0)
                 	SBCI R31,HIGH(-@0)
                 	ST   Z,R26
                 	.ENDM
                 
                 	.MACRO __PUTW2SX
                 	MOVW R30,R28
                 	SUBI R30,LOW(-@0)
                 	SBCI R31,HIGH(-@0)
                 	ST   Z+,R26
                 	ST   Z,R27
                 	.ENDM
                 
                 	.MACRO __PUTD2SX
                 	MOVW R30,R28
                 	SUBI R30,LOW(-@0)
                 	SBCI R31,HIGH(-@0)
                 	ST   Z+,R26
                 	ST   Z+,R27
                 	ST   Z+,R24
                 	ST   Z,R25
                 	.ENDM
                 
                 	.MACRO __PUTBSRX
                 	MOVW R30,R28
                 	SUBI R30,LOW(-@1)
                 	SBCI R31,HIGH(-@1)
                 	ST   Z,R@0
                 	.ENDM
                 
                 	.MACRO __PUTWSRX
                 	MOVW R30,R28
                 	SUBI R30,LOW(-@2)
                 	SBCI R31,HIGH(-@2)
                 	ST   Z+,R@0
                 	ST   Z,R@1
                 	.ENDM
                 
                 	.MACRO __PUTB1SNX
                 	MOVW R26,R28
                 	SUBI R26,LOW(-@0)
                 	SBCI R27,HIGH(-@0)
                 	LD   R0,X+
                 	LD   R27,X
                 	MOV  R26,R0
                 	SUBI R26,LOW(-@1)
                 	SBCI R27,HIGH(-@1)
                 	ST   X,R30
                 	.ENDM
                 
                 	.MACRO __PUTW1SNX
                 	MOVW R26,R28
                 	SUBI R26,LOW(-@0)
                 	SBCI R27,HIGH(-@0)
                 	LD   R0,X+
                 	LD   R27,X
                 	MOV  R26,R0
                 	SUBI R26,LOW(-@1)
                 	SBCI R27,HIGH(-@1)
                 	ST   X+,R30
                 	ST   X,R31
                 	.ENDM
                 
                 	.MACRO __PUTD1SNX
                 	MOVW R26,R28
                 	SUBI R26,LOW(-@0)
                 	SBCI R27,HIGH(-@0)
                 	LD   R0,X+
                 	LD   R27,X
                 	MOV  R26,R0
                 	SUBI R26,LOW(-@1)
                 	SBCI R27,HIGH(-@1)
                 	ST   X+,R30
                 	ST   X+,R31
                 	ST   X+,R22
                 	ST   X,R23
                 	.ENDM
                 
                 	.MACRO __MULBRR
                 	MULS R@0,R@1
                 	MOVW R30,R0
                 	.ENDM
                 
                 	.MACRO __MULBRRU
                 	MUL  R@0,R@1
                 	MOVW R30,R0
                 	.ENDM
                 
                 	.MACRO __MULBRR0
                 	MULS R@0,R@1
                 	.ENDM
                 
                 	.MACRO __MULBRRU0
                 	MUL  R@0,R@1
                 	.ENDM
                 
                 	.MACRO __MULBNWRU
                 	LDI  R26,@2
                 	MUL  R26,R@0
                 	MOVW R30,R0
                 	MUL  R26,R@1
                 	ADD  R31,R0
                 	.ENDM
                 
                 ;NAME DEFINITIONS FOR GLOBAL VARIABLES ALLOCATED TO REGISTERS
                 	.DEF _number=R5
                 	.DEF _led=R4
                 	.DEF __lcd_x=R7
                 	.DEF __lcd_y=R6
                 	.DEF __lcd_maxx=R9
                 
                 	.CSEG
                 	.ORG 0x00
                 
                 ;START OF CODE MARKER
                 __START_OF_CODE:
                 
                 ;INTERRUPT VECTORS
000000 940c 0041 	JMP  __RESET
000002 940c 006e 	JMP  _ext_int0_isr
000004 940c 0076 	JMP  _ext_int1_isr
000006 940c 007e 	JMP  _ext_int2_isr
000008 940c 0000 	JMP  0x00
00000a 940c 0000 	JMP  0x00
00000c 940c 0000 	JMP  0x00
00000e 940c 0000 	JMP  0x00
000010 940c 0000 	JMP  0x00
000012 940c 0000 	JMP  0x00
000014 940c 0000 	JMP  0x00
000016 940c 0000 	JMP  0x00
000018 940c 0000 	JMP  0x00
00001a 940c 0000 	JMP  0x00
00001c 940c 0000 	JMP  0x00
00001e 940c 0000 	JMP  0x00
000020 940c 0000 	JMP  0x00
000022 940c 0000 	JMP  0x00
000024 940c 0000 	JMP  0x00
000026 940c 0000 	JMP  0x00
000028 940c 0000 	JMP  0x00
                 
                 ;GLOBAL REGISTER VARIABLES INITIALIZATION
                 __REG_VARS:
00002a 0000      	.DB  0x0,0x0
                 
                 _0x0:
00002b 2020
\\Mac\Home\Desktop\Az rizpar\NikiNezakati_98522094_LAB10\code_vision\Debug\List\lab10.asm(1128): warning: .cseg .db misalignment - padding zero byte
00002c 0000      	.DB  0x20,0x20,0x0
                 _0x2000060:
\\Mac\Home\Desktop\Az rizpar\NikiNezakati_98522094_LAB10\code_vision\Debug\List\lab10.asm(1130): warning: .cseg .db misalignment - padding zero byte
00002d 0001      	.DB  0x1
                 _0x2000000:
00002e 4e2d
00002f 4e41
000030 4900
000031 464e      	.DB  0x2D,0x4E,0x41,0x4E,0x0,0x49,0x4E,0x46
\\Mac\Home\Desktop\Az rizpar\NikiNezakati_98522094_LAB10\code_vision\Debug\List\lab10.asm(1133): warning: .cseg .db misalignment - padding zero byte
000032 0000      	.DB  0x0
                 _0x2020003:
000033 c080      	.DB  0x80,0xC0
                 
                 __GLOBAL_INI_TBL:
000034 0002      	.DW  0x02
000035 0004      	.DW  0x04
000036 0054      	.DW  __REG_VARS*2
                 
000037 0003      	.DW  0x03
000038 0260      	.DW  _0xC
000039 0056      	.DW  _0x0*2
                 
00003a 0001      	.DW  0x01
00003b 0263      	.DW  __seed_G100
00003c 005a      	.DW  _0x2000060*2
                 
00003d 0002      	.DW  0x02
00003e 0267      	.DW  __base_y_G101
00003f 0066      	.DW  _0x2020003*2
                 
                 _0xFFFFFFFF:
000040 0000      	.DW  0
                 
                 #define __GLOBAL_INI_TBL_PRESENT 1
                 
                 __RESET:
000041 94f8      	CLI
000042 27ee      	CLR  R30
000043 bbec      	OUT  EECR,R30
                 
                 ;INTERRUPT VECTORS ARE PLACED
                 ;AT THE START OF FLASH
000044 e0f1      	LDI  R31,1
000045 bffb      	OUT  GICR,R31
000046 bfeb      	OUT  GICR,R30
000047 bfe5      	OUT  MCUCR,R30
                 
                 ;CLEAR R2-R14
000048 e08d      	LDI  R24,(14-2)+1
000049 e0a2      	LDI  R26,2
00004a 27bb      	CLR  R27
                 __CLEAR_REG:
00004b 93ed      	ST   X+,R30
00004c 958a      	DEC  R24
00004d f7e9      	BRNE __CLEAR_REG
                 
                 ;CLEAR SRAM
00004e e080      	LDI  R24,LOW(__CLEAR_SRAM_SIZE)
00004f e098      	LDI  R25,HIGH(__CLEAR_SRAM_SIZE)
000050 e6a0      	LDI  R26,__SRAM_START
                 __CLEAR_SRAM:
000051 93ed      	ST   X+,R30
000052 9701      	SBIW R24,1
000053 f7e9      	BRNE __CLEAR_SRAM
                 
                 ;GLOBAL VARIABLES INITIALIZATION
000054 e6e8      	LDI  R30,LOW(__GLOBAL_INI_TBL*2)
000055 e0f0      	LDI  R31,HIGH(__GLOBAL_INI_TBL*2)
                 __GLOBAL_INI_NEXT:
000056 9185      	LPM  R24,Z+
000057 9195      	LPM  R25,Z+
000058 9700      	SBIW R24,0
000059 f061      	BREQ __GLOBAL_INI_END
00005a 91a5      	LPM  R26,Z+
00005b 91b5      	LPM  R27,Z+
00005c 9005      	LPM  R0,Z+
00005d 9015      	LPM  R1,Z+
00005e 01bf      	MOVW R22,R30
00005f 01f0      	MOVW R30,R0
                 __GLOBAL_INI_LOOP:
000060 9005      	LPM  R0,Z+
000061 920d      	ST   X+,R0
000062 9701      	SBIW R24,1
000063 f7e1      	BRNE __GLOBAL_INI_LOOP
000064 01fb      	MOVW R30,R22
000065 cff0      	RJMP __GLOBAL_INI_NEXT
                 __GLOBAL_INI_END:
                 
                 ;HARDWARE STACK POINTER INITIALIZATION
000066 e5ef      	LDI  R30,LOW(__SRAM_END-__HEAP_SIZE)
000067 bfed      	OUT  SPL,R30
000068 e0e8      	LDI  R30,HIGH(__SRAM_END-__HEAP_SIZE)
000069 bfee      	OUT  SPH,R30
                 
                 ;DATA STACK POINTER INITIALIZATION
00006a e6c0      	LDI  R28,LOW(__SRAM_START+__DSTACK_SIZE)
00006b e0d2      	LDI  R29,HIGH(__SRAM_START+__DSTACK_SIZE)
                 
00006c 940c 008b 	JMP  _main
                 
                 	.ESEG
                 	.ORG 0
                 
                 	.DSEG
                 	.ORG 0x260
                 
                 	.CSEG
                 ;
                 ;// Niki Nezakati - 98522094
                 ;/*******************************************************
                 ;This program was created by the
                 ;CodeWizardAVR V3.12 Advanced
                 ;Automatic Program Generator
                 ;© Copyright 1998-2014 Pavel Haiduc, HP InfoTech s.r.l.
                 ;http://www.hpinfotech.com
                 ;
                 ;Project :  LAB 10
                 ;Version :
                 ;Date    : 5/14/2022
                 ;Author  : Niki Nezakati - 98522094
                 ;Company :
                 ;Comments:
                 ;
                 ;
                 ;Chip type               : ATmega32
                 ;Program type            : Application
                 ;AVR Core Clock frequency: 8.000000 MHz
                 ;Memory model            : Small
                 ;External RAM size       : 0
                 ;Data Stack size         : 512
                 ;*******************************************************/
                 ;
                 ;#include <mega32.h>
                 	#ifndef __SLEEP_DEFINED__
                 	#define __SLEEP_DEFINED__
                 	.EQU __se_bit=0x80
                 	.EQU __sm_mask=0x70
                 	.EQU __sm_powerdown=0x20
                 	.EQU __sm_powersave=0x30
                 	.EQU __sm_standby=0x60
                 	.EQU __sm_ext_standby=0x70
                 	.EQU __sm_adc_noise_red=0x10
                 	.SET power_ctrl_reg=mcucr
                 	#endif
                 ;#include <delay.h>
                 ;#include <stdlib.h>
                 ;
                 ;// Alphanumeric LCD functions
                 ;#include <alcd.h>
                 ;
                 ;// Declare your global variables here
                 ;signed char number = 0;
                 ;unsigned char led = 0;
                 ;
                 ;// External Interrupt 0 service routine
                 ;interrupt [EXT_INT0] void ext_int0_isr(void)
                 ; 0000 0027 {
                 
                 	.CSEG
                 _ext_int0_isr:
                 ; .FSTART _ext_int0_isr
00006e 940e 0183 	CALL SUBOPT_0x0
                 ; 0000 0028     if(led == 1)
000070 f419      	BRNE _0x3
                 ; 0000 0029         number+=10;
000071 e0ea      	LDI  R30,LOW(10)
000072 0e5e      	ADD  R5,R30
                 ; 0000 002A     else
000073 c001      	RJMP _0x4
                 _0x3:
                 ; 0000 002B         number++;
000074 9453      	INC  R5
                 ; 0000 002C }
                 _0x4:
000075 c011      	RJMP _0xE
                 ; .FEND
                 ;
                 ;// External Interrupt 1 service routine
                 ;interrupt [EXT_INT1] void ext_int1_isr(void)
                 ; 0000 0030 {
                 _ext_int1_isr:
                 ; .FSTART _ext_int1_isr
000076 940e 0183 	CALL SUBOPT_0x0
                 ; 0000 0031     if(led == 1)
000078 f419      	BRNE _0x5
                 ; 0000 0032         number-=10;
000079 e0ea      	LDI  R30,LOW(10)
00007a 1a5e      	SUB  R5,R30
                 ; 0000 0033     else
00007b c001      	RJMP _0x6
                 _0x5:
                 ; 0000 0034         number--;
00007c 945a      	DEC  R5
                 ; 0000 0035 }
                 _0x6:
00007d c009      	RJMP _0xE
                 ; .FEND
                 ;
                 ;// External Interrupt 2 service routine
                 ;interrupt [EXT_INT2] void ext_int2_isr(void)
                 ; 0000 0039 {
                 _ext_int2_isr:
                 ; .FSTART _ext_int2_isr
00007e 940e 0183 	CALL SUBOPT_0x0
                 ; 0000 003A     if(led == 1)
000080 f419      	BRNE _0x7
                 ; 0000 003B     {
                 ; 0000 003C         led = 0;
000081 2444      	CLR  R4
                 ; 0000 003D         PORTC = PORTC & 0b11110111;
000082 98ab      	CBI  0x15,3
                 ; 0000 003E     }
                 ; 0000 003F     else
000083 c003      	RJMP _0x8
                 _0x7:
                 ; 0000 0040     {
                 ; 0000 0041         led = 1;
000084 e0e1      	LDI  R30,LOW(1)
000085 2e4e      	MOV  R4,R30
                 ; 0000 0042         PORTC = PORTC | 0b00001000;
000086 9aab      	SBI  0x15,3
                 ; 0000 0043     }
                 _0x8:
                 ; 0000 0044 }
                 _0xE:
000087 91e9      	LD   R30,Y+
000088 bfef      	OUT  SREG,R30
000089 91e9      	LD   R30,Y+
00008a 9518      	RETI
                 ; .FEND
                 ;
                 ;void main(void)
                 ; 0000 0047 {
                 _main:
                 ; .FSTART _main
                 ; 0000 0048 // Declare your local variables here
                 ; 0000 0049 DDRA=(0<<DDA7) | (0<<DDA6) | (0<<DDA5) | (0<<DDA4) | (0<<DDA3) | (0<<DDA2) | (0<<DDA1) | (0<<DDA0);
00008b e0e0      	LDI  R30,LOW(0)
00008c bbea      	OUT  0x1A,R30
                 ; 0000 004A PORTA=(0<<PORTA7) | (0<<PORTA6) | (0<<PORTA5) | (0<<PORTA4) | (0<<PORTA3) | (0<<PORTA2) | (0<<PORTA1) | (0<<PORTA0);
00008d bbeb      	OUT  0x1B,R30
                 ; 0000 004B DDRB=(0<<DDB7) | (0<<DDB6) | (0<<DDB5) | (0<<DDB4) | (0<<DDB3) | (0<<DDB2) | (0<<DDB1) | (0<<DDB0);
00008e bbe7      	OUT  0x17,R30
                 ; 0000 004C PORTB=(0<<PORTB7) | (0<<PORTB6) | (0<<PORTB5) | (0<<PORTB4) | (0<<PORTB3) | (0<<PORTB2) | (0<<PORTB1) | (0<<PORTB0);
00008f bbe8      	OUT  0x18,R30
                 ; 0000 004D DDRC=(0<<DDC7) | (0<<DDC6) | (0<<DDC5) | (0<<DDC4) | (1<<DDC3) | (0<<DDC2) | (0<<DDC1) | (0<<DDC0);
000090 e0e8      	LDI  R30,LOW(8)
000091 bbe4      	OUT  0x14,R30
                 ; 0000 004E PORTC=(0<<PORTC7) | (0<<PORTC6) | (0<<PORTC5) | (0<<PORTC4) | (0<<PORTC3) | (0<<PORTC2) | (0<<PORTC1) | (0<<PORTC0);
000092 e0e0      	LDI  R30,LOW(0)
000093 bbe5      	OUT  0x15,R30
                 ; 0000 004F DDRD=(0<<DDD7) | (0<<DDD6) | (0<<DDD5) | (0<<DDD4) | (0<<DDD3) | (0<<DDD2) | (0<<DDD1) | (0<<DDD0);
000094 bbe1      	OUT  0x11,R30
                 ; 0000 0050 PORTD=(0<<PORTD7) | (0<<PORTD6) | (0<<PORTD5) | (0<<PORTD4) | (0<<PORTD3) | (0<<PORTD2) | (0<<PORTD1) | (0<<PORTD0);
000095 bbe2      	OUT  0x12,R30
                 ; 0000 0051 
                 ; 0000 0052 // External Interrupt(s) initialization
                 ; 0000 0053 // INT0: On
                 ; 0000 0054 // INT0 Mode: Falling Edge
                 ; 0000 0055 // INT1: On
                 ; 0000 0056 // INT1 Mode: Falling Edge
                 ; 0000 0057 // INT2: On
                 ; 0000 0058 // INT2 Mode: Falling Edge
                 ; 0000 0059 GICR|=(1<<INT1) | (1<<INT0) | (1<<INT2);
000096 b7eb      	IN   R30,0x3B
000097 6ee0      	ORI  R30,LOW(0xE0)
000098 bfeb      	OUT  0x3B,R30
                 ; 0000 005A MCUCR=(1<<ISC11) | (0<<ISC10) | (1<<ISC01) | (0<<ISC00);
000099 e0ea      	LDI  R30,LOW(10)
00009a bfe5      	OUT  0x35,R30
                 ; 0000 005B MCUCSR=(0<<ISC2);
00009b e0e0      	LDI  R30,LOW(0)
00009c bfe4      	OUT  0x34,R30
                 ; 0000 005C GIFR=(1<<INTF1) | (1<<INTF0) | (1<<INTF2);
00009d eee0      	LDI  R30,LOW(224)
00009e bfea      	OUT  0x3A,R30
                 ; 0000 005D 
                 ; 0000 005E // Analog Comparator initialization
                 ; 0000 005F // Analog Comparator: Off
                 ; 0000 0060 // The Analog Comparator's positive input is
                 ; 0000 0061 // connected to the AIN0 pin
                 ; 0000 0062 // The Analog Comparator's negative input is
                 ; 0000 0063 // connected to the AIN1 pin
                 ; 0000 0064 ACSR=(1<<ACD) | (0<<ACBG) | (0<<ACO) | (0<<ACI) | (0<<ACIE) | (0<<ACIC) | (0<<ACIS1) | (0<<ACIS0);
00009f e8e0      	LDI  R30,LOW(128)
0000a0 b9e8      	OUT  0x8,R30
                 ; 0000 0065 SFIOR=(0<<ACME);
0000a1 e0e0      	LDI  R30,LOW(0)
0000a2 bfe0      	OUT  0x30,R30
                 ; 0000 0066 
                 ; 0000 0067 
                 ; 0000 0068 // Alphanumeric LCD initialization
                 ; 0000 0069 // Connections are specified in the
                 ; 0000 006A // Project|Configure|C Compiler|Libraries|Alphanumeric LCD menu:
                 ; 0000 006B // RS - PORTC Bit 0
                 ; 0000 006C // RD - PORTC Bit 1
                 ; 0000 006D // EN - PORTC Bit 2
                 ; 0000 006E // D4 - PORTC Bit 4
                 ; 0000 006F // D5 - PORTC Bit 5
                 ; 0000 0070 // D6 - PORTC Bit 6
                 ; 0000 0071 // D7 - PORTC Bit 7
                 ; 0000 0072 // Characters/line: 16
                 ; 0000 0073 lcd_init(16);
0000a3 e1a0      	LDI  R26,LOW(16)
0000a4 940e 0155 	CALL _lcd_init
                 ; 0000 0074 
                 ; 0000 0075 // Global enable interrupts
                 ; 0000 0076 #asm("sei")
0000a6 9478      	sei
                 ; 0000 0077 
                 ; 0000 0078 
                 ; 0000 0079 
                 ; 0000 007A while (1)
                 _0x9:
                 ; 0000 007B       {
                 ; 0000 007C       // Place your code here
                 ; 0000 007D       char* output = 0;
                 ; 0000 007E       lcd_gotoxy(0,0);
0000a7 9722      	SBIW R28,2
0000a8 e0e0      	LDI  R30,LOW(0)
0000a9 83e8      	ST   Y,R30
0000aa 83e9      	STD  Y+1,R30
                 ;	*output -> Y+0
0000ab 93ea      	ST   -Y,R30
0000ac e0a0      	LDI  R26,LOW(0)
0000ad 940e 0116 	CALL _lcd_gotoxy
                 ; 0000 007F       itoa(number,output);
0000af 2de5      	MOV  R30,R5
0000b0 e0f0      	LDI  R31,0
0000b1 fde7      	SBRC R30,7
0000b2 efff      	SER  R31
0000b3 93fa      	ST   -Y,R31
0000b4 93ea      	ST   -Y,R30
0000b5 81aa      	LDD  R26,Y+2
0000b6 81bb      	LDD  R27,Y+2+1
0000b7 940e 00c8 	CALL _itoa
                 ; 0000 0080       lcd_puts(output);
0000b9 81a8      	LD   R26,Y
0000ba 81b9      	LDD  R27,Y+1
0000bb 940e 0144 	CALL _lcd_puts
                 ; 0000 0081       lcd_puts("  ");
                +
0000bd e6a0     +LDI R26 , LOW ( _0xC + ( 0 ) )
0000be e0b2     +LDI R27 , HIGH ( _0xC + ( 0 ) )
                 	__POINTW2MN _0xC,0
0000bf 940e 0144 	CALL _lcd_puts
                 ; 0000 0082       delay_ms(50);
0000c1 e3a2      	LDI  R26,LOW(50)
0000c2 e0b0      	LDI  R27,0
0000c3 940e 0197 	CALL _delay_ms
                 ; 0000 0083       }
0000c5 9622      	ADIW R28,2
0000c6 cfe0      	RJMP _0x9
                 ; 0000 0084 }
                 _0xD:
0000c7 cfff      	RJMP _0xD
                 ; .FEND
                 
                 	.DSEG
                 _0xC:
000260           	.BYTE 0x3
                 
                 	.CSEG
                 _itoa:
                 ; .FSTART _itoa
0000c8 93ba      	ST   -Y,R27
0000c9 93aa      	ST   -Y,R26
0000ca 91a9          ld   r26,y+
0000cb 91b9          ld   r27,y+
0000cc 91e9          ld   r30,y+
0000cd 91f9          ld   r31,y+
0000ce 9630          adiw r30,0
0000cf f42a          brpl __itoa0
0000d0 95e0          com  r30
0000d1 95f0          com  r31
0000d2 9631          adiw r30,1
0000d3 e26d          ldi  r22,'-'
0000d4 936d          st   x+,r22
                 __itoa0:
0000d5 94e8          clt
0000d6 e180          ldi  r24,low(10000)
0000d7 e297          ldi  r25,high(10000)
0000d8 d00d          rcall __itoa1
0000d9 ee88          ldi  r24,low(1000)
0000da e093          ldi  r25,high(1000)
0000db d00a          rcall __itoa1
0000dc e684          ldi  r24,100
0000dd 2799          clr  r25
0000de d007          rcall __itoa1
0000df e08a          ldi  r24,10
0000e0 d005          rcall __itoa1
0000e1 2f6e          mov  r22,r30
0000e2 d010          rcall __itoa5
0000e3 2766          clr  r22
0000e4 936c          st   x,r22
0000e5 9508          ret
                 
                 __itoa1:
0000e6 2766          clr	 r22
                 __itoa2:
0000e7 17e8          cp   r30,r24
0000e8 07f9          cpc  r31,r25
0000e9 f020          brlo __itoa3
0000ea 9563          inc  r22
0000eb 1be8          sub  r30,r24
0000ec 0bf9          sbc  r31,r25
0000ed f7c9          brne __itoa2
                 __itoa3:
0000ee 2366          tst  r22
0000ef f411          brne __itoa4
0000f0 f016          brts __itoa5
0000f1 9508          ret
                 __itoa4:
0000f2 9468          set
                 __itoa5:
0000f3 5d60          subi r22,-0x30
0000f4 936d          st   x+,r22
0000f5 9508          ret
                 ; .FEND
                 
                 	.DSEG
                 
                 	.CSEG
                 	#ifndef __SLEEP_DEFINED__
                 	#endif
                 
                 	.DSEG
                 
                 	.CSEG
                 __lcd_write_nibble_G101:
                 ; .FSTART __lcd_write_nibble_G101
0000f6 93aa      	ST   -Y,R26
0000f7 b3e5      	IN   R30,0x15
0000f8 70ef      	ANDI R30,LOW(0xF)
0000f9 2fae      	MOV  R26,R30
0000fa 81e8      	LD   R30,Y
0000fb 7fe0      	ANDI R30,LOW(0xF0)
0000fc 2bea      	OR   R30,R26
0000fd bbe5      	OUT  0x15,R30
                +
0000fe e08d     +LDI R24 , LOW ( 13 )
                +__DELAY_USB_LOOP :
0000ff 958a     +DEC R24
000100 f7f1     +BRNE __DELAY_USB_LOOP
                 	__DELAY_USB 13
000101 9aaa      	SBI  0x15,2
                +
000102 e08d     +LDI R24 , LOW ( 13 )
                +__DELAY_USB_LOOP :
000103 958a     +DEC R24
000104 f7f1     +BRNE __DELAY_USB_LOOP
                 	__DELAY_USB 13
000105 98aa      	CBI  0x15,2
                +
000106 e08d     +LDI R24 , LOW ( 13 )
                +__DELAY_USB_LOOP :
000107 958a     +DEC R24
000108 f7f1     +BRNE __DELAY_USB_LOOP
                 	__DELAY_USB 13
000109 c077      	RJMP _0x20A0001
                 ; .FEND
                 __lcd_write_data:
                 ; .FSTART __lcd_write_data
00010a 93aa      	ST   -Y,R26
00010b 81a8      	LD   R26,Y
00010c dfe9      	RCALL __lcd_write_nibble_G101
00010d 81e8          ld    r30,y
00010e 95e2          swap  r30
00010f 83e8          st    y,r30
000110 81a8      	LD   R26,Y
000111 dfe4      	RCALL __lcd_write_nibble_G101
                +
000112 e885     +LDI R24 , LOW ( 133 )
                +__DELAY_USB_LOOP :
000113 958a     +DEC R24
000114 f7f1     +BRNE __DELAY_USB_LOOP
                 	__DELAY_USB 133
000115 c06b      	RJMP _0x20A0001
                 ; .FEND
                 _lcd_gotoxy:
                 ; .FSTART _lcd_gotoxy
000116 93aa      	ST   -Y,R26
000117 81e8      	LD   R30,Y
000118 e0f0      	LDI  R31,0
000119 59e9      	SUBI R30,LOW(-__base_y_G101)
00011a 4ffd      	SBCI R31,HIGH(-__base_y_G101)
00011b 81e0      	LD   R30,Z
00011c 81a9      	LDD  R26,Y+1
00011d 0fae      	ADD  R26,R30
00011e dfeb      	RCALL __lcd_write_data
00011f 8079      	LDD  R7,Y+1
000120 8068      	LDD  R6,Y+0
000121 9622      	ADIW R28,2
000122 9508      	RET
                 ; .FEND
                 _lcd_clear:
                 ; .FSTART _lcd_clear
000123 e0a2      	LDI  R26,LOW(2)
000124 940e 0189 	CALL SUBOPT_0x1
000126 e0ac      	LDI  R26,LOW(12)
000127 dfe2      	RCALL __lcd_write_data
000128 e0a1      	LDI  R26,LOW(1)
000129 940e 0189 	CALL SUBOPT_0x1
00012b e0e0      	LDI  R30,LOW(0)
00012c 2e6e      	MOV  R6,R30
00012d 2e7e      	MOV  R7,R30
00012e 9508      	RET
                 ; .FEND
                 _lcd_putchar:
                 ; .FSTART _lcd_putchar
00012f 93aa      	ST   -Y,R26
000130 81a8      	LD   R26,Y
000131 30aa      	CPI  R26,LOW(0xA)
000132 f011      	BREQ _0x2020005
000133 1479      	CP   R7,R9
000134 f048      	BRLO _0x2020004
                 _0x2020005:
000135 e0e0      	LDI  R30,LOW(0)
000136 93ea      	ST   -Y,R30
000137 9463      	INC  R6
000138 2da6      	MOV  R26,R6
000139 dfdc      	RCALL _lcd_gotoxy
00013a 81a8      	LD   R26,Y
00013b 30aa      	CPI  R26,LOW(0xA)
00013c f409      	BRNE _0x2020007
00013d c043      	RJMP _0x20A0001
                 _0x2020007:
                 _0x2020004:
00013e 9473      	INC  R7
00013f 9aa8      	SBI  0x15,0
000140 81a8      	LD   R26,Y
000141 dfc8      	RCALL __lcd_write_data
000142 98a8      	CBI  0x15,0
000143 c03d      	RJMP _0x20A0001
                 ; .FEND
                 _lcd_puts:
                 ; .FSTART _lcd_puts
000144 93ba      	ST   -Y,R27
000145 93aa      	ST   -Y,R26
000146 931a      	ST   -Y,R17
                 _0x2020008:
000147 81a9      	LDD  R26,Y+1
000148 81ba      	LDD  R27,Y+1+1
000149 91ed      	LD   R30,X+
00014a 83a9      	STD  Y+1,R26
00014b 83ba      	STD  Y+1+1,R27
00014c 2f1e      	MOV  R17,R30
00014d 30e0      	CPI  R30,0
00014e f019      	BREQ _0x202000A
00014f 2fa1      	MOV  R26,R17
000150 dfde      	RCALL _lcd_putchar
000151 cff5      	RJMP _0x2020008
                 _0x202000A:
000152 8118      	LDD  R17,Y+0
000153 9623      	ADIW R28,3
000154 9508      	RET
                 ; .FEND
                 _lcd_init:
                 ; .FSTART _lcd_init
000155 93aa      	ST   -Y,R26
000156 b3e4      	IN   R30,0x14
000157 6fe0      	ORI  R30,LOW(0xF0)
000158 bbe4      	OUT  0x14,R30
000159 9aa2      	SBI  0x14,2
00015a 9aa0      	SBI  0x14,0
00015b 9aa1      	SBI  0x14,1
00015c 98aa      	CBI  0x15,2
00015d 98a8      	CBI  0x15,0
00015e 98a9      	CBI  0x15,1
00015f 8098      	LDD  R9,Y+0
000160 81e8      	LD   R30,Y
000161 58e0      	SUBI R30,-LOW(128)
                +
000162 93e0 0269+STS __base_y_G101 + ( 2 ) , R30
                 	__PUTB1MN __base_y_G101,2
000164 81e8      	LD   R30,Y
000165 54e0      	SUBI R30,-LOW(192)
                +
000166 93e0 026a+STS __base_y_G101 + ( 3 ) , R30
                 	__PUTB1MN __base_y_G101,3
000168 e1a4      	LDI  R26,LOW(20)
000169 e0b0      	LDI  R27,0
00016a 940e 0197 	CALL _delay_ms
00016c 940e 018f 	CALL SUBOPT_0x2
00016e 940e 018f 	CALL SUBOPT_0x2
000170 940e 018f 	CALL SUBOPT_0x2
000172 e2a0      	LDI  R26,LOW(32)
000173 df82      	RCALL __lcd_write_nibble_G101
                +
000174 ec88     +LDI R24 , LOW ( 200 )
000175 e090     +LDI R25 , HIGH ( 200 )
                +__DELAY_USW_LOOP :
000176 9701     +SBIW R24 , 1
000177 f7f1     +BRNE __DELAY_USW_LOOP
                 	__DELAY_USW 200
000178 e2a8      	LDI  R26,LOW(40)
000179 df90      	RCALL __lcd_write_data
00017a e0a4      	LDI  R26,LOW(4)
00017b df8e      	RCALL __lcd_write_data
00017c e8a5      	LDI  R26,LOW(133)
00017d df8c      	RCALL __lcd_write_data
00017e e0a6      	LDI  R26,LOW(6)
00017f df8a      	RCALL __lcd_write_data
000180 dfa2      	RCALL _lcd_clear
                 _0x20A0001:
000181 9621      	ADIW R28,1
000182 9508      	RET
                 ; .FEND
                 
                 	.CSEG
                 
                 	.CSEG
                 
                 	.CSEG
                 
                 	.DSEG
                 __seed_G100:
000263           	.BYTE 0x4
                 __base_y_G101:
000267           	.BYTE 0x4
                 
                 	.CSEG
                 ;OPTIMIZER ADDED SUBROUTINE, CALLED 3 TIMES, CODE SIZE REDUCTION:3 WORDS
                 SUBOPT_0x0:
000183 93ea      	ST   -Y,R30
000184 b7ef      	IN   R30,SREG
000185 93ea      	ST   -Y,R30
000186 e0e1      	LDI  R30,LOW(1)
000187 15e4      	CP   R30,R4
000188 9508      	RET
                 
                 ;OPTIMIZER ADDED SUBROUTINE, CALLED 2 TIMES, CODE SIZE REDUCTION:1 WORDS
                 SUBOPT_0x1:
000189 940e 010a 	CALL __lcd_write_data
00018b e0a3      	LDI  R26,LOW(3)
00018c e0b0      	LDI  R27,0
00018d 940c 0197 	JMP  _delay_ms
                 
                 ;OPTIMIZER ADDED SUBROUTINE, CALLED 3 TIMES, CODE SIZE REDUCTION:7 WORDS
                 SUBOPT_0x2:
00018f e3a0      	LDI  R26,LOW(48)
000190 940e 00f6 	CALL __lcd_write_nibble_G101
                +
000192 ec88     +LDI R24 , LOW ( 200 )
000193 e090     +LDI R25 , HIGH ( 200 )
                +__DELAY_USW_LOOP :
000194 9701     +SBIW R24 , 1
000195 f7f1     +BRNE __DELAY_USW_LOOP
                 	__DELAY_USW 200
000196 9508      	RET
                 
                 
                 	.CSEG
                 _delay_ms:
000197 9610      	adiw r26,0
000198 f039      	breq __delay_ms1
                 __delay_ms0:
                +
000199 ed80     +LDI R24 , LOW ( 0x7D0 )
00019a e097     +LDI R25 , HIGH ( 0x7D0 )
                +__DELAY_USW_LOOP :
00019b 9701     +SBIW R24 , 1
00019c f7f1     +BRNE __DELAY_USW_LOOP
                 	__DELAY_USW 0x7D0
00019d 95a8      	wdr
00019e 9711      	sbiw r26,1
00019f f7c9      	brne __delay_ms0
                 __delay_ms1:
0001a0 9508      	ret
                 
                 ;END OF CODE MARKER
                 __END_OF_CODE:


RESOURCE USE INFORMATION
------------------------

Notice:
The register and instruction counts are symbol table hit counts,
and hence implicitly used resources are not counted, eg, the
'lpm' instruction without operands implicitly uses r0 and z,
none of which are counted.

x,y,z are separate entities in the symbol table and are
counted separately from r26..r31 here.

.dseg memory usage only counts static data declared with .byte

ATmega32 register use summary:
r0 :   4 r1 :   1 r2 :   0 r3 :   0 r4 :   3 r5 :   5 r6 :   4 r7 :   4 
r8 :   0 r9 :   2 r10:   0 r11:   0 r12:   0 r13:   0 r14:   0 r15:   0 
r16:   0 r17:   4 r18:   0 r19:   0 r20:   0 r21:   0 r22:  12 r23:   0 
r24:  27 r25:  10 r26:  45 r27:  13 r28:   6 r29:   1 r30:  97 r31:  12 
x  :   7 y  :  48 z  :   8 
Registers used: 20 out of 35 (57.1%)

ATmega32 instruction use summary:
.lds  :   0 .lds.l:   0 .sts  :   0 .sts.l:   0 adc   :   0 add   :   2 
adiw  :   7 and   :   0 andi  :   2 asr   :   0 bclr  :   0 bld   :   0 
brbc  :   0 brbs  :   0 brcc  :   0 brcs  :   0 break :   0 breq  :   4 
brge  :   0 brhc  :   0 brhs  :   0 brid  :   0 brie  :   0 brlo  :   2 
brlt  :   0 brmi  :   0 brne  :  17 brpl  :   1 brsh  :   0 brtc  :   0 
brts  :   1 brvc  :   0 brvs  :   0 bset  :   0 bst   :   0 call  :  17 
cbi   :   6 cbr   :   0 clc   :   0 clh   :   0 cli   :   1 cln   :   0 
clr   :   6 cls   :   0 clt   :   1 clv   :   0 clz   :   0 com   :   2 
cp    :   3 cpc   :   1 cpi   :   3 cpse  :   0 dec   :   6 des   :   0 
eor   :   0 fmul  :   0 fmuls :   0 fmulsu:   0 icall :   0 ijmp  :   0 
in    :   4 inc   :   4 jmp   :  23 ld    :  19 ldd   :  10 ldi   :  65 
lds   :   0 lpm   :   7 lsl   :   0 lsr   :   0 mov   :   9 movw  :   3 
mul   :   0 muls  :   0 mulsu :   0 neg   :   0 nop   :   0 or    :   1 
ori   :   2 out   :  23 pop   :   0 push  :   0 rcall :  18 ret   :  10 
reti  :   1 rjmp  :  13 rol   :   0 ror   :   0 sbc   :   1 sbci  :   1 
sbi   :   6 sbic  :   0 sbis  :   0 sbiw  :   8 sbr   :   0 sbrc  :   1 
sbrs  :   0 sec   :   0 seh   :   0 sei   :   1 sen   :   0 ser   :   1 
ses   :   0 set   :   1 sev   :   0 sez   :   0 sleep :   0 spm   :   0 
st    :  24 std   :   3 sts   :   2 sub   :   2 subi  :   4 swap  :   1 
tst   :   1 wdr   :   1 
Instructions used: 50 out of 116 (43.1%)

ATmega32 memory use summary [bytes]:
Segment   Begin    End      Code   Data   Used    Size   Use%
---------------------------------------------------------------
[.cseg] 0x000000 0x000342    788     46    834   32768   2.5%
[.dseg] 0x000060 0x00026b      0     11     11    2048   0.5%
[.eseg] 0x000000 0x000000      0      0      0    1024   0.0%

Assembly complete, 0 errors, 8 warnings
