
AVRASM ver. 2.1.30  \\Mac\Home\Desktop\Az rizpar\NikiNezakati_98522094_LAB11\code_vision\Debug\List\lab11.asm Fri May 20 15:35:43 2022

\\Mac\Home\Desktop\Az rizpar\NikiNezakati_98522094_LAB11\code_vision\Debug\List\lab11.asm(1088): warning: Register r5 already defined by the .DEF directive
\\Mac\Home\Desktop\Az rizpar\NikiNezakati_98522094_LAB11\code_vision\Debug\List\lab11.asm(1089): warning: Register r4 already defined by the .DEF directive
\\Mac\Home\Desktop\Az rizpar\NikiNezakati_98522094_LAB11\code_vision\Debug\List\lab11.asm(1090): warning: Register r7 already defined by the .DEF directive
\\Mac\Home\Desktop\Az rizpar\NikiNezakati_98522094_LAB11\code_vision\Debug\List\lab11.asm(1091): warning: Register r6 already defined by the .DEF directive
\\Mac\Home\Desktop\Az rizpar\NikiNezakati_98522094_LAB11\code_vision\Debug\List\lab11.asm(1092): warning: Register r9 already defined by the .DEF directive
\\Mac\Home\Desktop\Az rizpar\NikiNezakati_98522094_LAB11\code_vision\Debug\List\lab11.asm(1093): warning: Register r8 already defined by the .DEF directive
\\Mac\Home\Desktop\Az rizpar\NikiNezakati_98522094_LAB11\code_vision\Debug\List\lab11.asm(1094): warning: Register r11 already defined by the .DEF directive
\\Mac\Home\Desktop\Az rizpar\NikiNezakati_98522094_LAB11\code_vision\Debug\List\lab11.asm(1095): warning: Register r12 already defined by the .DEF directive
\\Mac\Home\Desktop\Az rizpar\NikiNezakati_98522094_LAB11\code_vision\Debug\List\lab11.asm(1096): warning: Register r13 already defined by the .DEF directive
\\Mac\Home\Desktop\Az rizpar\NikiNezakati_98522094_LAB11\code_vision\Debug\List\lab11.asm(1097): warning: Register r10 already defined by the .DEF directive
                 
                 
                 ;CodeVisionAVR C Compiler V3.12 Advanced
                 ;(C) Copyright 1998-2014 Pavel Haiduc, HP InfoTech s.r.l.
                 ;http://www.hpinfotech.com
                 
                 ;Build configuration    : Debug
                 ;Chip type              : ATmega32
                 ;Program type           : Application
                 ;Clock frequency        : 8.000000 MHz
                 ;Memory model           : Small
                 ;Optimize for           : Size
                 ;(s)printf features     : int, width
                 ;(s)scanf features      : int, width
                 ;External RAM size      : 0
                 ;Data Stack size        : 512 byte(s)
                 ;Heap size              : 0 byte(s)
                 ;Promote 'char' to 'int': Yes
                 ;'char' is unsigned     : Yes
                 ;8 bit enums            : Yes
                 ;Global 'const' stored in FLASH: Yes
                 ;Enhanced function parameter passing: Yes
                 ;Enhanced core instructions: On
                 ;Automatic register allocation for global variables: On
                 ;Smart register allocation: On
                 
                 	#define _MODEL_SMALL_
                 
                 	#pragma AVRPART ADMIN PART_NAME ATmega32
                 	#pragma AVRPART MEMORY PROG_FLASH 32768
                 	#pragma AVRPART MEMORY EEPROM 1024
                 	#pragma AVRPART MEMORY INT_SRAM SIZE 2048
                 	#pragma AVRPART MEMORY INT_SRAM START_ADDR 0x60
                 
                 	#define CALL_SUPPORTED 1
                 
                 	.LISTMAC
                 	.EQU UDRE=0x5
                 	.EQU RXC=0x7
                 	.EQU USR=0xB
                 	.EQU UDR=0xC
                 	.EQU SPSR=0xE
                 	.EQU SPDR=0xF
                 	.EQU EERE=0x0
                 	.EQU EEWE=0x1
                 	.EQU EEMWE=0x2
                 	.EQU EECR=0x1C
                 	.EQU EEDR=0x1D
                 	.EQU EEARL=0x1E
                 	.EQU EEARH=0x1F
                 	.EQU WDTCR=0x21
                 	.EQU MCUCR=0x35
                 	.EQU GICR=0x3B
                 	.EQU SPL=0x3D
                 	.EQU SPH=0x3E
                 	.EQU SREG=0x3F
                 
                 	.DEF R0X0=R0
                 	.DEF R0X1=R1
                 	.DEF R0X2=R2
                 	.DEF R0X3=R3
                 	.DEF R0X4=R4
                 	.DEF R0X5=R5
                 	.DEF R0X6=R6
                 	.DEF R0X7=R7
                 	.DEF R0X8=R8
                 	.DEF R0X9=R9
                 	.DEF R0XA=R10
                 	.DEF R0XB=R11
                 	.DEF R0XC=R12
                 	.DEF R0XD=R13
                 	.DEF R0XE=R14
                 	.DEF R0XF=R15
                 	.DEF R0X10=R16
                 	.DEF R0X11=R17
                 	.DEF R0X12=R18
                 	.DEF R0X13=R19
                 	.DEF R0X14=R20
                 	.DEF R0X15=R21
                 	.DEF R0X16=R22
                 	.DEF R0X17=R23
                 	.DEF R0X18=R24
                 	.DEF R0X19=R25
                 	.DEF R0X1A=R26
                 	.DEF R0X1B=R27
                 	.DEF R0X1C=R28
                 	.DEF R0X1D=R29
                 	.DEF R0X1E=R30
                 	.DEF R0X1F=R31
                 
                 	.EQU __SRAM_START=0x0060
                 	.EQU __SRAM_END=0x085F
                 	.EQU __DSTACK_SIZE=0x0200
                 	.EQU __HEAP_SIZE=0x0000
                 	.EQU __CLEAR_SRAM_SIZE=__SRAM_END-__SRAM_START+1
                 
                 	.MACRO __CPD1N
                 	CPI  R30,LOW(@0)
                 	LDI  R26,HIGH(@0)
                 	CPC  R31,R26
                 	LDI  R26,BYTE3(@0)
                 	CPC  R22,R26
                 	LDI  R26,BYTE4(@0)
                 	CPC  R23,R26
                 	.ENDM
                 
                 	.MACRO __CPD2N
                 	CPI  R26,LOW(@0)
                 	LDI  R30,HIGH(@0)
                 	CPC  R27,R30
                 	LDI  R30,BYTE3(@0)
                 	CPC  R24,R30
                 	LDI  R30,BYTE4(@0)
                 	CPC  R25,R30
                 	.ENDM
                 
                 	.MACRO __CPWRR
                 	CP   R@0,R@2
                 	CPC  R@1,R@3
                 	.ENDM
                 
                 	.MACRO __CPWRN
                 	CPI  R@0,LOW(@2)
                 	LDI  R30,HIGH(@2)
                 	CPC  R@1,R30
                 	.ENDM
                 
                 	.MACRO __ADDB1MN
                 	SUBI R30,LOW(-@0-(@1))
                 	.ENDM
                 
                 	.MACRO __ADDB2MN
                 	SUBI R26,LOW(-@0-(@1))
                 	.ENDM
                 
                 	.MACRO __ADDW1MN
                 	SUBI R30,LOW(-@0-(@1))
                 	SBCI R31,HIGH(-@0-(@1))
                 	.ENDM
                 
                 	.MACRO __ADDW2MN
                 	SUBI R26,LOW(-@0-(@1))
                 	SBCI R27,HIGH(-@0-(@1))
                 	.ENDM
                 
                 	.MACRO __ADDW1FN
                 	SUBI R30,LOW(-2*@0-(@1))
                 	SBCI R31,HIGH(-2*@0-(@1))
                 	.ENDM
                 
                 	.MACRO __ADDD1FN
                 	SUBI R30,LOW(-2*@0-(@1))
                 	SBCI R31,HIGH(-2*@0-(@1))
                 	SBCI R22,BYTE3(-2*@0-(@1))
                 	.ENDM
                 
                 	.MACRO __ADDD1N
                 	SUBI R30,LOW(-@0)
                 	SBCI R31,HIGH(-@0)
                 	SBCI R22,BYTE3(-@0)
                 	SBCI R23,BYTE4(-@0)
                 	.ENDM
                 
                 	.MACRO __ADDD2N
                 	SUBI R26,LOW(-@0)
                 	SBCI R27,HIGH(-@0)
                 	SBCI R24,BYTE3(-@0)
                 	SBCI R25,BYTE4(-@0)
                 	.ENDM
                 
                 	.MACRO __SUBD1N
                 	SUBI R30,LOW(@0)
                 	SBCI R31,HIGH(@0)
                 	SBCI R22,BYTE3(@0)
                 	SBCI R23,BYTE4(@0)
                 	.ENDM
                 
                 	.MACRO __SUBD2N
                 	SUBI R26,LOW(@0)
                 	SBCI R27,HIGH(@0)
                 	SBCI R24,BYTE3(@0)
                 	SBCI R25,BYTE4(@0)
                 	.ENDM
                 
                 	.MACRO __ANDBMNN
                 	LDS  R30,@0+(@1)
                 	ANDI R30,LOW(@2)
                 	STS  @0+(@1),R30
                 	.ENDM
                 
                 	.MACRO __ANDWMNN
                 	LDS  R30,@0+(@1)
                 	ANDI R30,LOW(@2)
                 	STS  @0+(@1),R30
                 	LDS  R30,@0+(@1)+1
                 	ANDI R30,HIGH(@2)
                 	STS  @0+(@1)+1,R30
                 	.ENDM
                 
                 	.MACRO __ANDD1N
                 	ANDI R30,LOW(@0)
                 	ANDI R31,HIGH(@0)
                 	ANDI R22,BYTE3(@0)
                 	ANDI R23,BYTE4(@0)
                 	.ENDM
                 
                 	.MACRO __ANDD2N
                 	ANDI R26,LOW(@0)
                 	ANDI R27,HIGH(@0)
                 	ANDI R24,BYTE3(@0)
                 	ANDI R25,BYTE4(@0)
                 	.ENDM
                 
                 	.MACRO __ORBMNN
                 	LDS  R30,@0+(@1)
                 	ORI  R30,LOW(@2)
                 	STS  @0+(@1),R30
                 	.ENDM
                 
                 	.MACRO __ORWMNN
                 	LDS  R30,@0+(@1)
                 	ORI  R30,LOW(@2)
                 	STS  @0+(@1),R30
                 	LDS  R30,@0+(@1)+1
                 	ORI  R30,HIGH(@2)
                 	STS  @0+(@1)+1,R30
                 	.ENDM
                 
                 	.MACRO __ORD1N
                 	ORI  R30,LOW(@0)
                 	ORI  R31,HIGH(@0)
                 	ORI  R22,BYTE3(@0)
                 	ORI  R23,BYTE4(@0)
                 	.ENDM
                 
                 	.MACRO __ORD2N
                 	ORI  R26,LOW(@0)
                 	ORI  R27,HIGH(@0)
                 	ORI  R24,BYTE3(@0)
                 	ORI  R25,BYTE4(@0)
                 	.ENDM
                 
                 	.MACRO __DELAY_USB
                 	LDI  R24,LOW(@0)
                 __DELAY_USB_LOOP:
                 	DEC  R24
                 	BRNE __DELAY_USB_LOOP
                 	.ENDM
                 
                 	.MACRO __DELAY_USW
                 	LDI  R24,LOW(@0)
                 	LDI  R25,HIGH(@0)
                 __DELAY_USW_LOOP:
                 	SBIW R24,1
                 	BRNE __DELAY_USW_LOOP
                 	.ENDM
                 
                 	.MACRO __GETD1S
                 	LDD  R30,Y+@0
                 	LDD  R31,Y+@0+1
                 	LDD  R22,Y+@0+2
                 	LDD  R23,Y+@0+3
                 	.ENDM
                 
                 	.MACRO __GETD2S
                 	LDD  R26,Y+@0
                 	LDD  R27,Y+@0+1
                 	LDD  R24,Y+@0+2
                 	LDD  R25,Y+@0+3
                 	.ENDM
                 
                 	.MACRO __PUTD1S
                 	STD  Y+@0,R30
                 	STD  Y+@0+1,R31
                 	STD  Y+@0+2,R22
                 	STD  Y+@0+3,R23
                 	.ENDM
                 
                 	.MACRO __PUTD2S
                 	STD  Y+@0,R26
                 	STD  Y+@0+1,R27
                 	STD  Y+@0+2,R24
                 	STD  Y+@0+3,R25
                 	.ENDM
                 
                 	.MACRO __PUTDZ2
                 	STD  Z+@0,R26
                 	STD  Z+@0+1,R27
                 	STD  Z+@0+2,R24
                 	STD  Z+@0+3,R25
                 	.ENDM
                 
                 	.MACRO __CLRD1S
                 	STD  Y+@0,R30
                 	STD  Y+@0+1,R30
                 	STD  Y+@0+2,R30
                 	STD  Y+@0+3,R30
                 	.ENDM
                 
                 	.MACRO __POINTB1MN
                 	LDI  R30,LOW(@0+(@1))
                 	.ENDM
                 
                 	.MACRO __POINTW1MN
                 	LDI  R30,LOW(@0+(@1))
                 	LDI  R31,HIGH(@0+(@1))
                 	.ENDM
                 
                 	.MACRO __POINTD1M
                 	LDI  R30,LOW(@0)
                 	LDI  R31,HIGH(@0)
                 	LDI  R22,BYTE3(@0)
                 	LDI  R23,BYTE4(@0)
                 	.ENDM
                 
                 	.MACRO __POINTW1FN
                 	LDI  R30,LOW(2*@0+(@1))
                 	LDI  R31,HIGH(2*@0+(@1))
                 	.ENDM
                 
                 	.MACRO __POINTD1FN
                 	LDI  R30,LOW(2*@0+(@1))
                 	LDI  R31,HIGH(2*@0+(@1))
                 	LDI  R22,BYTE3(2*@0+(@1))
                 	LDI  R23,BYTE4(2*@0+(@1))
                 	.ENDM
                 
                 	.MACRO __POINTB2MN
                 	LDI  R26,LOW(@0+(@1))
                 	.ENDM
                 
                 	.MACRO __POINTW2MN
                 	LDI  R26,LOW(@0+(@1))
                 	LDI  R27,HIGH(@0+(@1))
                 	.ENDM
                 
                 	.MACRO __POINTW2FN
                 	LDI  R26,LOW(2*@0+(@1))
                 	LDI  R27,HIGH(2*@0+(@1))
                 	.ENDM
                 
                 	.MACRO __POINTD2FN
                 	LDI  R26,LOW(2*@0+(@1))
                 	LDI  R27,HIGH(2*@0+(@1))
                 	LDI  R24,BYTE3(2*@0+(@1))
                 	LDI  R25,BYTE4(2*@0+(@1))
                 	.ENDM
                 
                 	.MACRO __POINTBRM
                 	LDI  R@0,LOW(@1)
                 	.ENDM
                 
                 	.MACRO __POINTWRM
                 	LDI  R@0,LOW(@2)
                 	LDI  R@1,HIGH(@2)
                 	.ENDM
                 
                 	.MACRO __POINTBRMN
                 	LDI  R@0,LOW(@1+(@2))
                 	.ENDM
                 
                 	.MACRO __POINTWRMN
                 	LDI  R@0,LOW(@2+(@3))
                 	LDI  R@1,HIGH(@2+(@3))
                 	.ENDM
                 
                 	.MACRO __POINTWRFN
                 	LDI  R@0,LOW(@2*2+(@3))
                 	LDI  R@1,HIGH(@2*2+(@3))
                 	.ENDM
                 
                 	.MACRO __GETD1N
                 	LDI  R30,LOW(@0)
                 	LDI  R31,HIGH(@0)
                 	LDI  R22,BYTE3(@0)
                 	LDI  R23,BYTE4(@0)
                 	.ENDM
                 
                 	.MACRO __GETD2N
                 	LDI  R26,LOW(@0)
                 	LDI  R27,HIGH(@0)
                 	LDI  R24,BYTE3(@0)
                 	LDI  R25,BYTE4(@0)
                 	.ENDM
                 
                 	.MACRO __GETB1MN
                 	LDS  R30,@0+(@1)
                 	.ENDM
                 
                 	.MACRO __GETB1HMN
                 	LDS  R31,@0+(@1)
                 	.ENDM
                 
                 	.MACRO __GETW1MN
                 	LDS  R30,@0+(@1)
                 	LDS  R31,@0+(@1)+1
                 	.ENDM
                 
                 	.MACRO __GETD1MN
                 	LDS  R30,@0+(@1)
                 	LDS  R31,@0+(@1)+1
                 	LDS  R22,@0+(@1)+2
                 	LDS  R23,@0+(@1)+3
                 	.ENDM
                 
                 	.MACRO __GETBRMN
                 	LDS  R@0,@1+(@2)
                 	.ENDM
                 
                 	.MACRO __GETWRMN
                 	LDS  R@0,@2+(@3)
                 	LDS  R@1,@2+(@3)+1
                 	.ENDM
                 
                 	.MACRO __GETWRZ
                 	LDD  R@0,Z+@2
                 	LDD  R@1,Z+@2+1
                 	.ENDM
                 
                 	.MACRO __GETD2Z
                 	LDD  R26,Z+@0
                 	LDD  R27,Z+@0+1
                 	LDD  R24,Z+@0+2
                 	LDD  R25,Z+@0+3
                 	.ENDM
                 
                 	.MACRO __GETB2MN
                 	LDS  R26,@0+(@1)
                 	.ENDM
                 
                 	.MACRO __GETW2MN
                 	LDS  R26,@0+(@1)
                 	LDS  R27,@0+(@1)+1
                 	.ENDM
                 
                 	.MACRO __GETD2MN
                 	LDS  R26,@0+(@1)
                 	LDS  R27,@0+(@1)+1
                 	LDS  R24,@0+(@1)+2
                 	LDS  R25,@0+(@1)+3
                 	.ENDM
                 
                 	.MACRO __PUTB1MN
                 	STS  @0+(@1),R30
                 	.ENDM
                 
                 	.MACRO __PUTW1MN
                 	STS  @0+(@1),R30
                 	STS  @0+(@1)+1,R31
                 	.ENDM
                 
                 	.MACRO __PUTD1MN
                 	STS  @0+(@1),R30
                 	STS  @0+(@1)+1,R31
                 	STS  @0+(@1)+2,R22
                 	STS  @0+(@1)+3,R23
                 	.ENDM
                 
                 	.MACRO __PUTB1EN
                 	LDI  R26,LOW(@0+(@1))
                 	LDI  R27,HIGH(@0+(@1))
                 	CALL __EEPROMWRB
                 	.ENDM
                 
                 	.MACRO __PUTW1EN
                 	LDI  R26,LOW(@0+(@1))
                 	LDI  R27,HIGH(@0+(@1))
                 	CALL __EEPROMWRW
                 	.ENDM
                 
                 	.MACRO __PUTD1EN
                 	LDI  R26,LOW(@0+(@1))
                 	LDI  R27,HIGH(@0+(@1))
                 	CALL __EEPROMWRD
                 	.ENDM
                 
                 	.MACRO __PUTBR0MN
                 	STS  @0+(@1),R0
                 	.ENDM
                 
                 	.MACRO __PUTBMRN
                 	STS  @0+(@1),R@2
                 	.ENDM
                 
                 	.MACRO __PUTWMRN
                 	STS  @0+(@1),R@2
                 	STS  @0+(@1)+1,R@3
                 	.ENDM
                 
                 	.MACRO __PUTBZR
                 	STD  Z+@1,R@0
                 	.ENDM
                 
                 	.MACRO __PUTWZR
                 	STD  Z+@2,R@0
                 	STD  Z+@2+1,R@1
                 	.ENDM
                 
                 	.MACRO __GETW1R
                 	MOV  R30,R@0
                 	MOV  R31,R@1
                 	.ENDM
                 
                 	.MACRO __GETW2R
                 	MOV  R26,R@0
                 	MOV  R27,R@1
                 	.ENDM
                 
                 	.MACRO __GETWRN
                 	LDI  R@0,LOW(@2)
                 	LDI  R@1,HIGH(@2)
                 	.ENDM
                 
                 	.MACRO __PUTW1R
                 	MOV  R@0,R30
                 	MOV  R@1,R31
                 	.ENDM
                 
                 	.MACRO __PUTW2R
                 	MOV  R@0,R26
                 	MOV  R@1,R27
                 	.ENDM
                 
                 	.MACRO __ADDWRN
                 	SUBI R@0,LOW(-@2)
                 	SBCI R@1,HIGH(-@2)
                 	.ENDM
                 
                 	.MACRO __ADDWRR
                 	ADD  R@0,R@2
                 	ADC  R@1,R@3
                 	.ENDM
                 
                 	.MACRO __SUBWRN
                 	SUBI R@0,LOW(@2)
                 	SBCI R@1,HIGH(@2)
                 	.ENDM
                 
                 	.MACRO __SUBWRR
                 	SUB  R@0,R@2
                 	SBC  R@1,R@3
                 	.ENDM
                 
                 	.MACRO __ANDWRN
                 	ANDI R@0,LOW(@2)
                 	ANDI R@1,HIGH(@2)
                 	.ENDM
                 
                 	.MACRO __ANDWRR
                 	AND  R@0,R@2
                 	AND  R@1,R@3
                 	.ENDM
                 
                 	.MACRO __ORWRN
                 	ORI  R@0,LOW(@2)
                 	ORI  R@1,HIGH(@2)
                 	.ENDM
                 
                 	.MACRO __ORWRR
                 	OR   R@0,R@2
                 	OR   R@1,R@3
                 	.ENDM
                 
                 	.MACRO __EORWRR
                 	EOR  R@0,R@2
                 	EOR  R@1,R@3
                 	.ENDM
                 
                 	.MACRO __GETWRS
                 	LDD  R@0,Y+@2
                 	LDD  R@1,Y+@2+1
                 	.ENDM
                 
                 	.MACRO __PUTBSR
                 	STD  Y+@1,R@0
                 	.ENDM
                 
                 	.MACRO __PUTWSR
                 	STD  Y+@2,R@0
                 	STD  Y+@2+1,R@1
                 	.ENDM
                 
                 	.MACRO __MOVEWRR
                 	MOV  R@0,R@2
                 	MOV  R@1,R@3
                 	.ENDM
                 
                 	.MACRO __INWR
                 	IN   R@0,@2
                 	IN   R@1,@2+1
                 	.ENDM
                 
                 	.MACRO __OUTWR
                 	OUT  @2+1,R@1
                 	OUT  @2,R@0
                 	.ENDM
                 
                 	.MACRO __CALL1MN
                 	LDS  R30,@0+(@1)
                 	LDS  R31,@0+(@1)+1
                 	ICALL
                 	.ENDM
                 
                 	.MACRO __CALL1FN
                 	LDI  R30,LOW(2*@0+(@1))
                 	LDI  R31,HIGH(2*@0+(@1))
                 	CALL __GETW1PF
                 	ICALL
                 	.ENDM
                 
                 	.MACRO __CALL2EN
                 	PUSH R26
                 	PUSH R27
                 	LDI  R26,LOW(@0+(@1))
                 	LDI  R27,HIGH(@0+(@1))
                 	CALL __EEPROMRDW
                 	POP  R27
                 	POP  R26
                 	ICALL
                 	.ENDM
                 
                 	.MACRO __CALL2EX
                 	SUBI R26,LOW(-@0)
                 	SBCI R27,HIGH(-@0)
                 	CALL __EEPROMRDD
                 	ICALL
                 	.ENDM
                 
                 	.MACRO __GETW1STACK
                 	IN   R30,SPL
                 	IN   R31,SPH
                 	ADIW R30,@0+1
                 	LD   R0,Z+
                 	LD   R31,Z
                 	MOV  R30,R0
                 	.ENDM
                 
                 	.MACRO __GETD1STACK
                 	IN   R30,SPL
                 	IN   R31,SPH
                 	ADIW R30,@0+1
                 	LD   R0,Z+
                 	LD   R1,Z+
                 	LD   R22,Z
                 	MOVW R30,R0
                 	.ENDM
                 
                 	.MACRO __NBST
                 	BST  R@0,@1
                 	IN   R30,SREG
                 	LDI  R31,0x40
                 	EOR  R30,R31
                 	OUT  SREG,R30
                 	.ENDM
                 
                 
                 	.MACRO __PUTB1SN
                 	LDD  R26,Y+@0
                 	LDD  R27,Y+@0+1
                 	SUBI R26,LOW(-@1)
                 	SBCI R27,HIGH(-@1)
                 	ST   X,R30
                 	.ENDM
                 
                 	.MACRO __PUTW1SN
                 	LDD  R26,Y+@0
                 	LDD  R27,Y+@0+1
                 	SUBI R26,LOW(-@1)
                 	SBCI R27,HIGH(-@1)
                 	ST   X+,R30
                 	ST   X,R31
                 	.ENDM
                 
                 	.MACRO __PUTD1SN
                 	LDD  R26,Y+@0
                 	LDD  R27,Y+@0+1
                 	SUBI R26,LOW(-@1)
                 	SBCI R27,HIGH(-@1)
                 	CALL __PUTDP1
                 	.ENDM
                 
                 	.MACRO __PUTB1SNS
                 	LDD  R26,Y+@0
                 	LDD  R27,Y+@0+1
                 	ADIW R26,@1
                 	ST   X,R30
                 	.ENDM
                 
                 	.MACRO __PUTW1SNS
                 	LDD  R26,Y+@0
                 	LDD  R27,Y+@0+1
                 	ADIW R26,@1
                 	ST   X+,R30
                 	ST   X,R31
                 	.ENDM
                 
                 	.MACRO __PUTD1SNS
                 	LDD  R26,Y+@0
                 	LDD  R27,Y+@0+1
                 	ADIW R26,@1
                 	CALL __PUTDP1
                 	.ENDM
                 
                 	.MACRO __PUTB1PMN
                 	LDS  R26,@0
                 	LDS  R27,@0+1
                 	SUBI R26,LOW(-@1)
                 	SBCI R27,HIGH(-@1)
                 	ST   X,R30
                 	.ENDM
                 
                 	.MACRO __PUTW1PMN
                 	LDS  R26,@0
                 	LDS  R27,@0+1
                 	SUBI R26,LOW(-@1)
                 	SBCI R27,HIGH(-@1)
                 	ST   X+,R30
                 	ST   X,R31
                 	.ENDM
                 
                 	.MACRO __PUTD1PMN
                 	LDS  R26,@0
                 	LDS  R27,@0+1
                 	SUBI R26,LOW(-@1)
                 	SBCI R27,HIGH(-@1)
                 	CALL __PUTDP1
                 	.ENDM
                 
                 	.MACRO __PUTB1PMNS
                 	LDS  R26,@0
                 	LDS  R27,@0+1
                 	ADIW R26,@1
                 	ST   X,R30
                 	.ENDM
                 
                 	.MACRO __PUTW1PMNS
                 	LDS  R26,@0
                 	LDS  R27,@0+1
                 	ADIW R26,@1
                 	ST   X+,R30
                 	ST   X,R31
                 	.ENDM
                 
                 	.MACRO __PUTD1PMNS
                 	LDS  R26,@0
                 	LDS  R27,@0+1
                 	ADIW R26,@1
                 	CALL __PUTDP1
                 	.ENDM
                 
                 	.MACRO __PUTB1RN
                 	MOVW R26,R@0
                 	SUBI R26,LOW(-@1)
                 	SBCI R27,HIGH(-@1)
                 	ST   X,R30
                 	.ENDM
                 
                 	.MACRO __PUTW1RN
                 	MOVW R26,R@0
                 	SUBI R26,LOW(-@1)
                 	SBCI R27,HIGH(-@1)
                 	ST   X+,R30
                 	ST   X,R31
                 	.ENDM
                 
                 	.MACRO __PUTD1RN
                 	MOVW R26,R@0
                 	SUBI R26,LOW(-@1)
                 	SBCI R27,HIGH(-@1)
                 	CALL __PUTDP1
                 	.ENDM
                 
                 	.MACRO __PUTB1RNS
                 	MOVW R26,R@0
                 	ADIW R26,@1
                 	ST   X,R30
                 	.ENDM
                 
                 	.MACRO __PUTW1RNS
                 	MOVW R26,R@0
                 	ADIW R26,@1
                 	ST   X+,R30
                 	ST   X,R31
                 	.ENDM
                 
                 	.MACRO __PUTD1RNS
                 	MOVW R26,R@0
                 	ADIW R26,@1
                 	CALL __PUTDP1
                 	.ENDM
                 
                 	.MACRO __PUTB1RON
                 	MOV  R26,R@0
                 	MOV  R27,R@1
                 	SUBI R26,LOW(-@2)
                 	SBCI R27,HIGH(-@2)
                 	ST   X,R30
                 	.ENDM
                 
                 	.MACRO __PUTW1RON
                 	MOV  R26,R@0
                 	MOV  R27,R@1
                 	SUBI R26,LOW(-@2)
                 	SBCI R27,HIGH(-@2)
                 	ST   X+,R30
                 	ST   X,R31
                 	.ENDM
                 
                 	.MACRO __PUTD1RON
                 	MOV  R26,R@0
                 	MOV  R27,R@1
                 	SUBI R26,LOW(-@2)
                 	SBCI R27,HIGH(-@2)
                 	CALL __PUTDP1
                 	.ENDM
                 
                 	.MACRO __PUTB1RONS
                 	MOV  R26,R@0
                 	MOV  R27,R@1
                 	ADIW R26,@2
                 	ST   X,R30
                 	.ENDM
                 
                 	.MACRO __PUTW1RONS
                 	MOV  R26,R@0
                 	MOV  R27,R@1
                 	ADIW R26,@2
                 	ST   X+,R30
                 	ST   X,R31
                 	.ENDM
                 
                 	.MACRO __PUTD1RONS
                 	MOV  R26,R@0
                 	MOV  R27,R@1
                 	ADIW R26,@2
                 	CALL __PUTDP1
                 	.ENDM
                 
                 
                 	.MACRO __GETB1SX
                 	MOVW R30,R28
                 	SUBI R30,LOW(-@0)
                 	SBCI R31,HIGH(-@0)
                 	LD   R30,Z
                 	.ENDM
                 
                 	.MACRO __GETB1HSX
                 	MOVW R30,R28
                 	SUBI R30,LOW(-@0)
                 	SBCI R31,HIGH(-@0)
                 	LD   R31,Z
                 	.ENDM
                 
                 	.MACRO __GETW1SX
                 	MOVW R30,R28
                 	SUBI R30,LOW(-@0)
                 	SBCI R31,HIGH(-@0)
                 	LD   R0,Z+
                 	LD   R31,Z
                 	MOV  R30,R0
                 	.ENDM
                 
                 	.MACRO __GETD1SX
                 	MOVW R30,R28
                 	SUBI R30,LOW(-@0)
                 	SBCI R31,HIGH(-@0)
                 	LD   R0,Z+
                 	LD   R1,Z+
                 	LD   R22,Z+
                 	LD   R23,Z
                 	MOVW R30,R0
                 	.ENDM
                 
                 	.MACRO __GETB2SX
                 	MOVW R26,R28
                 	SUBI R26,LOW(-@0)
                 	SBCI R27,HIGH(-@0)
                 	LD   R26,X
                 	.ENDM
                 
                 	.MACRO __GETW2SX
                 	MOVW R26,R28
                 	SUBI R26,LOW(-@0)
                 	SBCI R27,HIGH(-@0)
                 	LD   R0,X+
                 	LD   R27,X
                 	MOV  R26,R0
                 	.ENDM
                 
                 	.MACRO __GETD2SX
                 	MOVW R26,R28
                 	SUBI R26,LOW(-@0)
                 	SBCI R27,HIGH(-@0)
                 	LD   R0,X+
                 	LD   R1,X+
                 	LD   R24,X+
                 	LD   R25,X
                 	MOVW R26,R0
                 	.ENDM
                 
                 	.MACRO __GETBRSX
                 	MOVW R30,R28
                 	SUBI R30,LOW(-@1)
                 	SBCI R31,HIGH(-@1)
                 	LD   R@0,Z
                 	.ENDM
                 
                 	.MACRO __GETWRSX
                 	MOVW R30,R28
                 	SUBI R30,LOW(-@2)
                 	SBCI R31,HIGH(-@2)
                 	LD   R@0,Z+
                 	LD   R@1,Z
                 	.ENDM
                 
                 	.MACRO __GETBRSX2
                 	MOVW R26,R28
                 	SUBI R26,LOW(-@1)
                 	SBCI R27,HIGH(-@1)
                 	LD   R@0,X
                 	.ENDM
                 
                 	.MACRO __GETWRSX2
                 	MOVW R26,R28
                 	SUBI R26,LOW(-@2)
                 	SBCI R27,HIGH(-@2)
                 	LD   R@0,X+
                 	LD   R@1,X
                 	.ENDM
                 
                 	.MACRO __LSLW8SX
                 	MOVW R30,R28
                 	SUBI R30,LOW(-@0)
                 	SBCI R31,HIGH(-@0)
                 	LD   R31,Z
                 	CLR  R30
                 	.ENDM
                 
                 	.MACRO __PUTB1SX
                 	MOVW R26,R28
                 	SUBI R26,LOW(-@0)
                 	SBCI R27,HIGH(-@0)
                 	ST   X,R30
                 	.ENDM
                 
                 	.MACRO __PUTW1SX
                 	MOVW R26,R28
                 	SUBI R26,LOW(-@0)
                 	SBCI R27,HIGH(-@0)
                 	ST   X+,R30
                 	ST   X,R31
                 	.ENDM
                 
                 	.MACRO __PUTD1SX
                 	MOVW R26,R28
                 	SUBI R26,LOW(-@0)
                 	SBCI R27,HIGH(-@0)
                 	ST   X+,R30
                 	ST   X+,R31
                 	ST   X+,R22
                 	ST   X,R23
                 	.ENDM
                 
                 	.MACRO __CLRW1SX
                 	MOVW R26,R28
                 	SUBI R26,LOW(-@0)
                 	SBCI R27,HIGH(-@0)
                 	ST   X+,R30
                 	ST   X,R30
                 	.ENDM
                 
                 	.MACRO __CLRD1SX
                 	MOVW R26,R28
                 	SUBI R26,LOW(-@0)
                 	SBCI R27,HIGH(-@0)
                 	ST   X+,R30
                 	ST   X+,R30
                 	ST   X+,R30
                 	ST   X,R30
                 	.ENDM
                 
                 	.MACRO __PUTB2SX
                 	MOVW R30,R28
                 	SUBI R30,LOW(-@0)
                 	SBCI R31,HIGH(-@0)
                 	ST   Z,R26
                 	.ENDM
                 
                 	.MACRO __PUTW2SX
                 	MOVW R30,R28
                 	SUBI R30,LOW(-@0)
                 	SBCI R31,HIGH(-@0)
                 	ST   Z+,R26
                 	ST   Z,R27
                 	.ENDM
                 
                 	.MACRO __PUTD2SX
                 	MOVW R30,R28
                 	SUBI R30,LOW(-@0)
                 	SBCI R31,HIGH(-@0)
                 	ST   Z+,R26
                 	ST   Z+,R27
                 	ST   Z+,R24
                 	ST   Z,R25
                 	.ENDM
                 
                 	.MACRO __PUTBSRX
                 	MOVW R30,R28
                 	SUBI R30,LOW(-@1)
                 	SBCI R31,HIGH(-@1)
                 	ST   Z,R@0
                 	.ENDM
                 
                 	.MACRO __PUTWSRX
                 	MOVW R30,R28
                 	SUBI R30,LOW(-@2)
                 	SBCI R31,HIGH(-@2)
                 	ST   Z+,R@0
                 	ST   Z,R@1
                 	.ENDM
                 
                 	.MACRO __PUTB1SNX
                 	MOVW R26,R28
                 	SUBI R26,LOW(-@0)
                 	SBCI R27,HIGH(-@0)
                 	LD   R0,X+
                 	LD   R27,X
                 	MOV  R26,R0
                 	SUBI R26,LOW(-@1)
                 	SBCI R27,HIGH(-@1)
                 	ST   X,R30
                 	.ENDM
                 
                 	.MACRO __PUTW1SNX
                 	MOVW R26,R28
                 	SUBI R26,LOW(-@0)
                 	SBCI R27,HIGH(-@0)
                 	LD   R0,X+
                 	LD   R27,X
                 	MOV  R26,R0
                 	SUBI R26,LOW(-@1)
                 	SBCI R27,HIGH(-@1)
                 	ST   X+,R30
                 	ST   X,R31
                 	.ENDM
                 
                 	.MACRO __PUTD1SNX
                 	MOVW R26,R28
                 	SUBI R26,LOW(-@0)
                 	SBCI R27,HIGH(-@0)
                 	LD   R0,X+
                 	LD   R27,X
                 	MOV  R26,R0
                 	SUBI R26,LOW(-@1)
                 	SBCI R27,HIGH(-@1)
                 	ST   X+,R30
                 	ST   X+,R31
                 	ST   X+,R22
                 	ST   X,R23
                 	.ENDM
                 
                 	.MACRO __MULBRR
                 	MULS R@0,R@1
                 	MOVW R30,R0
                 	.ENDM
                 
                 	.MACRO __MULBRRU
                 	MUL  R@0,R@1
                 	MOVW R30,R0
                 	.ENDM
                 
                 	.MACRO __MULBRR0
                 	MULS R@0,R@1
                 	.ENDM
                 
                 	.MACRO __MULBRRU0
                 	MUL  R@0,R@1
                 	.ENDM
                 
                 	.MACRO __MULBNWRU
                 	LDI  R26,@2
                 	MUL  R26,R@0
                 	MOVW R30,R0
                 	MUL  R26,R@1
                 	ADD  R31,R0
                 	.ENDM
                 
                 ;NAME DEFINITIONS FOR GLOBAL VARIABLES ALLOCATED TO REGISTERS
                 	.DEF _hour=R5
                 	.DEF _minute=R4
                 	.DEF _second=R7
                 	.DEF _week=R6
                 	.DEF _day=R9
                 	.DEF _month=R8
                 	.DEF _year=R11
                 	.DEF _str=R12
                 	.DEF _str_msb=R13
                 	.DEF __lcd_x=R10
                 
                 	.CSEG
                 	.ORG 0x00
                 
                 ;START OF CODE MARKER
                 __START_OF_CODE:
                 
                 ;INTERRUPT VECTORS
000000 940c 0047 	JMP  __RESET
000002 940c 0000 	JMP  0x00
000004 940c 0000 	JMP  0x00
000006 940c 0000 	JMP  0x00
000008 940c 0000 	JMP  0x00
00000a 940c 0000 	JMP  0x00
00000c 940c 0000 	JMP  0x00
00000e 940c 0000 	JMP  0x00
000010 940c 0000 	JMP  0x00
000012 940c 0000 	JMP  0x00
000014 940c 0000 	JMP  0x00
000016 940c 0000 	JMP  0x00
000018 940c 0000 	JMP  0x00
00001a 940c 0000 	JMP  0x00
00001c 940c 0000 	JMP  0x00
00001e 940c 0000 	JMP  0x00
000020 940c 0000 	JMP  0x00
000022 940c 0000 	JMP  0x00
000024 940c 0000 	JMP  0x00
000026 940c 0000 	JMP  0x00
000028 940c 0000 	JMP  0x00
                 
                 _0x0:
00002a 6954
00002b 656d
00002c 203a
00002d 4400      	.DB  0x54,0x69,0x6D,0x65,0x3A,0x20,0x0,0x44
00002e 7461
00002f 3a65
000030 0020
000031 3032      	.DB  0x61,0x74,0x65,0x3A,0x20,0x0,0x32,0x30
\\Mac\Home\Desktop\Az rizpar\NikiNezakati_98522094_LAB11\code_vision\Debug\List\lab11.asm(1131): warning: .cseg .db misalignment - padding zero byte
000032 0000      	.DB  0x0
                 _0x2020003:
000033 c080      	.DB  0x80,0xC0
                 _0x2040060:
\\Mac\Home\Desktop\Az rizpar\NikiNezakati_98522094_LAB11\code_vision\Debug\List\lab11.asm(1135): warning: .cseg .db misalignment - padding zero byte
000034 0001      	.DB  0x1
                 _0x2040000:
000035 4e2d
000036 4e41
000037 4900
000038 464e      	.DB  0x2D,0x4E,0x41,0x4E,0x0,0x49,0x4E,0x46
\\Mac\Home\Desktop\Az rizpar\NikiNezakati_98522094_LAB11\code_vision\Debug\List\lab11.asm(1138): warning: .cseg .db misalignment - padding zero byte
000039 0000      	.DB  0x0
                 
                 __GLOBAL_INI_TBL:
00003a 0007      	.DW  0x07
00003b 0260      	.DW  _0x6
00003c 0054      	.DW  _0x0*2
                 
00003d 0007      	.DW  0x07
00003e 0267      	.DW  _0x6+7
00003f 005b      	.DW  _0x0*2+7
                 
000040 0002      	.DW  0x02
000041 026e      	.DW  __base_y_G101
000042 0066      	.DW  _0x2020003*2
                 
000043 0001      	.DW  0x01
000044 0274      	.DW  __seed_G102
000045 0068      	.DW  _0x2040060*2
                 
                 _0xFFFFFFFF:
000046 0000      	.DW  0
                 
                 #define __GLOBAL_INI_TBL_PRESENT 1
                 
                 __RESET:
000047 94f8      	CLI
000048 27ee      	CLR  R30
000049 bbec      	OUT  EECR,R30
                 
                 ;INTERRUPT VECTORS ARE PLACED
                 ;AT THE START OF FLASH
00004a e0f1      	LDI  R31,1
00004b bffb      	OUT  GICR,R31
00004c bfeb      	OUT  GICR,R30
00004d bfe5      	OUT  MCUCR,R30
                 
                 ;CLEAR R2-R14
00004e e08d      	LDI  R24,(14-2)+1
00004f e0a2      	LDI  R26,2
000050 27bb      	CLR  R27
                 __CLEAR_REG:
000051 93ed      	ST   X+,R30
000052 958a      	DEC  R24
000053 f7e9      	BRNE __CLEAR_REG
                 
                 ;CLEAR SRAM
000054 e080      	LDI  R24,LOW(__CLEAR_SRAM_SIZE)
000055 e098      	LDI  R25,HIGH(__CLEAR_SRAM_SIZE)
000056 e6a0      	LDI  R26,__SRAM_START
                 __CLEAR_SRAM:
000057 93ed      	ST   X+,R30
000058 9701      	SBIW R24,1
000059 f7e9      	BRNE __CLEAR_SRAM
                 
                 ;GLOBAL VARIABLES INITIALIZATION
00005a e7e4      	LDI  R30,LOW(__GLOBAL_INI_TBL*2)
00005b e0f0      	LDI  R31,HIGH(__GLOBAL_INI_TBL*2)
                 __GLOBAL_INI_NEXT:
00005c 9185      	LPM  R24,Z+
00005d 9195      	LPM  R25,Z+
00005e 9700      	SBIW R24,0
00005f f061      	BREQ __GLOBAL_INI_END
000060 91a5      	LPM  R26,Z+
000061 91b5      	LPM  R27,Z+
000062 9005      	LPM  R0,Z+
000063 9015      	LPM  R1,Z+
000064 01bf      	MOVW R22,R30
000065 01f0      	MOVW R30,R0
                 __GLOBAL_INI_LOOP:
000066 9005      	LPM  R0,Z+
000067 920d      	ST   X+,R0
000068 9701      	SBIW R24,1
000069 f7e1      	BRNE __GLOBAL_INI_LOOP
00006a 01fb      	MOVW R30,R22
00006b cff0      	RJMP __GLOBAL_INI_NEXT
                 __GLOBAL_INI_END:
                 
                 ;HARDWARE STACK POINTER INITIALIZATION
00006c e5ef      	LDI  R30,LOW(__SRAM_END-__HEAP_SIZE)
00006d bfed      	OUT  SPL,R30
00006e e0e8      	LDI  R30,HIGH(__SRAM_END-__HEAP_SIZE)
00006f bfee      	OUT  SPH,R30
                 
                 ;DATA STACK POINTER INITIALIZATION
000070 e6c0      	LDI  R28,LOW(__SRAM_START+__DSTACK_SIZE)
000071 e0d2      	LDI  R29,HIGH(__SRAM_START+__DSTACK_SIZE)
                 
000072 940c 0074 	JMP  _main
                 
                 	.ESEG
                 	.ORG 0
                 
                 	.DSEG
                 	.ORG 0x260
                 
                 	.CSEG
                 ;
                 ;//Niki Nezakati - 98522094
                 ;/*******************************************************
                 ;This program was created by the
                 ;CodeWizardAVR V3.12 Advanced
                 ;Automatic Program Generator
                 ;© Copyright 1998-2014 Pavel Haiduc, HP InfoTech s.r.l.
                 ;http://www.hpinfotech.com
                 ;
                 ;Project :  LAB 11
                 ;Version :
                 ;Date    : 5/20/2022
                 ;Author  : Niki Nezakati - 98522094
                 ;Company :
                 ;Comments:
                 ;
                 ;
                 ;Chip type               : ATmega32
                 ;Program type            : Application
                 ;AVR Core Clock frequency: 8.000000 MHz
                 ;Memory model            : Small
                 ;External RAM size       : 0
                 ;Data Stack size         : 512
                 ;*******************************************************/
                 ;
                 ;#include <mega32.h>
                 	#ifndef __SLEEP_DEFINED__
                 	#define __SLEEP_DEFINED__
                 	.EQU __se_bit=0x80
                 	.EQU __sm_mask=0x70
                 	.EQU __sm_powerdown=0x20
                 	.EQU __sm_powersave=0x30
                 	.EQU __sm_standby=0x60
                 	.EQU __sm_ext_standby=0x70
                 	.EQU __sm_adc_noise_red=0x10
                 	.SET power_ctrl_reg=mcucr
                 	#endif
                 ;
                 ;// I2C Bus functions
                 ;#include <i2c.h>
                 ;
                 ;// DS1307 Real Time Clock functions
                 ;#include <ds1307.h>
                 ;
                 ;// Alphanumeric LCD functions
                 ;#include <alcd.h>
                 ;#include <stdlib.h>
                 ;#include <delay.h>
                 ;
                 ;// Declare your global variables here
                 ;
                 ;unsigned char hour, minute, second;
                 ;unsigned char week, day, month, year;
                 ;char* str;
                 ;
                 ;void main(void)
                 ; 0000 002E {
                 
                 	.CSEG
                 _main:
                 ; .FSTART _main
                 ; 0000 002F // Declare your local variables here
                 ; 0000 0030 
                 ; 0000 0031 // Input/Output Ports initialization
                 ; 0000 0032 // Port A initialization
                 ; 0000 0033 // Function: Bit7=Out Bit6=Out Bit5=Out Bit4=Out Bit3=Out Bit2=Out Bit1=Out Bit0=Out
                 ; 0000 0034 DDRA=(1<<DDA7) | (1<<DDA6) | (1<<DDA5) | (1<<DDA4) | (1<<DDA3) | (1<<DDA2) | (1<<DDA1) | (1<<DDA0);
000074 efef      	LDI  R30,LOW(255)
000075 bbea      	OUT  0x1A,R30
                 ; 0000 0035 // State: Bit7=0 Bit6=0 Bit5=0 Bit4=0 Bit3=0 Bit2=0 Bit1=0 Bit0=0
                 ; 0000 0036 PORTA=(0<<PORTA7) | (0<<PORTA6) | (0<<PORTA5) | (0<<PORTA4) | (0<<PORTA3) | (0<<PORTA2) | (0<<PORTA1) | (0<<PORTA0);
000076 e0e0      	LDI  R30,LOW(0)
000077 bbeb      	OUT  0x1B,R30
                 ; 0000 0037 
                 ; 0000 0038 // Port B initialization
                 ; 0000 0039 // Function: Bit7=In Bit6=In Bit5=In Bit4=In Bit3=In Bit2=In Bit1=In Bit0=In
                 ; 0000 003A DDRB=(0<<DDB7) | (0<<DDB6) | (0<<DDB5) | (0<<DDB4) | (0<<DDB3) | (0<<DDB2) | (0<<DDB1) | (0<<DDB0);
000078 bbe7      	OUT  0x17,R30
                 ; 0000 003B // State: Bit7=T Bit6=T Bit5=T Bit4=T Bit3=T Bit2=T Bit1=T Bit0=T
                 ; 0000 003C PORTB=(0<<PORTB7) | (0<<PORTB6) | (0<<PORTB5) | (0<<PORTB4) | (0<<PORTB3) | (0<<PORTB2) | (0<<PORTB1) | (0<<PORTB0);
000079 bbe8      	OUT  0x18,R30
                 ; 0000 003D 
                 ; 0000 003E // Port C initialization
                 ; 0000 003F // Function: Bit7=In Bit6=In Bit5=In Bit4=In Bit3=In Bit2=In Bit1=In Bit0=In
                 ; 0000 0040 DDRC=(0<<DDC7) | (0<<DDC6) | (0<<DDC5) | (0<<DDC4) | (0<<DDC3) | (0<<DDC2) | (0<<DDC1) | (0<<DDC0);
00007a bbe4      	OUT  0x14,R30
                 ; 0000 0041 // State: Bit7=T Bit6=T Bit5=T Bit4=T Bit3=T Bit2=T Bit1=T Bit0=T
                 ; 0000 0042 PORTC=(0<<PORTC7) | (0<<PORTC6) | (0<<PORTC5) | (0<<PORTC4) | (0<<PORTC3) | (0<<PORTC2) | (0<<PORTC1) | (0<<PORTC0);
00007b bbe5      	OUT  0x15,R30
                 ; 0000 0043 
                 ; 0000 0044 // Port D initialization
                 ; 0000 0045 // Function: Bit7=In Bit6=In Bit5=In Bit4=In Bit3=In Bit2=In Bit1=In Bit0=In
                 ; 0000 0046 DDRD=(0<<DDD7) | (0<<DDD6) | (0<<DDD5) | (0<<DDD4) | (0<<DDD3) | (0<<DDD2) | (0<<DDD1) | (0<<DDD0);
00007c bbe1      	OUT  0x11,R30
                 ; 0000 0047 // State: Bit7=T Bit6=T Bit5=T Bit4=T Bit3=T Bit2=T Bit1=T Bit0=T
                 ; 0000 0048 PORTD=(0<<PORTD7) | (0<<PORTD6) | (0<<PORTD5) | (0<<PORTD4) | (0<<PORTD3) | (0<<PORTD2) | (0<<PORTD1) | (0<<PORTD0);
00007d bbe2      	OUT  0x12,R30
                 ; 0000 0049 
                 ; 0000 004A // Bit-Banged I2C Bus initialization
                 ; 0000 004B // I2C Port: PORTC
                 ; 0000 004C // I2C SDA bit: 1
                 ; 0000 004D // I2C SCL bit: 0
                 ; 0000 004E // Bit Rate: 100 kHz
                 ; 0000 004F // Note: I2C settings are specified in the
                 ; 0000 0050 // Project|Configure|C Compiler|Libraries|I2C menu.
                 ; 0000 0051 i2c_init();
00007e 940e 0245 	CALL _i2c_init
                 ; 0000 0052 
                 ; 0000 0053 // DS1307 Real Time Clock initialization
                 ; 0000 0054 // Square wave output on pin SQW/OUT: Off
                 ; 0000 0055 // SQW/OUT pin state: 0
                 ; 0000 0056 rtc_init(0,0,0);
000080 e0e0      	LDI  R30,LOW(0)
000081 93ea      	ST   -Y,R30
000082 93ea      	ST   -Y,R30
000083 e0a0      	LDI  R26,LOW(0)
000084 d04a      	RCALL _rtc_init
                 ; 0000 0057 
                 ; 0000 0058 // Alphanumeric LCD initialization
                 ; 0000 0059 // Connections are specified in the
                 ; 0000 005A // Project|Configure|C Compiler|Libraries|Alphanumeric LCD menu:
                 ; 0000 005B // RS - PORTA Bit 0
                 ; 0000 005C // RD - PORTA Bit 1
                 ; 0000 005D // EN - PORTA Bit 2
                 ; 0000 005E // D4 - PORTA Bit 4
                 ; 0000 005F // D5 - PORTA Bit 5
                 ; 0000 0060 // D6 - PORTA Bit 6
                 ; 0000 0061 // D7 - PORTA Bit 7
                 ; 0000 0062 // Characters/line: 20
                 ; 0000 0063 lcd_init(20);
000085 e1a4      	LDI  R26,LOW(20)
000086 d10d      	RCALL _lcd_init
                 ; 0000 0064 
                 ; 0000 0065 while (1)
                 _0x3:
                 ; 0000 0066     {
                 ; 0000 0067       lcd_clear();
000087 d0c3      	RCALL _lcd_clear
                 ; 0000 0068       rtc_get_time(&hour,&minute,&second);
000088 e0e5      	LDI  R30,LOW(5)
000089 e0f0      	LDI  R31,HIGH(5)
00008a 93fa      	ST   -Y,R31
00008b 93ea      	ST   -Y,R30
00008c e0e4      	LDI  R30,LOW(4)
00008d e0f0      	LDI  R31,HIGH(4)
00008e 93fa      	ST   -Y,R31
00008f 93ea      	ST   -Y,R30
000090 e0a7      	LDI  R26,LOW(7)
000091 e0b0      	LDI  R27,HIGH(7)
000092 d055      	RCALL _rtc_get_time
                 ; 0000 0069       rtc_get_date(&week,&day,&month,&year);
000093 e0e6      	LDI  R30,LOW(6)
000094 e0f0      	LDI  R31,HIGH(6)
000095 93fa      	ST   -Y,R31
000096 93ea      	ST   -Y,R30
000097 e0e9      	LDI  R30,LOW(9)
000098 e0f0      	LDI  R31,HIGH(9)
000099 93fa      	ST   -Y,R31
00009a 93ea      	ST   -Y,R30
00009b e0e8      	LDI  R30,LOW(8)
00009c e0f0      	LDI  R31,HIGH(8)
00009d 93fa      	ST   -Y,R31
00009e 93ea      	ST   -Y,R30
00009f e0ab      	LDI  R26,LOW(11)
0000a0 e0b0      	LDI  R27,HIGH(11)
0000a1 d05f      	RCALL _rtc_get_date
                 ; 0000 006A 
                 ; 0000 006B       lcd_gotoxy(0,0);
0000a2 e0e0      	LDI  R30,LOW(0)
0000a3 93ea      	ST   -Y,R30
0000a4 e0a0      	LDI  R26,LOW(0)
0000a5 d096      	RCALL _lcd_gotoxy
                 ; 0000 006C       lcd_puts("Time: ");
                +
0000a6 e6a0     +LDI R26 , LOW ( _0x6 + ( 0 ) )
0000a7 e0b2     +LDI R27 , HIGH ( _0x6 + ( 0 ) )
                 	__POINTW2MN _0x6,0
0000a8 d0c9      	RCALL _lcd_puts
                 ; 0000 006D       itoa((int)hour,str);
0000a9 2de5      	MOV  R30,R5
0000aa 940e 01fe 	CALL SUBOPT_0x0
                 ; 0000 006E       lcd_puts(str);
                 ; 0000 006F       lcd_putchar(':');
                 ; 0000 0070       itoa((int)minute,str);
0000ac 2de4      	MOV  R30,R4
0000ad 940e 01fe 	CALL SUBOPT_0x0
                 ; 0000 0071       lcd_puts(str);
                 ; 0000 0072       lcd_putchar(':');
                 ; 0000 0073       itoa((int)second,str);
0000af 2de7      	MOV  R30,R7
0000b0 940e 020a 	CALL SUBOPT_0x1
                 ; 0000 0074       lcd_puts(str);
                 ; 0000 0075       lcd_gotoxy(0,1);
0000b2 e0e0      	LDI  R30,LOW(0)
0000b3 93ea      	ST   -Y,R30
0000b4 e0a1      	LDI  R26,LOW(1)
0000b5 d086      	RCALL _lcd_gotoxy
                 ; 0000 0076       lcd_puts("Date: ");
                +
0000b6 e6a7     +LDI R26 , LOW ( _0x6 + ( 7 ) )
0000b7 e0b2     +LDI R27 , HIGH ( _0x6 + ( 7 ) )
                 	__POINTW2MN _0x6,7
0000b8 d0b9      	RCALL _lcd_puts
                 ; 0000 0077       itoa((int)day,str);
0000b9 2de9      	MOV  R30,R9
0000ba 940e 020a 	CALL SUBOPT_0x1
                 ; 0000 0078       lcd_puts(str);
                 ; 0000 0079       lcd_putchar('/');
0000bc e2af      	LDI  R26,LOW(47)
0000bd d09a      	RCALL _lcd_putchar
                 ; 0000 007A       itoa((int)month,str);
0000be 2de8      	MOV  R30,R8
0000bf 940e 020a 	CALL SUBOPT_0x1
                 ; 0000 007B       lcd_puts(str);
                 ; 0000 007C       lcd_putchar('/');
0000c1 e2af      	LDI  R26,LOW(47)
0000c2 d095      	RCALL _lcd_putchar
                 ; 0000 007D       lcd_putsf("20");
                +
0000c3 e6a2     +LDI R26 , LOW ( 2 * _0x0 + ( 14 ) )
0000c4 e0b0     +LDI R27 , HIGH ( 2 * _0x0 + ( 14 ) )
                 	__POINTW2FN _0x0,14
0000c5 d0bb      	RCALL _lcd_putsf
                 ; 0000 007E       itoa((int)year,str);
0000c6 2deb      	MOV  R30,R11
0000c7 940e 020a 	CALL SUBOPT_0x1
                 ; 0000 007F       lcd_puts(str);
                 ; 0000 0080       delay_ms(400);
0000c9 e9a0      	LDI  R26,LOW(400)
0000ca e0b1      	LDI  R27,HIGH(400)
0000cb 940e 0296 	CALL _delay_ms
                 ; 0000 0081       }
0000cd cfb9      	RJMP _0x3
                 ; 0000 0082 }
                 _0x7:
0000ce cfff      	RJMP _0x7
                 ; .FEND
                 
                 	.DSEG
                 _0x6:
000260           	.BYTE 0xE
                 
                 	.CSEG
                 _rtc_init:
                 ; .FSTART _rtc_init
0000cf 93aa      	ST   -Y,R26
0000d0 81ea      	LDD  R30,Y+2
0000d1 70e3      	ANDI R30,LOW(0x3)
0000d2 83ea      	STD  Y+2,R30
0000d3 81e9      	LDD  R30,Y+1
0000d4 30e0      	CPI  R30,0
0000d5 f019      	BREQ _0x2000003
0000d6 81ea      	LDD  R30,Y+2
0000d7 61e0      	ORI  R30,0x10
0000d8 83ea      	STD  Y+2,R30
                 _0x2000003:
0000d9 81e8      	LD   R30,Y
0000da 30e0      	CPI  R30,0
0000db f019      	BREQ _0x2000004
0000dc 81ea      	LDD  R30,Y+2
0000dd 68e0      	ORI  R30,0x80
0000de 83ea      	STD  Y+2,R30
                 _0x2000004:
0000df 940e 0213 	CALL SUBOPT_0x2
0000e1 e0a7      	LDI  R26,LOW(7)
0000e2 940e 027e 	CALL _i2c_write
0000e4 81aa      	LDD  R26,Y+2
0000e5 940e 0218 	CALL SUBOPT_0x3
0000e7 c0aa      	RJMP _0x20E0003
                 ; .FEND
                 _rtc_get_time:
                 ; .FSTART _rtc_get_time
0000e8 93ba      	ST   -Y,R27
0000e9 93aa      	ST   -Y,R26
0000ea 940e 0213 	CALL SUBOPT_0x2
0000ec e0a0      	LDI  R26,LOW(0)
0000ed 940e 0218 	CALL SUBOPT_0x3
0000ef 940e 021c 	CALL SUBOPT_0x4
0000f1 940e 0224 	CALL SUBOPT_0x5
0000f3 940e 022b 	CALL SUBOPT_0x6
0000f5 940e 0231 	CALL SUBOPT_0x7
0000f7 2fae      	MOV  R26,R30
0000f8 940e 01f1 	CALL _bcd2bin
0000fa 81ac      	LDD  R26,Y+4
0000fb 81bd      	LDD  R27,Y+4+1
0000fc 93ec      	ST   X,R30
0000fd 940e 0259 	CALL _i2c_stop
0000ff 9626      	ADIW R28,6
000100 9508      	RET
                 ; .FEND
                 _rtc_get_date:
                 ; .FSTART _rtc_get_date
000101 93ba      	ST   -Y,R27
000102 93aa      	ST   -Y,R26
000103 940e 0213 	CALL SUBOPT_0x2
000105 e0a3      	LDI  R26,LOW(3)
000106 940e 0218 	CALL SUBOPT_0x3
000108 940e 021c 	CALL SUBOPT_0x4
00010a 81ae      	LDD  R26,Y+6
00010b 81bf      	LDD  R27,Y+6+1
00010c 93ec      	ST   X,R30
00010d 940e 022b 	CALL SUBOPT_0x6
00010f 81ac      	LDD  R26,Y+4
000110 81bd      	LDD  R27,Y+4+1
000111 93ec      	ST   X,R30
000112 940e 022b 	CALL SUBOPT_0x6
000114 940e 0231 	CALL SUBOPT_0x7
000116 940e 0224 	CALL SUBOPT_0x5
000118 940e 0259 	CALL _i2c_stop
00011a 9628      	ADIW R28,8
00011b 9508      	RET
                 ; .FEND
                 	#ifndef __SLEEP_DEFINED__
                 	#endif
                 
                 	.DSEG
                 
                 	.CSEG
                 __lcd_write_nibble_G101:
                 ; .FSTART __lcd_write_nibble_G101
00011c 93aa      	ST   -Y,R26
00011d b3eb      	IN   R30,0x1B
00011e 70ef      	ANDI R30,LOW(0xF)
00011f 2fae      	MOV  R26,R30
000120 81e8      	LD   R30,Y
000121 7fe0      	ANDI R30,LOW(0xF0)
000122 2bea      	OR   R30,R26
000123 bbeb      	OUT  0x1B,R30
                +
000124 e08d     +LDI R24 , LOW ( 13 )
                +__DELAY_USB_LOOP :
000125 958a     +DEC R24
000126 f7f1     +BRNE __DELAY_USB_LOOP
                 	__DELAY_USB 13
000127 9ada      	SBI  0x1B,2
                +
000128 e08d     +LDI R24 , LOW ( 13 )
                +__DELAY_USB_LOOP :
000129 958a     +DEC R24
00012a f7f1     +BRNE __DELAY_USB_LOOP
                 	__DELAY_USB 13
00012b 98da      	CBI  0x1B,2
                +
00012c e08d     +LDI R24 , LOW ( 13 )
                +__DELAY_USB_LOOP :
00012d 958a     +DEC R24
00012e f7f1     +BRNE __DELAY_USB_LOOP
                 	__DELAY_USB 13
00012f c091      	RJMP _0x20E0001
                 ; .FEND
                 __lcd_write_data:
                 ; .FSTART __lcd_write_data
000130 93aa      	ST   -Y,R26
000131 81a8      	LD   R26,Y
000132 dfe9      	RCALL __lcd_write_nibble_G101
000133 81e8          ld    r30,y
000134 95e2          swap  r30
000135 83e8          st    y,r30
000136 81a8      	LD   R26,Y
000137 dfe4      	RCALL __lcd_write_nibble_G101
                +
000138 e885     +LDI R24 , LOW ( 133 )
                +__DELAY_USB_LOOP :
000139 958a     +DEC R24
00013a f7f1     +BRNE __DELAY_USB_LOOP
                 	__DELAY_USB 133
00013b c085      	RJMP _0x20E0001
                 ; .FEND
                 _lcd_gotoxy:
                 ; .FSTART _lcd_gotoxy
00013c 93aa      	ST   -Y,R26
00013d 81e8      	LD   R30,Y
00013e e0f0      	LDI  R31,0
00013f 59e2      	SUBI R30,LOW(-__base_y_G101)
000140 4ffd      	SBCI R31,HIGH(-__base_y_G101)
000141 81e0      	LD   R30,Z
000142 81a9      	LDD  R26,Y+1
000143 0fae      	ADD  R26,R30
000144 dfeb      	RCALL __lcd_write_data
000145 80a9      	LDD  R10,Y+1
000146 81e8      	LD   R30,Y
000147 93e0 0272 	STS  __lcd_y,R30
000149 9622      	ADIW R28,2
00014a 9508      	RET
                 ; .FEND
                 _lcd_clear:
                 ; .FSTART _lcd_clear
00014b e0a2      	LDI  R26,LOW(2)
00014c 940e 0237 	CALL SUBOPT_0x8
00014e e0ac      	LDI  R26,LOW(12)
00014f dfe0      	RCALL __lcd_write_data
000150 e0a1      	LDI  R26,LOW(1)
000151 940e 0237 	CALL SUBOPT_0x8
000153 e0e0      	LDI  R30,LOW(0)
000154 93e0 0272 	STS  __lcd_y,R30
000156 2eae      	MOV  R10,R30
000157 9508      	RET
                 ; .FEND
                 _lcd_putchar:
                 ; .FSTART _lcd_putchar
000158 93aa      	ST   -Y,R26
000159 81a8      	LD   R26,Y
00015a 30aa      	CPI  R26,LOW(0xA)
00015b f021      	BREQ _0x2020005
00015c 91e0 0273 	LDS  R30,__lcd_maxx
00015e 16ae      	CP   R10,R30
00015f f060      	BRLO _0x2020004
                 _0x2020005:
000160 e0e0      	LDI  R30,LOW(0)
000161 93ea      	ST   -Y,R30
000162 91a0 0272 	LDS  R26,__lcd_y
000164 5faf      	SUBI R26,-LOW(1)
000165 93a0 0272 	STS  __lcd_y,R26
000167 dfd4      	RCALL _lcd_gotoxy
000168 81a8      	LD   R26,Y
000169 30aa      	CPI  R26,LOW(0xA)
00016a f409      	BRNE _0x2020007
00016b c055      	RJMP _0x20E0001
                 _0x2020007:
                 _0x2020004:
00016c 94a3      	INC  R10
00016d 9ad8      	SBI  0x1B,0
00016e 81a8      	LD   R26,Y
00016f dfc0      	RCALL __lcd_write_data
000170 98d8      	CBI  0x1B,0
000171 c04f      	RJMP _0x20E0001
                 ; .FEND
                 _lcd_puts:
                 ; .FSTART _lcd_puts
000172 93ba      	ST   -Y,R27
000173 93aa      	ST   -Y,R26
000174 931a      	ST   -Y,R17
                 _0x2020008:
000175 81a9      	LDD  R26,Y+1
000176 81ba      	LDD  R27,Y+1+1
000177 91ed      	LD   R30,X+
000178 83a9      	STD  Y+1,R26
000179 83ba      	STD  Y+1+1,R27
00017a 2f1e      	MOV  R17,R30
00017b 30e0      	CPI  R30,0
00017c f019      	BREQ _0x202000A
00017d 2fa1      	MOV  R26,R17
00017e dfd9      	RCALL _lcd_putchar
00017f cff5      	RJMP _0x2020008
                 _0x202000A:
000180 c010      	RJMP _0x20E0002
                 ; .FEND
                 _lcd_putsf:
                 ; .FSTART _lcd_putsf
000181 93ba      	ST   -Y,R27
000182 93aa      	ST   -Y,R26
000183 931a      	ST   -Y,R17
                 _0x202000B:
000184 81e9      	LDD  R30,Y+1
000185 81fa      	LDD  R31,Y+1+1
000186 9631      	ADIW R30,1
000187 83e9      	STD  Y+1,R30
000188 83fa      	STD  Y+1+1,R31
000189 9731      	SBIW R30,1
00018a 91e4      	LPM  R30,Z
00018b 2f1e      	MOV  R17,R30
00018c 30e0      	CPI  R30,0
00018d f019      	BREQ _0x202000D
00018e 2fa1      	MOV  R26,R17
00018f dfc8      	RCALL _lcd_putchar
000190 cff3      	RJMP _0x202000B
                 _0x202000D:
                 _0x20E0002:
000191 8118      	LDD  R17,Y+0
                 _0x20E0003:
000192 9623      	ADIW R28,3
000193 9508      	RET
                 ; .FEND
                 _lcd_init:
                 ; .FSTART _lcd_init
000194 93aa      	ST   -Y,R26
000195 b3ea      	IN   R30,0x1A
000196 6fe0      	ORI  R30,LOW(0xF0)
000197 bbea      	OUT  0x1A,R30
000198 9ad2      	SBI  0x1A,2
000199 9ad0      	SBI  0x1A,0
00019a 9ad1      	SBI  0x1A,1
00019b 98da      	CBI  0x1B,2
00019c 98d8      	CBI  0x1B,0
00019d 98d9      	CBI  0x1B,1
00019e 81e8      	LD   R30,Y
00019f 93e0 0273 	STS  __lcd_maxx,R30
0001a1 58e0      	SUBI R30,-LOW(128)
                +
0001a2 93e0 0270+STS __base_y_G101 + ( 2 ) , R30
                 	__PUTB1MN __base_y_G101,2
0001a4 81e8      	LD   R30,Y
0001a5 54e0      	SUBI R30,-LOW(192)
                +
0001a6 93e0 0271+STS __base_y_G101 + ( 3 ) , R30
                 	__PUTB1MN __base_y_G101,3
0001a8 e1a4      	LDI  R26,LOW(20)
0001a9 e0b0      	LDI  R27,0
0001aa 940e 0296 	CALL _delay_ms
0001ac 940e 023d 	CALL SUBOPT_0x9
0001ae 940e 023d 	CALL SUBOPT_0x9
0001b0 940e 023d 	CALL SUBOPT_0x9
0001b2 e2a0      	LDI  R26,LOW(32)
0001b3 df68      	RCALL __lcd_write_nibble_G101
                +
0001b4 ec88     +LDI R24 , LOW ( 200 )
0001b5 e090     +LDI R25 , HIGH ( 200 )
                +__DELAY_USW_LOOP :
0001b6 9701     +SBIW R24 , 1
0001b7 f7f1     +BRNE __DELAY_USW_LOOP
                 	__DELAY_USW 200
0001b8 e2a8      	LDI  R26,LOW(40)
0001b9 df76      	RCALL __lcd_write_data
0001ba e0a4      	LDI  R26,LOW(4)
0001bb df74      	RCALL __lcd_write_data
0001bc e8a5      	LDI  R26,LOW(133)
0001bd df72      	RCALL __lcd_write_data
0001be e0a6      	LDI  R26,LOW(6)
0001bf df70      	RCALL __lcd_write_data
0001c0 df8a      	RCALL _lcd_clear
                 _0x20E0001:
0001c1 9621      	ADIW R28,1
0001c2 9508      	RET
                 ; .FEND
                 
                 	.CSEG
                 _itoa:
                 ; .FSTART _itoa
0001c3 93ba      	ST   -Y,R27
0001c4 93aa      	ST   -Y,R26
0001c5 91a9          ld   r26,y+
0001c6 91b9          ld   r27,y+
0001c7 91e9          ld   r30,y+
0001c8 91f9          ld   r31,y+
0001c9 9630          adiw r30,0
0001ca f42a          brpl __itoa0
0001cb 95e0          com  r30
0001cc 95f0          com  r31
0001cd 9631          adiw r30,1
0001ce e26d          ldi  r22,'-'
0001cf 936d          st   x+,r22
                 __itoa0:
0001d0 94e8          clt
0001d1 e180          ldi  r24,low(10000)
0001d2 e297          ldi  r25,high(10000)
0001d3 d00d          rcall __itoa1
0001d4 ee88          ldi  r24,low(1000)
0001d5 e093          ldi  r25,high(1000)
0001d6 d00a          rcall __itoa1
0001d7 e684          ldi  r24,100
0001d8 2799          clr  r25
0001d9 d007          rcall __itoa1
0001da e08a          ldi  r24,10
0001db d005          rcall __itoa1
0001dc 2f6e          mov  r22,r30
0001dd d010          rcall __itoa5
0001de 2766          clr  r22
0001df 936c          st   x,r22
0001e0 9508          ret
                 
                 __itoa1:
0001e1 2766          clr	 r22
                 __itoa2:
0001e2 17e8          cp   r30,r24
0001e3 07f9          cpc  r31,r25
0001e4 f020          brlo __itoa3
0001e5 9563          inc  r22
0001e6 1be8          sub  r30,r24
0001e7 0bf9          sbc  r31,r25
0001e8 f7c9          brne __itoa2
                 __itoa3:
0001e9 2366          tst  r22
0001ea f411          brne __itoa4
0001eb f016          brts __itoa5
0001ec 9508          ret
                 __itoa4:
0001ed 9468          set
                 __itoa5:
0001ee 5d60          subi r22,-0x30
0001ef 936d          st   x+,r22
0001f0 9508          ret
                 ; .FEND
                 
                 	.DSEG
                 
                 	.CSEG
                 
                 	.CSEG
                 _bcd2bin:
                 ; .FSTART _bcd2bin
0001f1 93aa      	ST   -Y,R26
0001f2 81e8          ld   r30,y
0001f3 95e2          swap r30
0001f4 70ef          andi r30,0xf
0001f5 2fae          mov  r26,r30
0001f6 0faa          lsl  r26
0001f7 0faa          lsl  r26
0001f8 0fea          add  r30,r26
0001f9 0fee          lsl  r30
0001fa 91a9          ld   r26,y+
0001fb 70af          andi r26,0xf
0001fc 0fea          add  r30,r26
0001fd 9508          ret
                 ; .FEND
                 
                 	.CSEG
                 
                 	.CSEG
                 
                 	.CSEG
                 
                 	.DSEG
                 __base_y_G101:
00026e           	.BYTE 0x4
                 __lcd_y:
000272           	.BYTE 0x1
                 __lcd_maxx:
000273           	.BYTE 0x1
                 __seed_G102:
000274           	.BYTE 0x4
                 
                 	.CSEG
                 ;OPTIMIZER ADDED SUBROUTINE, CALLED 2 TIMES, CODE SIZE REDUCTION:7 WORDS
                 SUBOPT_0x0:
0001fe e0f0      	LDI  R31,0
0001ff 93fa      	ST   -Y,R31
000200 93ea      	ST   -Y,R30
000201 01d6      	MOVW R26,R12
000202 940e 01c3 	CALL _itoa
000204 01d6      	MOVW R26,R12
000205 940e 0172 	CALL _lcd_puts
000207 e3aa      	LDI  R26,LOW(58)
000208 940c 0158 	JMP  _lcd_putchar
                 
                 ;OPTIMIZER ADDED SUBROUTINE, CALLED 4 TIMES, CODE SIZE REDUCTION:18 WORDS
                 SUBOPT_0x1:
00020a e0f0      	LDI  R31,0
00020b 93fa      	ST   -Y,R31
00020c 93ea      	ST   -Y,R30
00020d 01d6      	MOVW R26,R12
00020e 940e 01c3 	CALL _itoa
000210 01d6      	MOVW R26,R12
000211 940c 0172 	JMP  _lcd_puts
                 
                 ;OPTIMIZER ADDED SUBROUTINE, CALLED 3 TIMES, CODE SIZE REDUCTION:3 WORDS
                 SUBOPT_0x2:
000213 940e 024a 	CALL _i2c_start
000215 eda0      	LDI  R26,LOW(208)
000216 940c 027e 	JMP  _i2c_write
                 
                 ;OPTIMIZER ADDED SUBROUTINE, CALLED 3 TIMES, CODE SIZE REDUCTION:1 WORDS
                 SUBOPT_0x3:
000218 940e 027e 	CALL _i2c_write
00021a 940c 0259 	JMP  _i2c_stop
                 
                 ;OPTIMIZER ADDED SUBROUTINE, CALLED 2 TIMES, CODE SIZE REDUCTION:3 WORDS
                 SUBOPT_0x4:
00021c 940e 024a 	CALL _i2c_start
00021e eda1      	LDI  R26,LOW(209)
00021f 940e 027e 	CALL _i2c_write
000221 e0a1      	LDI  R26,LOW(1)
000222 940c 0263 	JMP  _i2c_read
                 
                 ;OPTIMIZER ADDED SUBROUTINE, CALLED 2 TIMES, CODE SIZE REDUCTION:1 WORDS
                 SUBOPT_0x5:
000224 2fae      	MOV  R26,R30
000225 940e 01f1 	CALL _bcd2bin
000227 81a8      	LD   R26,Y
000228 81b9      	LDD  R27,Y+1
000229 93ec      	ST   X,R30
00022a 9508      	RET
                 
                 ;OPTIMIZER ADDED SUBROUTINE, CALLED 3 TIMES, CODE SIZE REDUCTION:5 WORDS
                 SUBOPT_0x6:
00022b e0a1      	LDI  R26,LOW(1)
00022c 940e 0263 	CALL _i2c_read
00022e 2fae      	MOV  R26,R30
00022f 940c 01f1 	JMP  _bcd2bin
                 
                 ;OPTIMIZER ADDED SUBROUTINE, CALLED 2 TIMES, CODE SIZE REDUCTION:1 WORDS
                 SUBOPT_0x7:
000231 81aa      	LDD  R26,Y+2
000232 81bb      	LDD  R27,Y+2+1
000233 93ec      	ST   X,R30
000234 e0a0      	LDI  R26,LOW(0)
000235 940c 0263 	JMP  _i2c_read
                 
                 ;OPTIMIZER ADDED SUBROUTINE, CALLED 2 TIMES, CODE SIZE REDUCTION:1 WORDS
                 SUBOPT_0x8:
000237 940e 0130 	CALL __lcd_write_data
000239 e0a3      	LDI  R26,LOW(3)
00023a e0b0      	LDI  R27,0
00023b 940c 0296 	JMP  _delay_ms
                 
                 ;OPTIMIZER ADDED SUBROUTINE, CALLED 3 TIMES, CODE SIZE REDUCTION:7 WORDS
                 SUBOPT_0x9:
00023d e3a0      	LDI  R26,LOW(48)
00023e 940e 011c 	CALL __lcd_write_nibble_G101
                +
000240 ec88     +LDI R24 , LOW ( 200 )
000241 e090     +LDI R25 , HIGH ( 200 )
                +__DELAY_USW_LOOP :
000242 9701     +SBIW R24 , 1
000243 f7f1     +BRNE __DELAY_USW_LOOP
                 	__DELAY_USW 200
000244 9508      	RET
                 
                 
                 	.CSEG
                 	.equ __sda_bit=1
                 	.equ __scl_bit=0
                 	.equ __i2c_port=0x15 ;PORTC
                 	.equ __i2c_dir=__i2c_port-1
                 	.equ __i2c_pin=__i2c_port-2
                 
                 _i2c_init:
000245 98a8      	cbi  __i2c_port,__scl_bit
000246 98a9      	cbi  __i2c_port,__sda_bit
000247 9aa0      	sbi  __i2c_dir,__scl_bit
000248 98a1      	cbi  __i2c_dir,__sda_bit
000249 c015      	rjmp __i2c_delay2
                 _i2c_start:
00024a 98a1      	cbi  __i2c_dir,__sda_bit
00024b 98a0      	cbi  __i2c_dir,__scl_bit
00024c 27ee      	clr  r30
00024d 0000      	nop
00024e 9b99      	sbis __i2c_pin,__sda_bit
00024f 9508      	ret
000250 9b98      	sbis __i2c_pin,__scl_bit
000251 9508      	ret
000252 d004      	rcall __i2c_delay1
000253 9aa1      	sbi  __i2c_dir,__sda_bit
000254 d002      	rcall __i2c_delay1
000255 9aa0      	sbi  __i2c_dir,__scl_bit
000256 e0e1      	ldi  r30,1
                 __i2c_delay1:
000257 e06d      	ldi  r22,13
000258 c007      	rjmp __i2c_delay2l
                 _i2c_stop:
000259 9aa1      	sbi  __i2c_dir,__sda_bit
00025a 9aa0      	sbi  __i2c_dir,__scl_bit
00025b d003      	rcall __i2c_delay2
00025c 98a0      	cbi  __i2c_dir,__scl_bit
00025d dff9      	rcall __i2c_delay1
00025e 98a1      	cbi  __i2c_dir,__sda_bit
                 __i2c_delay2:
00025f e16b      	ldi  r22,27
                 __i2c_delay2l:
000260 956a      	dec  r22
000261 f7f1      	brne __i2c_delay2l
000262 9508      	ret
                 _i2c_read:
000263 e078      	ldi  r23,8
                 __i2c_read0:
000264 98a0      	cbi  __i2c_dir,__scl_bit
000265 dff1      	rcall __i2c_delay1
                 __i2c_read3:
000266 9b98      	sbis __i2c_pin,__scl_bit
000267 cffe      	rjmp __i2c_read3
000268 dfee      	rcall __i2c_delay1
000269 9488      	clc
00026a 9999      	sbic __i2c_pin,__sda_bit
00026b 9408      	sec
00026c 9aa0      	sbi  __i2c_dir,__scl_bit
00026d dff1      	rcall __i2c_delay2
00026e 1fee      	rol  r30
00026f 957a      	dec  r23
000270 f799      	brne __i2c_read0
000271 2f7a      	mov  r23,r26
000272 2377      	tst  r23
000273 f411      	brne __i2c_read1
000274 98a1      	cbi  __i2c_dir,__sda_bit
000275 c001      	rjmp __i2c_read2
                 __i2c_read1:
000276 9aa1      	sbi  __i2c_dir,__sda_bit
                 __i2c_read2:
000277 dfdf      	rcall __i2c_delay1
000278 98a0      	cbi  __i2c_dir,__scl_bit
000279 dfe5      	rcall __i2c_delay2
00027a 9aa0      	sbi  __i2c_dir,__scl_bit
00027b dfdb      	rcall __i2c_delay1
00027c 98a1      	cbi  __i2c_dir,__sda_bit
00027d cfd9      	rjmp __i2c_delay1
                 
                 _i2c_write:
00027e e078      	ldi  r23,8
                 __i2c_write0:
00027f 0faa      	lsl  r26
000280 f410      	brcc __i2c_write1
000281 98a1      	cbi  __i2c_dir,__sda_bit
000282 c001      	rjmp __i2c_write2
                 __i2c_write1:
000283 9aa1      	sbi  __i2c_dir,__sda_bit
                 __i2c_write2:
000284 dfda      	rcall __i2c_delay2
000285 98a0      	cbi  __i2c_dir,__scl_bit
000286 dfd0      	rcall __i2c_delay1
                 __i2c_write3:
000287 9b98      	sbis __i2c_pin,__scl_bit
000288 cffe      	rjmp __i2c_write3
000289 dfcd      	rcall __i2c_delay1
00028a 9aa0      	sbi  __i2c_dir,__scl_bit
00028b 957a      	dec  r23
00028c f791      	brne __i2c_write0
00028d 98a1      	cbi  __i2c_dir,__sda_bit
00028e dfc8      	rcall __i2c_delay1
00028f 98a0      	cbi  __i2c_dir,__scl_bit
000290 dfce      	rcall __i2c_delay2
000291 e0e1      	ldi  r30,1
000292 9999      	sbic __i2c_pin,__sda_bit
000293 27ee      	clr  r30
000294 9aa0      	sbi  __i2c_dir,__scl_bit
000295 cfc1      	rjmp __i2c_delay1
                 
                 _delay_ms:
000296 9610      	adiw r26,0
000297 f039      	breq __delay_ms1
                 __delay_ms0:
                +
000298 ed80     +LDI R24 , LOW ( 0x7D0 )
000299 e097     +LDI R25 , HIGH ( 0x7D0 )
                +__DELAY_USW_LOOP :
00029a 9701     +SBIW R24 , 1
00029b f7f1     +BRNE __DELAY_USW_LOOP
                 	__DELAY_USW 0x7D0
00029c 95a8      	wdr
00029d 9711      	sbiw r26,1
00029e f7c9      	brne __delay_ms0
                 __delay_ms1:
00029f 9508      	ret
                 
                 ;END OF CODE MARKER
                 __END_OF_CODE:


RESOURCE USE INFORMATION
------------------------

Notice:
The register and instruction counts are symbol table hit counts,
and hence implicitly used resources are not counted, eg, the
'lpm' instruction without operands implicitly uses r0 and z,
none of which are counted.

x,y,z are separate entities in the symbol table and are
counted separately from r26..r31 here.

.dseg memory usage only counts static data declared with .byte

ATmega32 register use summary:
r0 :   4 r1 :   1 r2 :   0 r3 :   0 r4 :   1 r5 :   1 r6 :   0 r7 :   1 
r8 :   1 r9 :   1 r10:   4 r11:   1 r12:   4 r13:   0 r14:   0 r15:   0 
r16:   0 r17:   7 r18:   0 r19:   0 r20:   0 r21:   0 r22:  15 r23:   6 
r24:  27 r25:  10 r26:  90 r27:  23 r28:   6 r29:   1 r30: 132 r31:  25 
x  :  12 y  :  86 z  :   9 
Registers used: 24 out of 35 (68.6%)

ATmega32 instruction use summary:
.lds  :   0 .lds.l:   0 .sts  :   0 .sts.l:   0 adc   :   0 add   :   3 
adiw  :   9 and   :   0 andi  :   5 asr   :   0 bclr  :   0 bld   :   0 
brbc  :   0 brbs  :   0 brcc  :   1 brcs  :   0 break :   0 breq  :   7 
brge  :   0 brhc  :   0 brhs  :   0 brid  :   0 brie  :   0 brlo  :   2 
brlt  :   0 brmi  :   0 brne  :  18 brpl  :   1 brsh  :   0 brtc  :   0 
brts  :   1 brvc  :   0 brvs  :   0 bset  :   0 bst   :   0 call  :  44 
cbi   :  20 cbr   :   0 clc   :   1 clh   :   0 cli   :   1 cln   :   0 
clr   :   7 cls   :   0 clt   :   1 clv   :   0 clz   :   0 com   :   2 
cp    :   2 cpc   :   1 cpi   :   6 cpse  :   0 dec   :   8 des   :   0 
eor   :   0 fmul  :   0 fmuls :   0 fmulsu:   0 icall :   0 ijmp  :   0 
in    :   2 inc   :   2 jmp   :  30 ld    :  21 ldd   :  21 ldi   :  95 
lds   :   2 lpm   :   9 lsl   :   4 lsr   :   0 mov   :  18 movw  :   7 
mul   :   0 muls  :   0 mulsu :   0 neg   :   0 nop   :   1 or    :   1 
ori   :   3 out   :  16 pop   :   0 push  :   0 rcall :  46 ret   :  16 
reti  :   0 rjmp  :  19 rol   :   1 ror   :   0 sbc   :   1 sbci  :   1 
sbi   :  16 sbic  :   2 sbis  :   4 sbiw  :   8 sbr   :   0 sbrc  :   0 
sbrs  :   0 sec   :   1 seh   :   0 sei   :   0 sen   :   0 ser   :   0 
ses   :   0 set   :   1 sev   :   0 sez   :   0 sleep :   0 spm   :   0 
st    :  50 std   :   7 sts   :   6 sub   :   1 subi  :   5 swap  :   2 
tst   :   2 wdr   :   1 
Instructions used: 55 out of 116 (47.4%)

ATmega32 memory use summary [bytes]:
Segment   Begin    End      Code   Data   Used    Size   Use%
---------------------------------------------------------------
[.cseg] 0x000000 0x000540   1286     58   1344   32768   4.1%
[.dseg] 0x000060 0x000278      0     24     24    2048   1.2%
[.eseg] 0x000000 0x000000      0      0      0    1024   0.0%

Assembly complete, 0 errors, 13 warnings
