
AVRASM ver. 2.1.30  \\Mac\Home\Desktop\Az rizpar\NikiNezakati_98522094_LAB6\code_vision\Debug\List\lab6.asm Sun Jun 05 15:37:05 2022

\\Mac\Home\Desktop\Az rizpar\NikiNezakati_98522094_LAB6\code_vision\Debug\List\lab6.asm(1088): warning: Register r5 already defined by the .DEF directive
\\Mac\Home\Desktop\Az rizpar\NikiNezakati_98522094_LAB6\code_vision\Debug\List\lab6.asm(1089): warning: Register r4 already defined by the .DEF directive
\\Mac\Home\Desktop\Az rizpar\NikiNezakati_98522094_LAB6\code_vision\Debug\List\lab6.asm(1090): warning: Register r7 already defined by the .DEF directive
\\Mac\Home\Desktop\Az rizpar\NikiNezakati_98522094_LAB6\code_vision\Debug\List\lab6.asm(1091): warning: Register r6 already defined by the .DEF directive
\\Mac\Home\Desktop\Az rizpar\NikiNezakati_98522094_LAB6\code_vision\Debug\List\lab6.asm(1092): warning: Register r9 already defined by the .DEF directive
\\Mac\Home\Desktop\Az rizpar\NikiNezakati_98522094_LAB6\code_vision\Debug\List\lab6.asm(1093): warning: Register r8 already defined by the .DEF directive
\\Mac\Home\Desktop\Az rizpar\NikiNezakati_98522094_LAB6\code_vision\Debug\List\lab6.asm(1094): warning: Register r11 already defined by the .DEF directive
\\Mac\Home\Desktop\Az rizpar\NikiNezakati_98522094_LAB6\code_vision\Debug\List\lab6.asm(1095): warning: Register r10 already defined by the .DEF directive
\\Mac\Home\Desktop\Az rizpar\NikiNezakati_98522094_LAB6\code_vision\Debug\List\lab6.asm(1096): warning: Register r13 already defined by the .DEF directive
\\Mac\Home\Desktop\Az rizpar\NikiNezakati_98522094_LAB6\code_vision\Debug\List\lab6.asm(1097): warning: Register r12 already defined by the .DEF directive
                 
                 
                 ;CodeVisionAVR C Compiler V3.12 Advanced
                 ;(C) Copyright 1998-2014 Pavel Haiduc, HP InfoTech s.r.l.
                 ;http://www.hpinfotech.com
                 
                 ;Build configuration    : Debug
                 ;Chip type              : ATmega32
                 ;Program type           : Application
                 ;Clock frequency        : 8.000000 MHz
                 ;Memory model           : Small
                 ;Optimize for           : Size
                 ;(s)printf features     : int, width
                 ;(s)scanf features      : int, width
                 ;External RAM size      : 0
                 ;Data Stack size        : 512 byte(s)
                 ;Heap size              : 0 byte(s)
                 ;Promote 'char' to 'int': Yes
                 ;'char' is unsigned     : Yes
                 ;8 bit enums            : Yes
                 ;Global 'const' stored in FLASH: Yes
                 ;Enhanced function parameter passing: Yes
                 ;Enhanced core instructions: On
                 ;Automatic register allocation for global variables: On
                 ;Smart register allocation: On
                 
                 	#define _MODEL_SMALL_
                 
                 	#pragma AVRPART ADMIN PART_NAME ATmega32
                 	#pragma AVRPART MEMORY PROG_FLASH 32768
                 	#pragma AVRPART MEMORY EEPROM 1024
                 	#pragma AVRPART MEMORY INT_SRAM SIZE 2048
                 	#pragma AVRPART MEMORY INT_SRAM START_ADDR 0x60
                 
                 	#define CALL_SUPPORTED 1
                 
                 	.LISTMAC
                 	.EQU UDRE=0x5
                 	.EQU RXC=0x7
                 	.EQU USR=0xB
                 	.EQU UDR=0xC
                 	.EQU SPSR=0xE
                 	.EQU SPDR=0xF
                 	.EQU EERE=0x0
                 	.EQU EEWE=0x1
                 	.EQU EEMWE=0x2
                 	.EQU EECR=0x1C
                 	.EQU EEDR=0x1D
                 	.EQU EEARL=0x1E
                 	.EQU EEARH=0x1F
                 	.EQU WDTCR=0x21
                 	.EQU MCUCR=0x35
                 	.EQU GICR=0x3B
                 	.EQU SPL=0x3D
                 	.EQU SPH=0x3E
                 	.EQU SREG=0x3F
                 
                 	.DEF R0X0=R0
                 	.DEF R0X1=R1
                 	.DEF R0X2=R2
                 	.DEF R0X3=R3
                 	.DEF R0X4=R4
                 	.DEF R0X5=R5
                 	.DEF R0X6=R6
                 	.DEF R0X7=R7
                 	.DEF R0X8=R8
                 	.DEF R0X9=R9
                 	.DEF R0XA=R10
                 	.DEF R0XB=R11
                 	.DEF R0XC=R12
                 	.DEF R0XD=R13
                 	.DEF R0XE=R14
                 	.DEF R0XF=R15
                 	.DEF R0X10=R16
                 	.DEF R0X11=R17
                 	.DEF R0X12=R18
                 	.DEF R0X13=R19
                 	.DEF R0X14=R20
                 	.DEF R0X15=R21
                 	.DEF R0X16=R22
                 	.DEF R0X17=R23
                 	.DEF R0X18=R24
                 	.DEF R0X19=R25
                 	.DEF R0X1A=R26
                 	.DEF R0X1B=R27
                 	.DEF R0X1C=R28
                 	.DEF R0X1D=R29
                 	.DEF R0X1E=R30
                 	.DEF R0X1F=R31
                 
                 	.EQU __SRAM_START=0x0060
                 	.EQU __SRAM_END=0x085F
                 	.EQU __DSTACK_SIZE=0x0200
                 	.EQU __HEAP_SIZE=0x0000
                 	.EQU __CLEAR_SRAM_SIZE=__SRAM_END-__SRAM_START+1
                 
                 	.MACRO __CPD1N
                 	CPI  R30,LOW(@0)
                 	LDI  R26,HIGH(@0)
                 	CPC  R31,R26
                 	LDI  R26,BYTE3(@0)
                 	CPC  R22,R26
                 	LDI  R26,BYTE4(@0)
                 	CPC  R23,R26
                 	.ENDM
                 
                 	.MACRO __CPD2N
                 	CPI  R26,LOW(@0)
                 	LDI  R30,HIGH(@0)
                 	CPC  R27,R30
                 	LDI  R30,BYTE3(@0)
                 	CPC  R24,R30
                 	LDI  R30,BYTE4(@0)
                 	CPC  R25,R30
                 	.ENDM
                 
                 	.MACRO __CPWRR
                 	CP   R@0,R@2
                 	CPC  R@1,R@3
                 	.ENDM
                 
                 	.MACRO __CPWRN
                 	CPI  R@0,LOW(@2)
                 	LDI  R30,HIGH(@2)
                 	CPC  R@1,R30
                 	.ENDM
                 
                 	.MACRO __ADDB1MN
                 	SUBI R30,LOW(-@0-(@1))
                 	.ENDM
                 
                 	.MACRO __ADDB2MN
                 	SUBI R26,LOW(-@0-(@1))
                 	.ENDM
                 
                 	.MACRO __ADDW1MN
                 	SUBI R30,LOW(-@0-(@1))
                 	SBCI R31,HIGH(-@0-(@1))
                 	.ENDM
                 
                 	.MACRO __ADDW2MN
                 	SUBI R26,LOW(-@0-(@1))
                 	SBCI R27,HIGH(-@0-(@1))
                 	.ENDM
                 
                 	.MACRO __ADDW1FN
                 	SUBI R30,LOW(-2*@0-(@1))
                 	SBCI R31,HIGH(-2*@0-(@1))
                 	.ENDM
                 
                 	.MACRO __ADDD1FN
                 	SUBI R30,LOW(-2*@0-(@1))
                 	SBCI R31,HIGH(-2*@0-(@1))
                 	SBCI R22,BYTE3(-2*@0-(@1))
                 	.ENDM
                 
                 	.MACRO __ADDD1N
                 	SUBI R30,LOW(-@0)
                 	SBCI R31,HIGH(-@0)
                 	SBCI R22,BYTE3(-@0)
                 	SBCI R23,BYTE4(-@0)
                 	.ENDM
                 
                 	.MACRO __ADDD2N
                 	SUBI R26,LOW(-@0)
                 	SBCI R27,HIGH(-@0)
                 	SBCI R24,BYTE3(-@0)
                 	SBCI R25,BYTE4(-@0)
                 	.ENDM
                 
                 	.MACRO __SUBD1N
                 	SUBI R30,LOW(@0)
                 	SBCI R31,HIGH(@0)
                 	SBCI R22,BYTE3(@0)
                 	SBCI R23,BYTE4(@0)
                 	.ENDM
                 
                 	.MACRO __SUBD2N
                 	SUBI R26,LOW(@0)
                 	SBCI R27,HIGH(@0)
                 	SBCI R24,BYTE3(@0)
                 	SBCI R25,BYTE4(@0)
                 	.ENDM
                 
                 	.MACRO __ANDBMNN
                 	LDS  R30,@0+(@1)
                 	ANDI R30,LOW(@2)
                 	STS  @0+(@1),R30
                 	.ENDM
                 
                 	.MACRO __ANDWMNN
                 	LDS  R30,@0+(@1)
                 	ANDI R30,LOW(@2)
                 	STS  @0+(@1),R30
                 	LDS  R30,@0+(@1)+1
                 	ANDI R30,HIGH(@2)
                 	STS  @0+(@1)+1,R30
                 	.ENDM
                 
                 	.MACRO __ANDD1N
                 	ANDI R30,LOW(@0)
                 	ANDI R31,HIGH(@0)
                 	ANDI R22,BYTE3(@0)
                 	ANDI R23,BYTE4(@0)
                 	.ENDM
                 
                 	.MACRO __ANDD2N
                 	ANDI R26,LOW(@0)
                 	ANDI R27,HIGH(@0)
                 	ANDI R24,BYTE3(@0)
                 	ANDI R25,BYTE4(@0)
                 	.ENDM
                 
                 	.MACRO __ORBMNN
                 	LDS  R30,@0+(@1)
                 	ORI  R30,LOW(@2)
                 	STS  @0+(@1),R30
                 	.ENDM
                 
                 	.MACRO __ORWMNN
                 	LDS  R30,@0+(@1)
                 	ORI  R30,LOW(@2)
                 	STS  @0+(@1),R30
                 	LDS  R30,@0+(@1)+1
                 	ORI  R30,HIGH(@2)
                 	STS  @0+(@1)+1,R30
                 	.ENDM
                 
                 	.MACRO __ORD1N
                 	ORI  R30,LOW(@0)
                 	ORI  R31,HIGH(@0)
                 	ORI  R22,BYTE3(@0)
                 	ORI  R23,BYTE4(@0)
                 	.ENDM
                 
                 	.MACRO __ORD2N
                 	ORI  R26,LOW(@0)
                 	ORI  R27,HIGH(@0)
                 	ORI  R24,BYTE3(@0)
                 	ORI  R25,BYTE4(@0)
                 	.ENDM
                 
                 	.MACRO __DELAY_USB
                 	LDI  R24,LOW(@0)
                 __DELAY_USB_LOOP:
                 	DEC  R24
                 	BRNE __DELAY_USB_LOOP
                 	.ENDM
                 
                 	.MACRO __DELAY_USW
                 	LDI  R24,LOW(@0)
                 	LDI  R25,HIGH(@0)
                 __DELAY_USW_LOOP:
                 	SBIW R24,1
                 	BRNE __DELAY_USW_LOOP
                 	.ENDM
                 
                 	.MACRO __GETD1S
                 	LDD  R30,Y+@0
                 	LDD  R31,Y+@0+1
                 	LDD  R22,Y+@0+2
                 	LDD  R23,Y+@0+3
                 	.ENDM
                 
                 	.MACRO __GETD2S
                 	LDD  R26,Y+@0
                 	LDD  R27,Y+@0+1
                 	LDD  R24,Y+@0+2
                 	LDD  R25,Y+@0+3
                 	.ENDM
                 
                 	.MACRO __PUTD1S
                 	STD  Y+@0,R30
                 	STD  Y+@0+1,R31
                 	STD  Y+@0+2,R22
                 	STD  Y+@0+3,R23
                 	.ENDM
                 
                 	.MACRO __PUTD2S
                 	STD  Y+@0,R26
                 	STD  Y+@0+1,R27
                 	STD  Y+@0+2,R24
                 	STD  Y+@0+3,R25
                 	.ENDM
                 
                 	.MACRO __PUTDZ2
                 	STD  Z+@0,R26
                 	STD  Z+@0+1,R27
                 	STD  Z+@0+2,R24
                 	STD  Z+@0+3,R25
                 	.ENDM
                 
                 	.MACRO __CLRD1S
                 	STD  Y+@0,R30
                 	STD  Y+@0+1,R30
                 	STD  Y+@0+2,R30
                 	STD  Y+@0+3,R30
                 	.ENDM
                 
                 	.MACRO __POINTB1MN
                 	LDI  R30,LOW(@0+(@1))
                 	.ENDM
                 
                 	.MACRO __POINTW1MN
                 	LDI  R30,LOW(@0+(@1))
                 	LDI  R31,HIGH(@0+(@1))
                 	.ENDM
                 
                 	.MACRO __POINTD1M
                 	LDI  R30,LOW(@0)
                 	LDI  R31,HIGH(@0)
                 	LDI  R22,BYTE3(@0)
                 	LDI  R23,BYTE4(@0)
                 	.ENDM
                 
                 	.MACRO __POINTW1FN
                 	LDI  R30,LOW(2*@0+(@1))
                 	LDI  R31,HIGH(2*@0+(@1))
                 	.ENDM
                 
                 	.MACRO __POINTD1FN
                 	LDI  R30,LOW(2*@0+(@1))
                 	LDI  R31,HIGH(2*@0+(@1))
                 	LDI  R22,BYTE3(2*@0+(@1))
                 	LDI  R23,BYTE4(2*@0+(@1))
                 	.ENDM
                 
                 	.MACRO __POINTB2MN
                 	LDI  R26,LOW(@0+(@1))
                 	.ENDM
                 
                 	.MACRO __POINTW2MN
                 	LDI  R26,LOW(@0+(@1))
                 	LDI  R27,HIGH(@0+(@1))
                 	.ENDM
                 
                 	.MACRO __POINTW2FN
                 	LDI  R26,LOW(2*@0+(@1))
                 	LDI  R27,HIGH(2*@0+(@1))
                 	.ENDM
                 
                 	.MACRO __POINTD2FN
                 	LDI  R26,LOW(2*@0+(@1))
                 	LDI  R27,HIGH(2*@0+(@1))
                 	LDI  R24,BYTE3(2*@0+(@1))
                 	LDI  R25,BYTE4(2*@0+(@1))
                 	.ENDM
                 
                 	.MACRO __POINTBRM
                 	LDI  R@0,LOW(@1)
                 	.ENDM
                 
                 	.MACRO __POINTWRM
                 	LDI  R@0,LOW(@2)
                 	LDI  R@1,HIGH(@2)
                 	.ENDM
                 
                 	.MACRO __POINTBRMN
                 	LDI  R@0,LOW(@1+(@2))
                 	.ENDM
                 
                 	.MACRO __POINTWRMN
                 	LDI  R@0,LOW(@2+(@3))
                 	LDI  R@1,HIGH(@2+(@3))
                 	.ENDM
                 
                 	.MACRO __POINTWRFN
                 	LDI  R@0,LOW(@2*2+(@3))
                 	LDI  R@1,HIGH(@2*2+(@3))
                 	.ENDM
                 
                 	.MACRO __GETD1N
                 	LDI  R30,LOW(@0)
                 	LDI  R31,HIGH(@0)
                 	LDI  R22,BYTE3(@0)
                 	LDI  R23,BYTE4(@0)
                 	.ENDM
                 
                 	.MACRO __GETD2N
                 	LDI  R26,LOW(@0)
                 	LDI  R27,HIGH(@0)
                 	LDI  R24,BYTE3(@0)
                 	LDI  R25,BYTE4(@0)
                 	.ENDM
                 
                 	.MACRO __GETB1MN
                 	LDS  R30,@0+(@1)
                 	.ENDM
                 
                 	.MACRO __GETB1HMN
                 	LDS  R31,@0+(@1)
                 	.ENDM
                 
                 	.MACRO __GETW1MN
                 	LDS  R30,@0+(@1)
                 	LDS  R31,@0+(@1)+1
                 	.ENDM
                 
                 	.MACRO __GETD1MN
                 	LDS  R30,@0+(@1)
                 	LDS  R31,@0+(@1)+1
                 	LDS  R22,@0+(@1)+2
                 	LDS  R23,@0+(@1)+3
                 	.ENDM
                 
                 	.MACRO __GETBRMN
                 	LDS  R@0,@1+(@2)
                 	.ENDM
                 
                 	.MACRO __GETWRMN
                 	LDS  R@0,@2+(@3)
                 	LDS  R@1,@2+(@3)+1
                 	.ENDM
                 
                 	.MACRO __GETWRZ
                 	LDD  R@0,Z+@2
                 	LDD  R@1,Z+@2+1
                 	.ENDM
                 
                 	.MACRO __GETD2Z
                 	LDD  R26,Z+@0
                 	LDD  R27,Z+@0+1
                 	LDD  R24,Z+@0+2
                 	LDD  R25,Z+@0+3
                 	.ENDM
                 
                 	.MACRO __GETB2MN
                 	LDS  R26,@0+(@1)
                 	.ENDM
                 
                 	.MACRO __GETW2MN
                 	LDS  R26,@0+(@1)
                 	LDS  R27,@0+(@1)+1
                 	.ENDM
                 
                 	.MACRO __GETD2MN
                 	LDS  R26,@0+(@1)
                 	LDS  R27,@0+(@1)+1
                 	LDS  R24,@0+(@1)+2
                 	LDS  R25,@0+(@1)+3
                 	.ENDM
                 
                 	.MACRO __PUTB1MN
                 	STS  @0+(@1),R30
                 	.ENDM
                 
                 	.MACRO __PUTW1MN
                 	STS  @0+(@1),R30
                 	STS  @0+(@1)+1,R31
                 	.ENDM
                 
                 	.MACRO __PUTD1MN
                 	STS  @0+(@1),R30
                 	STS  @0+(@1)+1,R31
                 	STS  @0+(@1)+2,R22
                 	STS  @0+(@1)+3,R23
                 	.ENDM
                 
                 	.MACRO __PUTB1EN
                 	LDI  R26,LOW(@0+(@1))
                 	LDI  R27,HIGH(@0+(@1))
                 	CALL __EEPROMWRB
                 	.ENDM
                 
                 	.MACRO __PUTW1EN
                 	LDI  R26,LOW(@0+(@1))
                 	LDI  R27,HIGH(@0+(@1))
                 	CALL __EEPROMWRW
                 	.ENDM
                 
                 	.MACRO __PUTD1EN
                 	LDI  R26,LOW(@0+(@1))
                 	LDI  R27,HIGH(@0+(@1))
                 	CALL __EEPROMWRD
                 	.ENDM
                 
                 	.MACRO __PUTBR0MN
                 	STS  @0+(@1),R0
                 	.ENDM
                 
                 	.MACRO __PUTBMRN
                 	STS  @0+(@1),R@2
                 	.ENDM
                 
                 	.MACRO __PUTWMRN
                 	STS  @0+(@1),R@2
                 	STS  @0+(@1)+1,R@3
                 	.ENDM
                 
                 	.MACRO __PUTBZR
                 	STD  Z+@1,R@0
                 	.ENDM
                 
                 	.MACRO __PUTWZR
                 	STD  Z+@2,R@0
                 	STD  Z+@2+1,R@1
                 	.ENDM
                 
                 	.MACRO __GETW1R
                 	MOV  R30,R@0
                 	MOV  R31,R@1
                 	.ENDM
                 
                 	.MACRO __GETW2R
                 	MOV  R26,R@0
                 	MOV  R27,R@1
                 	.ENDM
                 
                 	.MACRO __GETWRN
                 	LDI  R@0,LOW(@2)
                 	LDI  R@1,HIGH(@2)
                 	.ENDM
                 
                 	.MACRO __PUTW1R
                 	MOV  R@0,R30
                 	MOV  R@1,R31
                 	.ENDM
                 
                 	.MACRO __PUTW2R
                 	MOV  R@0,R26
                 	MOV  R@1,R27
                 	.ENDM
                 
                 	.MACRO __ADDWRN
                 	SUBI R@0,LOW(-@2)
                 	SBCI R@1,HIGH(-@2)
                 	.ENDM
                 
                 	.MACRO __ADDWRR
                 	ADD  R@0,R@2
                 	ADC  R@1,R@3
                 	.ENDM
                 
                 	.MACRO __SUBWRN
                 	SUBI R@0,LOW(@2)
                 	SBCI R@1,HIGH(@2)
                 	.ENDM
                 
                 	.MACRO __SUBWRR
                 	SUB  R@0,R@2
                 	SBC  R@1,R@3
                 	.ENDM
                 
                 	.MACRO __ANDWRN
                 	ANDI R@0,LOW(@2)
                 	ANDI R@1,HIGH(@2)
                 	.ENDM
                 
                 	.MACRO __ANDWRR
                 	AND  R@0,R@2
                 	AND  R@1,R@3
                 	.ENDM
                 
                 	.MACRO __ORWRN
                 	ORI  R@0,LOW(@2)
                 	ORI  R@1,HIGH(@2)
                 	.ENDM
                 
                 	.MACRO __ORWRR
                 	OR   R@0,R@2
                 	OR   R@1,R@3
                 	.ENDM
                 
                 	.MACRO __EORWRR
                 	EOR  R@0,R@2
                 	EOR  R@1,R@3
                 	.ENDM
                 
                 	.MACRO __GETWRS
                 	LDD  R@0,Y+@2
                 	LDD  R@1,Y+@2+1
                 	.ENDM
                 
                 	.MACRO __PUTBSR
                 	STD  Y+@1,R@0
                 	.ENDM
                 
                 	.MACRO __PUTWSR
                 	STD  Y+@2,R@0
                 	STD  Y+@2+1,R@1
                 	.ENDM
                 
                 	.MACRO __MOVEWRR
                 	MOV  R@0,R@2
                 	MOV  R@1,R@3
                 	.ENDM
                 
                 	.MACRO __INWR
                 	IN   R@0,@2
                 	IN   R@1,@2+1
                 	.ENDM
                 
                 	.MACRO __OUTWR
                 	OUT  @2+1,R@1
                 	OUT  @2,R@0
                 	.ENDM
                 
                 	.MACRO __CALL1MN
                 	LDS  R30,@0+(@1)
                 	LDS  R31,@0+(@1)+1
                 	ICALL
                 	.ENDM
                 
                 	.MACRO __CALL1FN
                 	LDI  R30,LOW(2*@0+(@1))
                 	LDI  R31,HIGH(2*@0+(@1))
                 	CALL __GETW1PF
                 	ICALL
                 	.ENDM
                 
                 	.MACRO __CALL2EN
                 	PUSH R26
                 	PUSH R27
                 	LDI  R26,LOW(@0+(@1))
                 	LDI  R27,HIGH(@0+(@1))
                 	CALL __EEPROMRDW
                 	POP  R27
                 	POP  R26
                 	ICALL
                 	.ENDM
                 
                 	.MACRO __CALL2EX
                 	SUBI R26,LOW(-@0)
                 	SBCI R27,HIGH(-@0)
                 	CALL __EEPROMRDD
                 	ICALL
                 	.ENDM
                 
                 	.MACRO __GETW1STACK
                 	IN   R30,SPL
                 	IN   R31,SPH
                 	ADIW R30,@0+1
                 	LD   R0,Z+
                 	LD   R31,Z
                 	MOV  R30,R0
                 	.ENDM
                 
                 	.MACRO __GETD1STACK
                 	IN   R30,SPL
                 	IN   R31,SPH
                 	ADIW R30,@0+1
                 	LD   R0,Z+
                 	LD   R1,Z+
                 	LD   R22,Z
                 	MOVW R30,R0
                 	.ENDM
                 
                 	.MACRO __NBST
                 	BST  R@0,@1
                 	IN   R30,SREG
                 	LDI  R31,0x40
                 	EOR  R30,R31
                 	OUT  SREG,R30
                 	.ENDM
                 
                 
                 	.MACRO __PUTB1SN
                 	LDD  R26,Y+@0
                 	LDD  R27,Y+@0+1
                 	SUBI R26,LOW(-@1)
                 	SBCI R27,HIGH(-@1)
                 	ST   X,R30
                 	.ENDM
                 
                 	.MACRO __PUTW1SN
                 	LDD  R26,Y+@0
                 	LDD  R27,Y+@0+1
                 	SUBI R26,LOW(-@1)
                 	SBCI R27,HIGH(-@1)
                 	ST   X+,R30
                 	ST   X,R31
                 	.ENDM
                 
                 	.MACRO __PUTD1SN
                 	LDD  R26,Y+@0
                 	LDD  R27,Y+@0+1
                 	SUBI R26,LOW(-@1)
                 	SBCI R27,HIGH(-@1)
                 	CALL __PUTDP1
                 	.ENDM
                 
                 	.MACRO __PUTB1SNS
                 	LDD  R26,Y+@0
                 	LDD  R27,Y+@0+1
                 	ADIW R26,@1
                 	ST   X,R30
                 	.ENDM
                 
                 	.MACRO __PUTW1SNS
                 	LDD  R26,Y+@0
                 	LDD  R27,Y+@0+1
                 	ADIW R26,@1
                 	ST   X+,R30
                 	ST   X,R31
                 	.ENDM
                 
                 	.MACRO __PUTD1SNS
                 	LDD  R26,Y+@0
                 	LDD  R27,Y+@0+1
                 	ADIW R26,@1
                 	CALL __PUTDP1
                 	.ENDM
                 
                 	.MACRO __PUTB1PMN
                 	LDS  R26,@0
                 	LDS  R27,@0+1
                 	SUBI R26,LOW(-@1)
                 	SBCI R27,HIGH(-@1)
                 	ST   X,R30
                 	.ENDM
                 
                 	.MACRO __PUTW1PMN
                 	LDS  R26,@0
                 	LDS  R27,@0+1
                 	SUBI R26,LOW(-@1)
                 	SBCI R27,HIGH(-@1)
                 	ST   X+,R30
                 	ST   X,R31
                 	.ENDM
                 
                 	.MACRO __PUTD1PMN
                 	LDS  R26,@0
                 	LDS  R27,@0+1
                 	SUBI R26,LOW(-@1)
                 	SBCI R27,HIGH(-@1)
                 	CALL __PUTDP1
                 	.ENDM
                 
                 	.MACRO __PUTB1PMNS
                 	LDS  R26,@0
                 	LDS  R27,@0+1
                 	ADIW R26,@1
                 	ST   X,R30
                 	.ENDM
                 
                 	.MACRO __PUTW1PMNS
                 	LDS  R26,@0
                 	LDS  R27,@0+1
                 	ADIW R26,@1
                 	ST   X+,R30
                 	ST   X,R31
                 	.ENDM
                 
                 	.MACRO __PUTD1PMNS
                 	LDS  R26,@0
                 	LDS  R27,@0+1
                 	ADIW R26,@1
                 	CALL __PUTDP1
                 	.ENDM
                 
                 	.MACRO __PUTB1RN
                 	MOVW R26,R@0
                 	SUBI R26,LOW(-@1)
                 	SBCI R27,HIGH(-@1)
                 	ST   X,R30
                 	.ENDM
                 
                 	.MACRO __PUTW1RN
                 	MOVW R26,R@0
                 	SUBI R26,LOW(-@1)
                 	SBCI R27,HIGH(-@1)
                 	ST   X+,R30
                 	ST   X,R31
                 	.ENDM
                 
                 	.MACRO __PUTD1RN
                 	MOVW R26,R@0
                 	SUBI R26,LOW(-@1)
                 	SBCI R27,HIGH(-@1)
                 	CALL __PUTDP1
                 	.ENDM
                 
                 	.MACRO __PUTB1RNS
                 	MOVW R26,R@0
                 	ADIW R26,@1
                 	ST   X,R30
                 	.ENDM
                 
                 	.MACRO __PUTW1RNS
                 	MOVW R26,R@0
                 	ADIW R26,@1
                 	ST   X+,R30
                 	ST   X,R31
                 	.ENDM
                 
                 	.MACRO __PUTD1RNS
                 	MOVW R26,R@0
                 	ADIW R26,@1
                 	CALL __PUTDP1
                 	.ENDM
                 
                 	.MACRO __PUTB1RON
                 	MOV  R26,R@0
                 	MOV  R27,R@1
                 	SUBI R26,LOW(-@2)
                 	SBCI R27,HIGH(-@2)
                 	ST   X,R30
                 	.ENDM
                 
                 	.MACRO __PUTW1RON
                 	MOV  R26,R@0
                 	MOV  R27,R@1
                 	SUBI R26,LOW(-@2)
                 	SBCI R27,HIGH(-@2)
                 	ST   X+,R30
                 	ST   X,R31
                 	.ENDM
                 
                 	.MACRO __PUTD1RON
                 	MOV  R26,R@0
                 	MOV  R27,R@1
                 	SUBI R26,LOW(-@2)
                 	SBCI R27,HIGH(-@2)
                 	CALL __PUTDP1
                 	.ENDM
                 
                 	.MACRO __PUTB1RONS
                 	MOV  R26,R@0
                 	MOV  R27,R@1
                 	ADIW R26,@2
                 	ST   X,R30
                 	.ENDM
                 
                 	.MACRO __PUTW1RONS
                 	MOV  R26,R@0
                 	MOV  R27,R@1
                 	ADIW R26,@2
                 	ST   X+,R30
                 	ST   X,R31
                 	.ENDM
                 
                 	.MACRO __PUTD1RONS
                 	MOV  R26,R@0
                 	MOV  R27,R@1
                 	ADIW R26,@2
                 	CALL __PUTDP1
                 	.ENDM
                 
                 
                 	.MACRO __GETB1SX
                 	MOVW R30,R28
                 	SUBI R30,LOW(-@0)
                 	SBCI R31,HIGH(-@0)
                 	LD   R30,Z
                 	.ENDM
                 
                 	.MACRO __GETB1HSX
                 	MOVW R30,R28
                 	SUBI R30,LOW(-@0)
                 	SBCI R31,HIGH(-@0)
                 	LD   R31,Z
                 	.ENDM
                 
                 	.MACRO __GETW1SX
                 	MOVW R30,R28
                 	SUBI R30,LOW(-@0)
                 	SBCI R31,HIGH(-@0)
                 	LD   R0,Z+
                 	LD   R31,Z
                 	MOV  R30,R0
                 	.ENDM
                 
                 	.MACRO __GETD1SX
                 	MOVW R30,R28
                 	SUBI R30,LOW(-@0)
                 	SBCI R31,HIGH(-@0)
                 	LD   R0,Z+
                 	LD   R1,Z+
                 	LD   R22,Z+
                 	LD   R23,Z
                 	MOVW R30,R0
                 	.ENDM
                 
                 	.MACRO __GETB2SX
                 	MOVW R26,R28
                 	SUBI R26,LOW(-@0)
                 	SBCI R27,HIGH(-@0)
                 	LD   R26,X
                 	.ENDM
                 
                 	.MACRO __GETW2SX
                 	MOVW R26,R28
                 	SUBI R26,LOW(-@0)
                 	SBCI R27,HIGH(-@0)
                 	LD   R0,X+
                 	LD   R27,X
                 	MOV  R26,R0
                 	.ENDM
                 
                 	.MACRO __GETD2SX
                 	MOVW R26,R28
                 	SUBI R26,LOW(-@0)
                 	SBCI R27,HIGH(-@0)
                 	LD   R0,X+
                 	LD   R1,X+
                 	LD   R24,X+
                 	LD   R25,X
                 	MOVW R26,R0
                 	.ENDM
                 
                 	.MACRO __GETBRSX
                 	MOVW R30,R28
                 	SUBI R30,LOW(-@1)
                 	SBCI R31,HIGH(-@1)
                 	LD   R@0,Z
                 	.ENDM
                 
                 	.MACRO __GETWRSX
                 	MOVW R30,R28
                 	SUBI R30,LOW(-@2)
                 	SBCI R31,HIGH(-@2)
                 	LD   R@0,Z+
                 	LD   R@1,Z
                 	.ENDM
                 
                 	.MACRO __GETBRSX2
                 	MOVW R26,R28
                 	SUBI R26,LOW(-@1)
                 	SBCI R27,HIGH(-@1)
                 	LD   R@0,X
                 	.ENDM
                 
                 	.MACRO __GETWRSX2
                 	MOVW R26,R28
                 	SUBI R26,LOW(-@2)
                 	SBCI R27,HIGH(-@2)
                 	LD   R@0,X+
                 	LD   R@1,X
                 	.ENDM
                 
                 	.MACRO __LSLW8SX
                 	MOVW R30,R28
                 	SUBI R30,LOW(-@0)
                 	SBCI R31,HIGH(-@0)
                 	LD   R31,Z
                 	CLR  R30
                 	.ENDM
                 
                 	.MACRO __PUTB1SX
                 	MOVW R26,R28
                 	SUBI R26,LOW(-@0)
                 	SBCI R27,HIGH(-@0)
                 	ST   X,R30
                 	.ENDM
                 
                 	.MACRO __PUTW1SX
                 	MOVW R26,R28
                 	SUBI R26,LOW(-@0)
                 	SBCI R27,HIGH(-@0)
                 	ST   X+,R30
                 	ST   X,R31
                 	.ENDM
                 
                 	.MACRO __PUTD1SX
                 	MOVW R26,R28
                 	SUBI R26,LOW(-@0)
                 	SBCI R27,HIGH(-@0)
                 	ST   X+,R30
                 	ST   X+,R31
                 	ST   X+,R22
                 	ST   X,R23
                 	.ENDM
                 
                 	.MACRO __CLRW1SX
                 	MOVW R26,R28
                 	SUBI R26,LOW(-@0)
                 	SBCI R27,HIGH(-@0)
                 	ST   X+,R30
                 	ST   X,R30
                 	.ENDM
                 
                 	.MACRO __CLRD1SX
                 	MOVW R26,R28
                 	SUBI R26,LOW(-@0)
                 	SBCI R27,HIGH(-@0)
                 	ST   X+,R30
                 	ST   X+,R30
                 	ST   X+,R30
                 	ST   X,R30
                 	.ENDM
                 
                 	.MACRO __PUTB2SX
                 	MOVW R30,R28
                 	SUBI R30,LOW(-@0)
                 	SBCI R31,HIGH(-@0)
                 	ST   Z,R26
                 	.ENDM
                 
                 	.MACRO __PUTW2SX
                 	MOVW R30,R28
                 	SUBI R30,LOW(-@0)
                 	SBCI R31,HIGH(-@0)
                 	ST   Z+,R26
                 	ST   Z,R27
                 	.ENDM
                 
                 	.MACRO __PUTD2SX
                 	MOVW R30,R28
                 	SUBI R30,LOW(-@0)
                 	SBCI R31,HIGH(-@0)
                 	ST   Z+,R26
                 	ST   Z+,R27
                 	ST   Z+,R24
                 	ST   Z,R25
                 	.ENDM
                 
                 	.MACRO __PUTBSRX
                 	MOVW R30,R28
                 	SUBI R30,LOW(-@1)
                 	SBCI R31,HIGH(-@1)
                 	ST   Z,R@0
                 	.ENDM
                 
                 	.MACRO __PUTWSRX
                 	MOVW R30,R28
                 	SUBI R30,LOW(-@2)
                 	SBCI R31,HIGH(-@2)
                 	ST   Z+,R@0
                 	ST   Z,R@1
                 	.ENDM
                 
                 	.MACRO __PUTB1SNX
                 	MOVW R26,R28
                 	SUBI R26,LOW(-@0)
                 	SBCI R27,HIGH(-@0)
                 	LD   R0,X+
                 	LD   R27,X
                 	MOV  R26,R0
                 	SUBI R26,LOW(-@1)
                 	SBCI R27,HIGH(-@1)
                 	ST   X,R30
                 	.ENDM
                 
                 	.MACRO __PUTW1SNX
                 	MOVW R26,R28
                 	SUBI R26,LOW(-@0)
                 	SBCI R27,HIGH(-@0)
                 	LD   R0,X+
                 	LD   R27,X
                 	MOV  R26,R0
                 	SUBI R26,LOW(-@1)
                 	SBCI R27,HIGH(-@1)
                 	ST   X+,R30
                 	ST   X,R31
                 	.ENDM
                 
                 	.MACRO __PUTD1SNX
                 	MOVW R26,R28
                 	SUBI R26,LOW(-@0)
                 	SBCI R27,HIGH(-@0)
                 	LD   R0,X+
                 	LD   R27,X
                 	MOV  R26,R0
                 	SUBI R26,LOW(-@1)
                 	SBCI R27,HIGH(-@1)
                 	ST   X+,R30
                 	ST   X+,R31
                 	ST   X+,R22
                 	ST   X,R23
                 	.ENDM
                 
                 	.MACRO __MULBRR
                 	MULS R@0,R@1
                 	MOVW R30,R0
                 	.ENDM
                 
                 	.MACRO __MULBRRU
                 	MUL  R@0,R@1
                 	MOVW R30,R0
                 	.ENDM
                 
                 	.MACRO __MULBRR0
                 	MULS R@0,R@1
                 	.ENDM
                 
                 	.MACRO __MULBRRU0
                 	MUL  R@0,R@1
                 	.ENDM
                 
                 	.MACRO __MULBNWRU
                 	LDI  R26,@2
                 	MUL  R26,R@0
                 	MOVW R30,R0
                 	MUL  R26,R@1
                 	ADD  R31,R0
                 	.ENDM
                 
                 ;NAME DEFINITIONS FOR GLOBAL VARIABLES ALLOCATED TO REGISTERS
                 	.DEF _TensHour=R5
                 	.DEF _OnesHour=R4
                 	.DEF _TensMin=R7
                 	.DEF _OnesMin=R6
                 	.DEF _TensSec=R9
                 	.DEF _OnesSec=R8
                 	.DEF _mSec=R11
                 	.DEF __lcd_x=R10
                 	.DEF __lcd_y=R13
                 	.DEF __lcd_maxx=R12
                 
                 	.CSEG
                 	.ORG 0x00
                 
                 ;START OF CODE MARKER
                 __START_OF_CODE:
                 
                 ;INTERRUPT VECTORS
000000 940c 0052 	JMP  __RESET
000002 940c 0000 	JMP  0x00
000004 940c 0000 	JMP  0x00
000006 940c 0000 	JMP  0x00
000008 940c 0000 	JMP  0x00
00000a 940c 0000 	JMP  0x00
00000c 940c 0000 	JMP  0x00
00000e 940c 007f 	JMP  _timer1_compa_isr
000010 940c 0000 	JMP  0x00
000012 940c 0000 	JMP  0x00
000014 940c 0000 	JMP  0x00
000016 940c 0000 	JMP  0x00
000018 940c 0000 	JMP  0x00
00001a 940c 0000 	JMP  0x00
00001c 940c 0000 	JMP  0x00
00001e 940c 0000 	JMP  0x00
000020 940c 0000 	JMP  0x00
000022 940c 0000 	JMP  0x00
000024 940c 0000 	JMP  0x00
000026 940c 0000 	JMP  0x00
000028 940c 0000 	JMP  0x00
                 
                 ;GLOBAL REGISTER VARIABLES INITIALIZATION
                 __REG_VARS:
00002a 3233
00002b 3538      	.DB  0x33,0x32,0x38,0x35
00002c 3030
00002d 3000      	.DB  0x30,0x30,0x0,0x30
                 
                 _0x0:
00002e 434c
00002f 2044
000030 6c43
000031 636f      	.DB  0x4C,0x43,0x44,0x20,0x43,0x6C,0x6F,0x63
000032 006b
000033 003a
000034 002e      	.DB  0x6B,0x0,0x3A,0x0,0x2E,0x0
                 _0x2000003:
000035 c080      	.DB  0x80,0xC0
                 _0x2020060:
\\Mac\Home\Desktop\Az rizpar\NikiNezakati_98522094_LAB6\code_vision\Debug\List\lab6.asm(1139): warning: .cseg .db misalignment - padding zero byte
000036 0001      	.DB  0x1
                 _0x2020000:
000037 4e2d
000038 4e41
000039 4900
00003a 464e      	.DB  0x2D,0x4E,0x41,0x4E,0x0,0x49,0x4E,0x46
\\Mac\Home\Desktop\Az rizpar\NikiNezakati_98522094_LAB6\code_vision\Debug\List\lab6.asm(1142): warning: .cseg .db misalignment - padding zero byte
00003b 0000      	.DB  0x0
                 
                 __GLOBAL_INI_TBL:
00003c 0008      	.DW  0x08
00003d 0004      	.DW  0x04
00003e 0054      	.DW  __REG_VARS*2
                 
00003f 000a      	.DW  0x0A
000040 0260      	.DW  _0xF
000041 005c      	.DW  _0x0*2
                 
000042 0002      	.DW  0x02
000043 026a      	.DW  _0xF+10
000044 0066      	.DW  _0x0*2+10
                 
000045 0002      	.DW  0x02
000046 026c      	.DW  _0xF+12
000047 0066      	.DW  _0x0*2+10
                 
000048 0002      	.DW  0x02
000049 026e      	.DW  _0xF+14
00004a 0068      	.DW  _0x0*2+12
                 
00004b 0002      	.DW  0x02
00004c 0270      	.DW  __base_y_G100
00004d 006a      	.DW  _0x2000003*2
                 
00004e 0001      	.DW  0x01
00004f 0274      	.DW  __seed_G101
000050 006c      	.DW  _0x2020060*2
                 
                 _0xFFFFFFFF:
000051 0000      	.DW  0
                 
                 #define __GLOBAL_INI_TBL_PRESENT 1
                 
                 __RESET:
000052 94f8      	CLI
000053 27ee      	CLR  R30
000054 bbec      	OUT  EECR,R30
                 
                 ;INTERRUPT VECTORS ARE PLACED
                 ;AT THE START OF FLASH
000055 e0f1      	LDI  R31,1
000056 bffb      	OUT  GICR,R31
000057 bfeb      	OUT  GICR,R30
000058 bfe5      	OUT  MCUCR,R30
                 
                 ;CLEAR R2-R14
000059 e08d      	LDI  R24,(14-2)+1
00005a e0a2      	LDI  R26,2
00005b 27bb      	CLR  R27
                 __CLEAR_REG:
00005c 93ed      	ST   X+,R30
00005d 958a      	DEC  R24
00005e f7e9      	BRNE __CLEAR_REG
                 
                 ;CLEAR SRAM
00005f e080      	LDI  R24,LOW(__CLEAR_SRAM_SIZE)
000060 e098      	LDI  R25,HIGH(__CLEAR_SRAM_SIZE)
000061 e6a0      	LDI  R26,__SRAM_START
                 __CLEAR_SRAM:
000062 93ed      	ST   X+,R30
000063 9701      	SBIW R24,1
000064 f7e9      	BRNE __CLEAR_SRAM
                 
                 ;GLOBAL VARIABLES INITIALIZATION
000065 e7e8      	LDI  R30,LOW(__GLOBAL_INI_TBL*2)
000066 e0f0      	LDI  R31,HIGH(__GLOBAL_INI_TBL*2)
                 __GLOBAL_INI_NEXT:
000067 9185      	LPM  R24,Z+
000068 9195      	LPM  R25,Z+
000069 9700      	SBIW R24,0
00006a f061      	BREQ __GLOBAL_INI_END
00006b 91a5      	LPM  R26,Z+
00006c 91b5      	LPM  R27,Z+
00006d 9005      	LPM  R0,Z+
00006e 9015      	LPM  R1,Z+
00006f 01bf      	MOVW R22,R30
000070 01f0      	MOVW R30,R0
                 __GLOBAL_INI_LOOP:
000071 9005      	LPM  R0,Z+
000072 920d      	ST   X+,R0
000073 9701      	SBIW R24,1
000074 f7e1      	BRNE __GLOBAL_INI_LOOP
000075 01fb      	MOVW R30,R22
000076 cff0      	RJMP __GLOBAL_INI_NEXT
                 __GLOBAL_INI_END:
                 
                 ;HARDWARE STACK POINTER INITIALIZATION
000077 e5ef      	LDI  R30,LOW(__SRAM_END-__HEAP_SIZE)
000078 bfed      	OUT  SPL,R30
000079 e0e8      	LDI  R30,HIGH(__SRAM_END-__HEAP_SIZE)
00007a bfee      	OUT  SPH,R30
                 
                 ;DATA STACK POINTER INITIALIZATION
00007b e6c0      	LDI  R28,LOW(__SRAM_START+__DSTACK_SIZE)
00007c e0d2      	LDI  R29,HIGH(__SRAM_START+__DSTACK_SIZE)
                 
00007d 940c 00c9 	JMP  _main
                 
                 	.ESEG
                 	.ORG 0
                 
                 	.DSEG
                 	.ORG 0x260
                 
                 	.CSEG
                 ;// Niki Nezakati - 98522094
                 ;
                 ;/*******************************************************
                 ;This program was created by the
                 ;CodeWizardAVR V3.12 Advanced
                 ;Automatic Program Generator
                 ;© Copyright 1998-2014 Pavel Haiduc, HP InfoTech s.r.l.
                 ;http://www.hpinfotech.com
                 ;
                 ;Project :  LAB 6
                 ;Version :
                 ;Date    : 4/8/2022
                 ;Author  : Niki Nezakati - 98522094
                 ;Company :
                 ;Comments:
                 ;
                 ;
                 ;Chip type               : ATmega32
                 ;Program type            : Application
                 ;AVR Core Clock frequency: 8.000000 MHz
                 ;Memory model            : Small
                 ;External RAM size       : 0
                 ;Data Stack size         : 512
                 ;*******************************************************/
                 ;
                 ;#include <mega32.h>
                 	#ifndef __SLEEP_DEFINED__
                 	#define __SLEEP_DEFINED__
                 	.EQU __se_bit=0x80
                 	.EQU __sm_mask=0x70
                 	.EQU __sm_powerdown=0x20
                 	.EQU __sm_powersave=0x30
                 	.EQU __sm_standby=0x60
                 	.EQU __sm_ext_standby=0x70
                 	.EQU __sm_adc_noise_red=0x10
                 	.SET power_ctrl_reg=mcucr
                 	#endif
                 ;#include <alcd.h>
                 ;#include <stdlib.h>
                 ;#include <delay.h>
                 ;
                 ;// Alphanumeric LCD functions
                 ;
                 ;
                 ;// Declare your global variables here
                 ;unsigned char TensHour = 50;
                 ;unsigned char OnesHour = 51;
                 ;unsigned char TensMin = 53;
                 ;unsigned char OnesMin = 56;
                 ;unsigned char TensSec = 48;
                 ;unsigned char OnesSec = 48;
                 ;unsigned char mSec = 48;
                 ;
                 ;
                 ;// Timer1 output compare A interrupt service routine
                 ;interrupt [TIM1_COMPA] void timer1_compa_isr(void)
                 ; 0000 002E {
                 
                 	.CSEG
                 _timer1_compa_isr:
                 ; .FSTART _timer1_compa_isr
00007f 93ea      	ST   -Y,R30
000080 b7ef      	IN   R30,SREG
000081 93ea      	ST   -Y,R30
                 ; 0000 002F // Place your code here
                 ; 0000 0030     mSec++;
000082 94b3      	INC  R11
                 ; 0000 0031 
                 ; 0000 0032     if (mSec == 58)
000083 e3ea      	LDI  R30,LOW(58)
000084 15eb      	CP   R30,R11
000085 f581      	BRNE _0x3
                 ; 0000 0033     {
                 ; 0000 0034         mSec = 48;
000086 e3e0      	LDI  R30,LOW(48)
000087 2ebe      	MOV  R11,R30
                 ; 0000 0035         OnesSec++;
000088 9483      	INC  R8
                 ; 0000 0036 
                 ; 0000 0037         if (OnesSec == 58)
000089 e3ea      	LDI  R30,LOW(58)
00008a 15e8      	CP   R30,R8
00008b f551      	BRNE _0x4
                 ; 0000 0038         {
                 ; 0000 0039             OnesSec = 48;
00008c e3e0      	LDI  R30,LOW(48)
00008d 2e8e      	MOV  R8,R30
                 ; 0000 003A             TensSec++;
00008e 9493      	INC  R9
                 ; 0000 003B 
                 ; 0000 003C             if (TensSec == 54)
00008f e3e6      	LDI  R30,LOW(54)
000090 15e9      	CP   R30,R9
000091 f521      	BRNE _0x5
                 ; 0000 003D             {
                 ; 0000 003E                 TensSec = 48;
000092 e3e0      	LDI  R30,LOW(48)
000093 2e9e      	MOV  R9,R30
                 ; 0000 003F                 OnesMin++;
000094 9463      	INC  R6
                 ; 0000 0040 
                 ; 0000 0041                 if (OnesMin == 58)
000095 e3ea      	LDI  R30,LOW(58)
000096 15e6      	CP   R30,R6
000097 f4f1      	BRNE _0x6
                 ; 0000 0042                 {
                 ; 0000 0043                     OnesMin = 48;
000098 e3e0      	LDI  R30,LOW(48)
000099 2e6e      	MOV  R6,R30
                 ; 0000 0044                     TensMin++;
00009a 9473      	INC  R7
                 ; 0000 0045 
                 ; 0000 0046                     if (TensMin == 54)
00009b e3e6      	LDI  R30,LOW(54)
00009c 15e7      	CP   R30,R7
00009d f4c1      	BRNE _0x7
                 ; 0000 0047                     {
                 ; 0000 0048                         TensMin = 48;
00009e e3e0      	LDI  R30,LOW(48)
00009f 2e7e      	MOV  R7,R30
                 ; 0000 0049                         OnesHour++;
0000a0 9443      	INC  R4
                 ; 0000 004A 
                 ; 0000 004B                         if ((TensHour == 50) && (OnesHour == 52))
0000a1 e3e2      	LDI  R30,LOW(50)
0000a2 15e5      	CP   R30,R5
0000a3 f419      	BRNE _0x9
0000a4 e3e4      	LDI  R30,LOW(52)
0000a5 15e4      	CP   R30,R4
0000a6 f009      	BREQ _0xA
                 _0x9:
0000a7 c008      	RJMP _0x8
                 _0xA:
                 ; 0000 004C                         {
                 ; 0000 004D                             TensHour = 48;
0000a8 e3e0      	LDI  R30,LOW(48)
0000a9 2e5e      	MOV  R5,R30
                 ; 0000 004E                             OnesHour = 48;
0000aa 2e4e      	MOV  R4,R30
                 ; 0000 004F                             TensMin = 48;
0000ab 2e7e      	MOV  R7,R30
                 ; 0000 0050                             OnesMin = 48;
0000ac 2e6e      	MOV  R6,R30
                 ; 0000 0051                             TensSec = 48;
0000ad 2e9e      	MOV  R9,R30
                 ; 0000 0052                             OnesSec = 48;
0000ae 2e8e      	MOV  R8,R30
                 ; 0000 0053                             return;
0000af c006      	RJMP _0x11
                 ; 0000 0054                         }
                 ; 0000 0055                         if (OnesHour == 58)
                 _0x8:
0000b0 e3ea      	LDI  R30,LOW(58)
0000b1 15e4      	CP   R30,R4
0000b2 f419      	BRNE _0xB
                 ; 0000 0056                         {
                 ; 0000 0057                             OnesHour = 48;
0000b3 e3e0      	LDI  R30,LOW(48)
0000b4 2e4e      	MOV  R4,R30
                 ; 0000 0058                             TensHour++;
0000b5 9453      	INC  R5
                 ; 0000 0059                         }
                 ; 0000 005A                     }
                 _0xB:
                 ; 0000 005B                 }
                 _0x7:
                 ; 0000 005C             }
                 _0x6:
                 ; 0000 005D         }
                 _0x5:
                 ; 0000 005E     }
                 _0x4:
                 ; 0000 005F }
                 _0x3:
                 _0x11:
0000b6 91e9      	LD   R30,Y+
0000b7 bfef      	OUT  SREG,R30
0000b8 91e9      	LD   R30,Y+
0000b9 9518      	RETI
                 ; .FEND
                 ;
                 ;void put_char(int x, int y, int z)
                 ; 0000 0062 {
                 _put_char:
                 ; .FSTART _put_char
                 ; 0000 0063     lcd_gotoxy(z,1);
0000ba 93ba      	ST   -Y,R27
0000bb 93aa      	ST   -Y,R26
                 ;	x -> Y+4
                 ;	y -> Y+2
                 ;	z -> Y+0
0000bc 81e8      	LD   R30,Y
0000bd 940e 01ca 	CALL SUBOPT_0x0
                 ; 0000 0064     lcd_putchar(x);
0000bf 81ac      	LDD  R26,Y+4
0000c0 d0b5      	RCALL _lcd_putchar
                 ; 0000 0065     lcd_gotoxy(z + 1,1);
0000c1 81e8      	LD   R30,Y
0000c2 5fef      	SUBI R30,-LOW(1)
0000c3 940e 01ca 	CALL SUBOPT_0x0
                 ; 0000 0066     lcd_putchar(y);
0000c5 81aa      	LDD  R26,Y+2
0000c6 d0af      	RCALL _lcd_putchar
                 ; 0000 0067 }
0000c7 9626      	ADIW R28,6
0000c8 9508      	RET
                 ; .FEND
                 ;
                 ;
                 ;void main(void)
                 ; 0000 006B {
                 _main:
                 ; .FSTART _main
                 ; 0000 006C // Declare your local variables here
                 ; 0000 006D 
                 ; 0000 006E // Input/Output Ports initialization
                 ; 0000 006F // Port A initialization
                 ; 0000 0070 // Function: Bit7=In Bit6=In Bit5=In Bit4=In Bit3=In Bit2=In Bit1=In Bit0=In
                 ; 0000 0071 DDRA=(0<<DDA7) | (0<<DDA6) | (0<<DDA5) | (0<<DDA4) | (0<<DDA3) | (0<<DDA2) | (0<<DDA1) | (0<<DDA0);
0000c9 e0e0      	LDI  R30,LOW(0)
0000ca bbea      	OUT  0x1A,R30
                 ; 0000 0072 // State: Bit7=T Bit6=T Bit5=T Bit4=T Bit3=T Bit2=T Bit1=T Bit0=T
                 ; 0000 0073 PORTA=(0<<PORTA7) | (0<<PORTA6) | (0<<PORTA5) | (0<<PORTA4) | (0<<PORTA3) | (0<<PORTA2) | (0<<PORTA1) | (0<<PORTA0);
0000cb bbeb      	OUT  0x1B,R30
                 ; 0000 0074 
                 ; 0000 0075 // Port B initialization
                 ; 0000 0076 // Function: Bit7=In Bit6=In Bit5=In Bit4=In Bit3=In Bit2=In Bit1=In Bit0=In
                 ; 0000 0077 DDRB=(0<<DDB7) | (0<<DDB6) | (0<<DDB5) | (0<<DDB4) | (0<<DDB3) | (0<<DDB2) | (0<<DDB1) | (0<<DDB0);
0000cc bbe7      	OUT  0x17,R30
                 ; 0000 0078 // State: Bit7=T Bit6=T Bit5=T Bit4=T Bit3=T Bit2=T Bit1=T Bit0=T
                 ; 0000 0079 PORTB=(0<<PORTB7) | (0<<PORTB6) | (0<<PORTB5) | (0<<PORTB4) | (0<<PORTB3) | (0<<PORTB2) | (0<<PORTB1) | (0<<PORTB0);
0000cd bbe8      	OUT  0x18,R30
                 ; 0000 007A 
                 ; 0000 007B // Port C initialization
                 ; 0000 007C // Function: Bit7=In Bit6=In Bit5=In Bit4=In Bit3=In Bit2=In Bit1=In Bit0=In
                 ; 0000 007D DDRC=(0<<DDC7) | (0<<DDC6) | (0<<DDC5) | (0<<DDC4) | (0<<DDC3) | (0<<DDC2) | (0<<DDC1) | (0<<DDC0);
0000ce bbe4      	OUT  0x14,R30
                 ; 0000 007E // State: Bit7=T Bit6=T Bit5=T Bit4=T Bit3=T Bit2=T Bit1=T Bit0=T
                 ; 0000 007F PORTC=(0<<PORTC7) | (0<<PORTC6) | (0<<PORTC5) | (0<<PORTC4) | (0<<PORTC3) | (0<<PORTC2) | (0<<PORTC1) | (0<<PORTC0);
0000cf bbe5      	OUT  0x15,R30
                 ; 0000 0080 
                 ; 0000 0081 // Port D initialization
                 ; 0000 0082 // Function: Bit7=In Bit6=In Bit5=In Bit4=In Bit3=In Bit2=In Bit1=In Bit0=In
                 ; 0000 0083 DDRD=(0<<DDD7) | (0<<DDD6) | (0<<DDD5) | (0<<DDD4) | (0<<DDD3) | (0<<DDD2) | (0<<DDD1) | (0<<DDD0);
0000d0 bbe1      	OUT  0x11,R30
                 ; 0000 0084 // State: Bit7=T Bit6=T Bit5=T Bit4=T Bit3=T Bit2=T Bit1=T Bit0=T
                 ; 0000 0085 PORTD=(0<<PORTD7) | (0<<PORTD6) | (0<<PORTD5) | (0<<PORTD4) | (0<<PORTD3) | (0<<PORTD2) | (0<<PORTD1) | (0<<PORTD0);
0000d1 bbe2      	OUT  0x12,R30
                 ; 0000 0086 
                 ; 0000 0087 // Timer/Counter 0 initialization
                 ; 0000 0088 // Clock source: System Clock
                 ; 0000 0089 // Clock value: Timer 0 Stopped
                 ; 0000 008A // Mode: Normal top=0xFF
                 ; 0000 008B // OC0 output: Disconnected
                 ; 0000 008C TCCR0=(0<<WGM00) | (0<<COM01) | (0<<COM00) | (0<<WGM01) | (0<<CS02) | (0<<CS01) | (0<<CS00);
0000d2 bfe3      	OUT  0x33,R30
                 ; 0000 008D TCNT0=0x00;
0000d3 bfe2      	OUT  0x32,R30
                 ; 0000 008E OCR0=0x00;
0000d4 bfec      	OUT  0x3C,R30
                 ; 0000 008F 
                 ; 0000 0090 // Timer/Counter 1 initialization
                 ; 0000 0091 // Clock source: System Clock
                 ; 0000 0092 // Clock value: 31.250 kHz
                 ; 0000 0093 // Mode: CTC top=OCR1A
                 ; 0000 0094 // OC1A output: Disconnected
                 ; 0000 0095 // OC1B output: Disconnected
                 ; 0000 0096 // Noise Canceler: Off
                 ; 0000 0097 // Input Capture on Falling Edge
                 ; 0000 0098 // Timer Period: 0.10003 s
                 ; 0000 0099 // Timer1 Overflow Interrupt: Off
                 ; 0000 009A // Input Capture Interrupt: Off
                 ; 0000 009B // Compare A Match Interrupt: On
                 ; 0000 009C // Compare B Match Interrupt: Off
                 ; 0000 009D TCCR1A=(0<<COM1A1) | (0<<COM1A0) | (0<<COM1B1) | (0<<COM1B0) | (0<<WGM11) | (0<<WGM10);
0000d5 bdef      	OUT  0x2F,R30
                 ; 0000 009E TCCR1B=(0<<ICNC1) | (0<<ICES1) | (0<<WGM13) | (1<<WGM12) | (1<<CS12) | (0<<CS11) | (0<<CS10);
0000d6 e0ec      	LDI  R30,LOW(12)
0000d7 bdee      	OUT  0x2E,R30
                 ; 0000 009F TCNT1H=0x00;
0000d8 e0e0      	LDI  R30,LOW(0)
0000d9 bded      	OUT  0x2D,R30
                 ; 0000 00A0 TCNT1L=0x00;
0000da bdec      	OUT  0x2C,R30
                 ; 0000 00A1 ICR1H=0x00;
0000db bde7      	OUT  0x27,R30
                 ; 0000 00A2 ICR1L=0x00;
0000dc bde6      	OUT  0x26,R30
                 ; 0000 00A3 OCR1AH=0x0C;
0000dd e0ec      	LDI  R30,LOW(12)
0000de bdeb      	OUT  0x2B,R30
                 ; 0000 00A4 OCR1AL=0x35;
0000df e3e5      	LDI  R30,LOW(53)
0000e0 bdea      	OUT  0x2A,R30
                 ; 0000 00A5 OCR1BH=0x00;
0000e1 e0e0      	LDI  R30,LOW(0)
0000e2 bde9      	OUT  0x29,R30
                 ; 0000 00A6 OCR1BL=0x00;
0000e3 bde8      	OUT  0x28,R30
                 ; 0000 00A7 
                 ; 0000 00A8 // Timer/Counter 2 initialization
                 ; 0000 00A9 // Clock source: System Clock
                 ; 0000 00AA // Clock value: Timer2 Stopped
                 ; 0000 00AB // Mode: Normal top=0xFF
                 ; 0000 00AC // OC2 output: Disconnected
                 ; 0000 00AD ASSR=0<<AS2;
0000e4 bde2      	OUT  0x22,R30
                 ; 0000 00AE TCCR2=(0<<PWM2) | (0<<COM21) | (0<<COM20) | (0<<CTC2) | (0<<CS22) | (0<<CS21) | (0<<CS20);
0000e5 bde5      	OUT  0x25,R30
                 ; 0000 00AF TCNT2=0x00;
0000e6 bde4      	OUT  0x24,R30
                 ; 0000 00B0 OCR2=0x00;
0000e7 bde3      	OUT  0x23,R30
                 ; 0000 00B1 
                 ; 0000 00B2 // Timer(s)/Counter(s) Interrupt(s) initialization
                 ; 0000 00B3 TIMSK=(0<<OCIE2) | (0<<TOIE2) | (0<<TICIE1) | (1<<OCIE1A) | (0<<OCIE1B) | (0<<TOIE1) | (0<<OCIE0) | (0<<TOIE0);
0000e8 e1e0      	LDI  R30,LOW(16)
0000e9 bfe9      	OUT  0x39,R30
                 ; 0000 00B4 
                 ; 0000 00B5 // External Interrupt(s) initialization
                 ; 0000 00B6 // INT0: Off
                 ; 0000 00B7 // INT1: Off
                 ; 0000 00B8 // INT2: Off
                 ; 0000 00B9 MCUCR=(0<<ISC11) | (0<<ISC10) | (0<<ISC01) | (0<<ISC00);
0000ea e0e0      	LDI  R30,LOW(0)
0000eb bfe5      	OUT  0x35,R30
                 ; 0000 00BA MCUCSR=(0<<ISC2);
0000ec bfe4      	OUT  0x34,R30
                 ; 0000 00BB 
                 ; 0000 00BC // USART initialization
                 ; 0000 00BD // USART disabled
                 ; 0000 00BE UCSRB=(0<<RXCIE) | (0<<TXCIE) | (0<<UDRIE) | (0<<RXEN) | (0<<TXEN) | (0<<UCSZ2) | (0<<RXB8) | (0<<TXB8);
0000ed b9ea      	OUT  0xA,R30
                 ; 0000 00BF 
                 ; 0000 00C0 // Analog Comparator initialization
                 ; 0000 00C1 // Analog Comparator: Off
                 ; 0000 00C2 // The Analog Comparator's positive input is
                 ; 0000 00C3 // connected to the AIN0 pin
                 ; 0000 00C4 // The Analog Comparator's negative input is
                 ; 0000 00C5 // connected to the AIN1 pin
                 ; 0000 00C6 ACSR=(1<<ACD) | (0<<ACBG) | (0<<ACO) | (0<<ACI) | (0<<ACIE) | (0<<ACIC) | (0<<ACIS1) | (0<<ACIS0);
0000ee e8e0      	LDI  R30,LOW(128)
0000ef b9e8      	OUT  0x8,R30
                 ; 0000 00C7 SFIOR=(0<<ACME);
0000f0 e0e0      	LDI  R30,LOW(0)
0000f1 bfe0      	OUT  0x30,R30
                 ; 0000 00C8 
                 ; 0000 00C9 // ADC initialization
                 ; 0000 00CA // ADC disabled
                 ; 0000 00CB ADCSRA=(0<<ADEN) | (0<<ADSC) | (0<<ADATE) | (0<<ADIF) | (0<<ADIE) | (0<<ADPS2) | (0<<ADPS1) | (0<<ADPS0);
0000f2 b9e6      	OUT  0x6,R30
                 ; 0000 00CC 
                 ; 0000 00CD // SPI initialization
                 ; 0000 00CE // SPI disabled
                 ; 0000 00CF SPCR=(0<<SPIE) | (0<<SPE) | (0<<DORD) | (0<<MSTR) | (0<<CPOL) | (0<<CPHA) | (0<<SPR1) | (0<<SPR0);
0000f3 b9ed      	OUT  0xD,R30
                 ; 0000 00D0 
                 ; 0000 00D1 // TWI initialization
                 ; 0000 00D2 // TWI disabled
                 ; 0000 00D3 TWCR=(0<<TWEA) | (0<<TWSTA) | (0<<TWSTO) | (0<<TWEN) | (0<<TWIE);
0000f4 bfe6      	OUT  0x36,R30
                 ; 0000 00D4 
                 ; 0000 00D5 // Alphanumeric LCD initialization
                 ; 0000 00D6 // Connections are specified in the
                 ; 0000 00D7 // Project|Configure|C Compiler|Libraries|Alphanumeric LCD menu:
                 ; 0000 00D8 // RS - PORTC Bit 0
                 ; 0000 00D9 // RD - PORTC Bit 1
                 ; 0000 00DA // EN - PORTC Bit 2
                 ; 0000 00DB // D4 - PORTC Bit 4
                 ; 0000 00DC // D5 - PORTC Bit 5
                 ; 0000 00DD // D6 - PORTC Bit 6
                 ; 0000 00DE // D7 - PORTC Bit 7
                 ; 0000 00DF // Characters/line: 16
                 ; 0000 00E0 lcd_init(16);
0000f5 e1a0      	LDI  R26,LOW(16)
0000f6 d0a5      	RCALL _lcd_init
                 ; 0000 00E1 
                 ; 0000 00E2 
                 ; 0000 00E3 // Global enable interrupts
                 ; 0000 00E4 #asm("sei")
0000f7 9478      	sei
                 ; 0000 00E5 
                 ; 0000 00E6 while (1)
                 _0xC:
                 ; 0000 00E7       {
                 ; 0000 00E8 
                 ; 0000 00E9         lcd_gotoxy(4,0);
0000f8 e0e4      	LDI  R30,LOW(4)
0000f9 93ea      	ST   -Y,R30
0000fa e0a0      	LDI  R26,LOW(0)
0000fb d061      	RCALL _lcd_gotoxy
                 ; 0000 00EA         lcd_puts("LCD Clock");
                +
0000fc e6a0     +LDI R26 , LOW ( _0xF + ( 0 ) )
0000fd e0b2     +LDI R27 , HIGH ( _0xF + ( 0 ) )
                 	__POINTW2MN _0xF,0
0000fe d08c      	RCALL _lcd_puts
                 ; 0000 00EB 
                 ; 0000 00EC         put_char(TensHour, OnesHour, 3);
0000ff 2de5      	MOV  R30,R5
000100 e0f0      	LDI  R31,0
000101 93fa      	ST   -Y,R31
000102 93ea      	ST   -Y,R30
000103 2de4      	MOV  R30,R4
000104 e0f0      	LDI  R31,0
000105 93fa      	ST   -Y,R31
000106 93ea      	ST   -Y,R30
000107 e0a3      	LDI  R26,LOW(3)
000108 e0b0      	LDI  R27,0
000109 dfb0      	RCALL _put_char
                 ; 0000 00ED         lcd_gotoxy(5,1);
00010a e0e5      	LDI  R30,LOW(5)
00010b 940e 01ca 	CALL SUBOPT_0x0
                 ; 0000 00EE         lcd_puts(":");
                +
00010d e6aa     +LDI R26 , LOW ( _0xF + ( 10 ) )
00010e e0b2     +LDI R27 , HIGH ( _0xF + ( 10 ) )
                 	__POINTW2MN _0xF,10
00010f d07b      	RCALL _lcd_puts
                 ; 0000 00EF 
                 ; 0000 00F0         put_char(TensMin, OnesMin, 6);
000110 2de7      	MOV  R30,R7
000111 e0f0      	LDI  R31,0
000112 93fa      	ST   -Y,R31
000113 93ea      	ST   -Y,R30
000114 2de6      	MOV  R30,R6
000115 e0f0      	LDI  R31,0
000116 93fa      	ST   -Y,R31
000117 93ea      	ST   -Y,R30
000118 e0a6      	LDI  R26,LOW(6)
000119 e0b0      	LDI  R27,0
00011a df9f      	RCALL _put_char
                 ; 0000 00F1         lcd_gotoxy(8,1);
00011b e0e8      	LDI  R30,LOW(8)
00011c 940e 01ca 	CALL SUBOPT_0x0
                 ; 0000 00F2         lcd_puts(":");
                +
00011e e6ac     +LDI R26 , LOW ( _0xF + ( 12 ) )
00011f e0b2     +LDI R27 , HIGH ( _0xF + ( 12 ) )
                 	__POINTW2MN _0xF,12
000120 d06a      	RCALL _lcd_puts
                 ; 0000 00F3 
                 ; 0000 00F4         put_char(TensSec, OnesSec, 9);
000121 2de9      	MOV  R30,R9
000122 e0f0      	LDI  R31,0
000123 93fa      	ST   -Y,R31
000124 93ea      	ST   -Y,R30
000125 2de8      	MOV  R30,R8
000126 e0f0      	LDI  R31,0
000127 93fa      	ST   -Y,R31
000128 93ea      	ST   -Y,R30
000129 e0a9      	LDI  R26,LOW(9)
00012a e0b0      	LDI  R27,0
00012b df8e      	RCALL _put_char
                 ; 0000 00F5         lcd_gotoxy(11,1);
00012c e0eb      	LDI  R30,LOW(11)
00012d 940e 01ca 	CALL SUBOPT_0x0
                 ; 0000 00F6         lcd_puts(".");
                +
00012f e6ae     +LDI R26 , LOW ( _0xF + ( 14 ) )
000130 e0b2     +LDI R27 , HIGH ( _0xF + ( 14 ) )
                 	__POINTW2MN _0xF,14
000131 d059      	RCALL _lcd_puts
                 ; 0000 00F7 
                 ; 0000 00F8         lcd_gotoxy(12,1);
000132 e0ec      	LDI  R30,LOW(12)
000133 940e 01ca 	CALL SUBOPT_0x0
                 ; 0000 00F9         lcd_putchar(mSec);
000135 2dab      	MOV  R26,R11
000136 d03f      	RCALL _lcd_putchar
                 ; 0000 00FA 
                 ; 0000 00FB         delay_ms(50);
000137 e3a2      	LDI  R26,LOW(50)
000138 e0b0      	LDI  R27,0
000139 940e 01dc 	CALL _delay_ms
                 ; 0000 00FC       }
00013b cfbc      	RJMP _0xC
                 ; 0000 00FD }
                 _0x10:
00013c cfff      	RJMP _0x10
                 ; .FEND
                 
                 	.DSEG
                 _0xF:
000260           	.BYTE 0x10
                 	#ifndef __SLEEP_DEFINED__
                 	#endif
                 
                 	.DSEG
                 
                 	.CSEG
                 __lcd_write_nibble_G100:
                 ; .FSTART __lcd_write_nibble_G100
00013d 93aa      	ST   -Y,R26
00013e b3e5      	IN   R30,0x15
00013f 70ef      	ANDI R30,LOW(0xF)
000140 2fae      	MOV  R26,R30
000141 81e8      	LD   R30,Y
000142 7fe0      	ANDI R30,LOW(0xF0)
000143 2bea      	OR   R30,R26
000144 bbe5      	OUT  0x15,R30
                +
000145 e08d     +LDI R24 , LOW ( 13 )
                +__DELAY_USB_LOOP :
000146 958a     +DEC R24
000147 f7f1     +BRNE __DELAY_USB_LOOP
                 	__DELAY_USB 13
000148 9aaa      	SBI  0x15,2
                +
000149 e08d     +LDI R24 , LOW ( 13 )
                +__DELAY_USB_LOOP :
00014a 958a     +DEC R24
00014b f7f1     +BRNE __DELAY_USB_LOOP
                 	__DELAY_USB 13
00014c 98aa      	CBI  0x15,2
                +
00014d e08d     +LDI R24 , LOW ( 13 )
                +__DELAY_USB_LOOP :
00014e 958a     +DEC R24
00014f f7f1     +BRNE __DELAY_USB_LOOP
                 	__DELAY_USB 13
000150 c077      	RJMP _0x20A0001
                 ; .FEND
                 __lcd_write_data:
                 ; .FSTART __lcd_write_data
000151 93aa      	ST   -Y,R26
000152 81a8      	LD   R26,Y
000153 dfe9      	RCALL __lcd_write_nibble_G100
000154 81e8          ld    r30,y
000155 95e2          swap  r30
000156 83e8          st    y,r30
000157 81a8      	LD   R26,Y
000158 dfe4      	RCALL __lcd_write_nibble_G100
                +
000159 e885     +LDI R24 , LOW ( 133 )
                +__DELAY_USB_LOOP :
00015a 958a     +DEC R24
00015b f7f1     +BRNE __DELAY_USB_LOOP
                 	__DELAY_USB 133
00015c c06b      	RJMP _0x20A0001
                 ; .FEND
                 _lcd_gotoxy:
                 ; .FSTART _lcd_gotoxy
00015d 93aa      	ST   -Y,R26
00015e 81e8      	LD   R30,Y
00015f e0f0      	LDI  R31,0
000160 59e0      	SUBI R30,LOW(-__base_y_G100)
000161 4ffd      	SBCI R31,HIGH(-__base_y_G100)
000162 81e0      	LD   R30,Z
000163 81a9      	LDD  R26,Y+1
000164 0fae      	ADD  R26,R30
000165 dfeb      	RCALL __lcd_write_data
000166 80a9      	LDD  R10,Y+1
000167 80d8      	LDD  R13,Y+0
000168 9622      	ADIW R28,2
000169 9508      	RET
                 ; .FEND
                 _lcd_clear:
                 ; .FSTART _lcd_clear
00016a e0a2      	LDI  R26,LOW(2)
00016b 940e 01ce 	CALL SUBOPT_0x1
00016d e0ac      	LDI  R26,LOW(12)
00016e dfe2      	RCALL __lcd_write_data
00016f e0a1      	LDI  R26,LOW(1)
000170 940e 01ce 	CALL SUBOPT_0x1
000172 e0e0      	LDI  R30,LOW(0)
000173 2ede      	MOV  R13,R30
000174 2eae      	MOV  R10,R30
000175 9508      	RET
                 ; .FEND
                 _lcd_putchar:
                 ; .FSTART _lcd_putchar
000176 93aa      	ST   -Y,R26
000177 81a8      	LD   R26,Y
000178 30aa      	CPI  R26,LOW(0xA)
000179 f011      	BREQ _0x2000005
00017a 14ac      	CP   R10,R12
00017b f048      	BRLO _0x2000004
                 _0x2000005:
00017c e0e0      	LDI  R30,LOW(0)
00017d 93ea      	ST   -Y,R30
00017e 94d3      	INC  R13
00017f 2dad      	MOV  R26,R13
000180 dfdc      	RCALL _lcd_gotoxy
000181 81a8      	LD   R26,Y
000182 30aa      	CPI  R26,LOW(0xA)
000183 f409      	BRNE _0x2000007
000184 c043      	RJMP _0x20A0001
                 _0x2000007:
                 _0x2000004:
000185 94a3      	INC  R10
000186 9aa8      	SBI  0x15,0
000187 81a8      	LD   R26,Y
000188 dfc8      	RCALL __lcd_write_data
000189 98a8      	CBI  0x15,0
00018a c03d      	RJMP _0x20A0001
                 ; .FEND
                 _lcd_puts:
                 ; .FSTART _lcd_puts
00018b 93ba      	ST   -Y,R27
00018c 93aa      	ST   -Y,R26
00018d 931a      	ST   -Y,R17
                 _0x2000008:
00018e 81a9      	LDD  R26,Y+1
00018f 81ba      	LDD  R27,Y+1+1
000190 91ed      	LD   R30,X+
000191 83a9      	STD  Y+1,R26
000192 83ba      	STD  Y+1+1,R27
000193 2f1e      	MOV  R17,R30
000194 30e0      	CPI  R30,0
000195 f019      	BREQ _0x200000A
000196 2fa1      	MOV  R26,R17
000197 dfde      	RCALL _lcd_putchar
000198 cff5      	RJMP _0x2000008
                 _0x200000A:
000199 8118      	LDD  R17,Y+0
00019a 9623      	ADIW R28,3
00019b 9508      	RET
                 ; .FEND
                 _lcd_init:
                 ; .FSTART _lcd_init
00019c 93aa      	ST   -Y,R26
00019d b3e4      	IN   R30,0x14
00019e 6fe0      	ORI  R30,LOW(0xF0)
00019f bbe4      	OUT  0x14,R30
0001a0 9aa2      	SBI  0x14,2
0001a1 9aa0      	SBI  0x14,0
0001a2 9aa1      	SBI  0x14,1
0001a3 98aa      	CBI  0x15,2
0001a4 98a8      	CBI  0x15,0
0001a5 98a9      	CBI  0x15,1
0001a6 80c8      	LDD  R12,Y+0
0001a7 81e8      	LD   R30,Y
0001a8 58e0      	SUBI R30,-LOW(128)
                +
0001a9 93e0 0272+STS __base_y_G100 + ( 2 ) , R30
                 	__PUTB1MN __base_y_G100,2
0001ab 81e8      	LD   R30,Y
0001ac 54e0      	SUBI R30,-LOW(192)
                +
0001ad 93e0 0273+STS __base_y_G100 + ( 3 ) , R30
                 	__PUTB1MN __base_y_G100,3
0001af e1a4      	LDI  R26,LOW(20)
0001b0 e0b0      	LDI  R27,0
0001b1 940e 01dc 	CALL _delay_ms
0001b3 940e 01d4 	CALL SUBOPT_0x2
0001b5 940e 01d4 	CALL SUBOPT_0x2
0001b7 940e 01d4 	CALL SUBOPT_0x2
0001b9 e2a0      	LDI  R26,LOW(32)
0001ba df82      	RCALL __lcd_write_nibble_G100
                +
0001bb ec88     +LDI R24 , LOW ( 200 )
0001bc e090     +LDI R25 , HIGH ( 200 )
                +__DELAY_USW_LOOP :
0001bd 9701     +SBIW R24 , 1
0001be f7f1     +BRNE __DELAY_USW_LOOP
                 	__DELAY_USW 200
0001bf e2a8      	LDI  R26,LOW(40)
0001c0 df90      	RCALL __lcd_write_data
0001c1 e0a4      	LDI  R26,LOW(4)
0001c2 df8e      	RCALL __lcd_write_data
0001c3 e8a5      	LDI  R26,LOW(133)
0001c4 df8c      	RCALL __lcd_write_data
0001c5 e0a6      	LDI  R26,LOW(6)
0001c6 df8a      	RCALL __lcd_write_data
0001c7 dfa2      	RCALL _lcd_clear
                 _0x20A0001:
0001c8 9621      	ADIW R28,1
0001c9 9508      	RET
                 ; .FEND
                 
                 	.CSEG
                 
                 	.DSEG
                 
                 	.CSEG
                 
                 	.CSEG
                 
                 	.CSEG
                 
                 	.CSEG
                 
                 	.DSEG
                 __base_y_G100:
000270           	.BYTE 0x4
                 __seed_G101:
000274           	.BYTE 0x4
                 
                 	.CSEG
                 ;OPTIMIZER ADDED SUBROUTINE, CALLED 6 TIMES, CODE SIZE REDUCTION:7 WORDS
                 SUBOPT_0x0:
0001ca 93ea      	ST   -Y,R30
0001cb e0a1      	LDI  R26,LOW(1)
0001cc 940c 015d 	JMP  _lcd_gotoxy
                 
                 ;OPTIMIZER ADDED SUBROUTINE, CALLED 2 TIMES, CODE SIZE REDUCTION:1 WORDS
                 SUBOPT_0x1:
0001ce 940e 0151 	CALL __lcd_write_data
0001d0 e0a3      	LDI  R26,LOW(3)
0001d1 e0b0      	LDI  R27,0
0001d2 940c 01dc 	JMP  _delay_ms
                 
                 ;OPTIMIZER ADDED SUBROUTINE, CALLED 3 TIMES, CODE SIZE REDUCTION:7 WORDS
                 SUBOPT_0x2:
0001d4 e3a0      	LDI  R26,LOW(48)
0001d5 940e 013d 	CALL __lcd_write_nibble_G100
                +
0001d7 ec88     +LDI R24 , LOW ( 200 )
0001d8 e090     +LDI R25 , HIGH ( 200 )
                +__DELAY_USW_LOOP :
0001d9 9701     +SBIW R24 , 1
0001da f7f1     +BRNE __DELAY_USW_LOOP
                 	__DELAY_USW 200
0001db 9508      	RET
                 
                 
                 	.CSEG
                 _delay_ms:
0001dc 9610      	adiw r26,0
0001dd f039      	breq __delay_ms1
                 __delay_ms0:
                +
0001de ed80     +LDI R24 , LOW ( 0x7D0 )
0001df e097     +LDI R25 , HIGH ( 0x7D0 )
                +__DELAY_USW_LOOP :
0001e0 9701     +SBIW R24 , 1
0001e1 f7f1     +BRNE __DELAY_USW_LOOP
                 	__DELAY_USW 0x7D0
0001e2 95a8      	wdr
0001e3 9711      	sbiw r26,1
0001e4 f7c9      	brne __delay_ms0
                 __delay_ms1:
0001e5 9508      	ret
                 
                 ;END OF CODE MARKER
                 __END_OF_CODE:


RESOURCE USE INFORMATION
------------------------

Notice:
The register and instruction counts are symbol table hit counts,
and hence implicitly used resources are not counted, eg, the
'lpm' instruction without operands implicitly uses r0 and z,
none of which are counted.

x,y,z are separate entities in the symbol table and are
counted separately from r26..r31 here.

.dseg memory usage only counts static data declared with .byte

ATmega32 register use summary:
r0 :   4 r1 :   1 r2 :   0 r3 :   0 r4 :   6 r5 :   4 r6 :   5 r7 :   5 
r8 :   5 r9 :   5 r10:   4 r11:   4 r12:   2 r13:   4 r14:   0 r15:   0 
r16:   0 r17:   4 r18:   0 r19:   0 r20:   0 r21:   0 r22:   2 r23:   0 
r24:  21 r25:   5 r26:  52 r27:  16 r28:   5 r29:   1 r30: 152 r31:  17 
x  :   4 y  :  53 z  :   8 
Registers used: 25 out of 35 (71.4%)

ATmega32 instruction use summary:
.lds  :   0 .lds.l:   0 .sts  :   0 .sts.l:   0 adc   :   0 add   :   1 
adiw  :   5 and   :   0 andi  :   2 asr   :   0 bclr  :   0 bld   :   0 
brbc  :   0 brbs  :   0 brcc  :   0 brcs  :   0 break :   0 breq  :   5 
brge  :   0 brhc  :   0 brhs  :   0 brid  :   0 brie  :   0 brlo  :   1 
brlt  :   0 brmi  :   0 brne  :  19 brpl  :   0 brsh  :   0 brtc  :   0 
brts  :   0 brvc  :   0 brvs  :   0 bset  :   0 bst   :   0 call  :  15 
cbi   :   5 cbr   :   0 clc   :   0 clh   :   0 cli   :   1 cln   :   0 
clr   :   2 cls   :   0 clt   :   0 clv   :   0 clz   :   0 com   :   0 
cp    :   9 cpc   :   0 cpi   :   3 cpse  :   0 dec   :   5 des   :   0 
eor   :   0 fmul  :   0 fmuls :   0 fmulsu:   0 icall :   0 ijmp  :   0 
in    :   3 inc   :   9 jmp   :  24 ld    :  16 ldd   :   9 ldi   :  93 
lds   :   0 lpm   :   7 lsl   :   0 lsr   :   0 mov   :  25 movw  :   3 
mul   :   0 muls  :   0 mulsu :   0 neg   :   0 nop   :   0 or    :   1 
ori   :   1 out   :  43 pop   :   0 push  :   0 rcall :  25 ret   :   7 
reti  :   1 rjmp  :  10 rol   :   0 ror   :   0 sbc   :   0 sbci  :   1 
sbi   :   5 sbic  :   0 sbis  :   0 sbiw  :   7 sbr   :   0 sbrc  :   0 
sbrs  :   0 sec   :   0 seh   :   0 sei   :   1 sen   :   0 ser   :   0 
ses   :   0 set   :   0 sev   :   0 sez   :   0 sleep :   0 spm   :   0 
st    :  31 std   :   2 sts   :   2 sub   :   0 subi  :   4 swap  :   1 
tst   :   0 wdr   :   1 
Instructions used: 39 out of 116 (33.6%)

ATmega32 memory use summary [bytes]:
Segment   Begin    End      Code   Data   Used    Size   Use%
---------------------------------------------------------------
[.cseg] 0x000000 0x0003cc    892     80    972   32768   3.0%
[.dseg] 0x000060 0x000278      0     24     24    2048   1.2%
[.eseg] 0x000000 0x000000      0      0      0    1024   0.0%

Assembly complete, 0 errors, 12 warnings
